-- The C compiler identification is GNU 11.4.0
-- The CXX compiler identification is GNU 11.4.0
-- Detecting C compiler ABI info
-- Detecting C compiler ABI info - done
-- Check for working C compiler: /usr/bin/cc - skipped
-- Detecting C compile features
-- Detecting C compile features - done
-- Detecting CXX compiler ABI info
-- Detecting CXX compiler ABI info - done
-- Check for working CXX compiler: /usr/bin/c++ - skipped
-- Detecting CXX compile features
-- Detecting CXX compile features - done
-- Found ament_cmake: 1.3.11 (/opt/ros/humble/share/ament_cmake/cmake)
-- Found Python3: /usr/bin/python3 (found version "3.10.12") found components: Interpreter 
-- Override CMake install command with custom implementation using symlinks instead of copying resources
-- Found ament_lint_auto: 0.12.12 (/opt/ros/humble/share/ament_lint_auto/cmake)
-- Added test 'cppcheck' to perform static code analysis on C / C++ code
-- Configured cppcheck include dirs: 
-- Configured cppcheck exclude dirs and/or files: 
-- Added test 'flake8' to check Python code syntax and style conventions
-- Added test 'lint_cmake' to check CMake code style
-- Added test 'pep257' to check Python code against some of the docstring style conventions in PEP 257
-- Added test 'uncrustify' to check C / C++ code style
-- Configured uncrustify additional arguments: 
-- Added test 'xmllint' to check XML markup files
-- Configuring done
-- Generating done
-- Build files have been written to: /home/superfunnyshark/ros2_ws/src/my_first_pkg/build/my_first_pkg
Built target ament_cmake_python_symlink_my_first_pkg
running egg_info
creating my_first_pkg.egg-info
writing my_first_pkg.egg-info/PKG-INFO
writing dependency_links to my_first_pkg.egg-info/dependency_links.txt
writing top-level names to my_first_pkg.egg-info/top_level.txt
writing manifest file 'my_first_pkg.egg-info/SOURCES.txt'
reading manifest file 'my_first_pkg.egg-info/SOURCES.txt'
writing manifest file 'my_first_pkg.egg-info/SOURCES.txt'
Built target ament_cmake_python_build_my_first_pkg_egg
-- Install configuration: ""
-- Execute custom install script
-- Symlinking: /home/superfunnyshark/ros2_ws/src/my_first_pkg/install/my_first_pkg/share/my_first_pkg/environment/pythonpath.sh
-- Symlinking: /home/superfunnyshark/ros2_ws/src/my_first_pkg/install/my_first_pkg/share/my_first_pkg/environment/pythonpath.dsv
-- Symlinking: /home/superfunnyshark/ros2_ws/src/my_first_pkg/install/my_first_pkg/local/lib/python3.10/dist-packages/my_first_pkg-0.0.0-py3.10.egg-info/PKG-INFO
-- Symlinking: /home/superfunnyshark/ros2_ws/src/my_first_pkg/install/my_first_pkg/local/lib/python3.10/dist-packages/my_first_pkg-0.0.0-py3.10.egg-info/SOURCES.txt
-- Symlinking: /home/superfunnyshark/ros2_ws/src/my_first_pkg/install/my_first_pkg/local/lib/python3.10/dist-packages/my_first_pkg-0.0.0-py3.10.egg-info/dependency_links.txt
-- Symlinking: /home/superfunnyshark/ros2_ws/src/my_first_pkg/install/my_first_pkg/local/lib/python3.10/dist-packages/my_first_pkg-0.0.0-py3.10.egg-info/top_level.txt
-- Symlinking: /home/superfunnyshark/ros2_ws/src/my_first_pkg/install/my_first_pkg/local/lib/python3.10/dist-packages/my_first_pkg/__init__.py
-- Symlinking: /home/superfunnyshark/ros2_ws/src/my_first_pkg/install/my_first_pkg/lib/my_first_pkg/my_first_node_1.py
-- Symlinking: /home/superfunnyshark/ros2_ws/src/my_first_pkg/install/my_first_pkg/lib/my_first_pkg/my_function.py
-- Symlinking: /home/superfunnyshark/ros2_ws/src/my_first_pkg/install/my_first_pkg/lib/my_first_pkg/talker.py
-- Symlinking: /home/superfunnyshark/ros2_ws/src/my_first_pkg/install/my_first_pkg/lib/my_first_pkg/listener.py
-- Symlinking: /home/superfunnyshark/ros2_ws/src/my_first_pkg/install/my_first_pkg/share/my_first_pkg//launch/launch_file.xml
-- Symlinking: /home/superfunnyshark/ros2_ws/src/my_first_pkg/install/my_first_pkg/share/ament_index/resource_index/package_run_dependencies/my_first_pkg
-- Symlinking: /home/superfunnyshark/ros2_ws/src/my_first_pkg/install/my_first_pkg/share/ament_index/resource_index/parent_prefix_path/my_first_pkg
-- Symlinking: /home/superfunnyshark/ros2_ws/src/my_first_pkg/install/my_first_pkg/share/my_first_pkg/environment/ament_prefix_path.sh
-- Symlinking: /home/superfunnyshark/ros2_ws/src/my_first_pkg/install/my_first_pkg/share/my_first_pkg/environment/ament_prefix_path.dsv
-- Symlinking: /home/superfunnyshark/ros2_ws/src/my_first_pkg/install/my_first_pkg/share/my_first_pkg/environment/path.sh
-- Symlinking: /home/superfunnyshark/ros2_ws/src/my_first_pkg/install/my_first_pkg/share/my_first_pkg/environment/path.dsv
-- Symlinking: /home/superfunnyshark/ros2_ws/src/my_first_pkg/install/my_first_pkg/share/my_first_pkg/local_setup.bash
-- Symlinking: /home/superfunnyshark/ros2_ws/src/my_first_pkg/install/my_first_pkg/share/my_first_pkg/local_setup.sh
-- Symlinking: /home/superfunnyshark/ros2_ws/src/my_first_pkg/install/my_first_pkg/share/my_first_pkg/local_setup.zsh
-- Symlinking: /home/superfunnyshark/ros2_ws/src/my_first_pkg/install/my_first_pkg/share/my_first_pkg/local_setup.dsv
-- Symlinking: /home/superfunnyshark/ros2_ws/src/my_first_pkg/install/my_first_pkg/share/my_first_pkg/package.dsv
-- Symlinking: /home/superfunnyshark/ros2_ws/src/my_first_pkg/install/my_first_pkg/share/ament_index/resource_index/packages/my_first_pkg
-- Symlinking: /home/superfunnyshark/ros2_ws/src/my_first_pkg/install/my_first_pkg/share/my_first_pkg/cmake/my_first_pkgConfig.cmake
-- Symlinking: /home/superfunnyshark/ros2_ws/src/my_first_pkg/install/my_first_pkg/share/my_first_pkg/cmake/my_first_pkgConfig-version.cmake
-- Symlinking: /home/superfunnyshark/ros2_ws/src/my_first_pkg/install/my_first_pkg/share/my_first_pkg/package.xml
Listing '/home/superfunnyshark/ros2_ws/src/my_first_pkg/install/my_first_pkg/local/lib/python3.10/dist-packages/my_first_pkg'...
Compiling '/home/superfunnyshark/ros2_ws/src/my_first_pkg/install/my_first_pkg/local/lib/python3.10/dist-packages/my_first_pkg/__init__.py'...
