[0.038s] Invoking command in '/home/superfunnyshark/ros2_ws/src/my_first_pkg/build/my_first_pkg': CMAKE_PREFIX_PATH=${CMAKE_PREFIX_PATH}:/opt/ros/humble /usr/bin/cmake /home/superfunnyshark/ros2_ws/src/my_first_pkg -DAMENT_CMAKE_SYMLINK_INSTALL=1 -DCMAKE_INSTALL_PREFIX=/home/superfunnyshark/ros2_ws/src/my_first_pkg/install/my_first_pkg
[0.211s] -- The C compiler identification is GNU 11.4.0
[0.371s] -- The CXX compiler identification is GNU 11.4.0
[0.409s] -- Detecting C compiler ABI info
[0.628s] -- Detecting C compiler ABI info - done
[0.639s] -- Check for working C compiler: /usr/bin/cc - skipped
[0.640s] -- Detecting C compile features
[0.640s] -- Detecting C compile features - done
[0.657s] -- Detecting CXX compiler ABI info
[0.899s] -- Detecting CXX compiler ABI info - done
[0.909s] -- Check for working CXX compiler: /usr/bin/c++ - skipped
[0.909s] -- Detecting CXX compile features
[0.919s] -- Detecting CXX compile features - done
[0.936s] -- Found ament_cmake: 1.3.11 (/opt/ros/humble/share/ament_cmake/cmake)
[1.159s] -- Found Python3: /usr/bin/python3 (found version "3.10.12") found components: Interpreter 
[1.249s] -- Override CMake install command with custom implementation using symlinks instead of copying resources
[1.459s] -- Found ament_lint_auto: 0.12.12 (/opt/ros/humble/share/ament_lint_auto/cmake)
[1.654s] -- Added test 'cppcheck' to perform static code analysis on C / C++ code
[1.654s] -- Configured cppcheck include dirs: 
[1.655s] -- Configured cppcheck exclude dirs and/or files: 
[1.661s] -- Added test 'flake8' to check Python code syntax and style conventions
[1.672s] -- Added test 'lint_cmake' to check CMake code style
[1.679s] -- Added test 'pep257' to check Python code against some of the docstring style conventions in PEP 257
[1.722s] -- Added test 'uncrustify' to check C / C++ code style
[1.722s] -- Configured uncrustify additional arguments: 
[1.729s] -- Added test 'xmllint' to check XML markup files
[1.748s] -- Configuring done
[1.797s] -- Generating done
[1.867s] -- Build files have been written to: /home/superfunnyshark/ros2_ws/src/my_first_pkg/build/my_first_pkg
[1.875s] Invoked command in '/home/superfunnyshark/ros2_ws/src/my_first_pkg/build/my_first_pkg' returned '0': CMAKE_PREFIX_PATH=${CMAKE_PREFIX_PATH}:/opt/ros/humble /usr/bin/cmake /home/superfunnyshark/ros2_ws/src/my_first_pkg -DAMENT_CMAKE_SYMLINK_INSTALL=1 -DCMAKE_INSTALL_PREFIX=/home/superfunnyshark/ros2_ws/src/my_first_pkg/install/my_first_pkg
[1.876s] Invoking command in '/home/superfunnyshark/ros2_ws/src/my_first_pkg/build/my_first_pkg': CMAKE_PREFIX_PATH=${CMAKE_PREFIX_PATH}:/opt/ros/humble /usr/bin/cmake --build /home/superfunnyshark/ros2_ws/src/my_first_pkg/build/my_first_pkg -- -j8 -l8
[2.033s] Built target ament_cmake_python_symlink_my_first_pkg
[2.396s] running egg_info
[2.397s] creating my_first_pkg.egg-info
[2.407s] writing my_first_pkg.egg-info/PKG-INFO
[2.408s] writing dependency_links to my_first_pkg.egg-info/dependency_links.txt
[2.409s] writing top-level names to my_first_pkg.egg-info/top_level.txt
[2.410s] writing manifest file 'my_first_pkg.egg-info/SOURCES.txt'
[2.413s] reading manifest file 'my_first_pkg.egg-info/SOURCES.txt'
[2.414s] writing manifest file 'my_first_pkg.egg-info/SOURCES.txt'
[2.449s] Built target ament_cmake_python_build_my_first_pkg_egg
[2.471s] Invoked command in '/home/superfunnyshark/ros2_ws/src/my_first_pkg/build/my_first_pkg' returned '0': CMAKE_PREFIX_PATH=${CMAKE_PREFIX_PATH}:/opt/ros/humble /usr/bin/cmake --build /home/superfunnyshark/ros2_ws/src/my_first_pkg/build/my_first_pkg -- -j8 -l8
[2.492s] Invoking command in '/home/superfunnyshark/ros2_ws/src/my_first_pkg/build/my_first_pkg': CMAKE_PREFIX_PATH=${CMAKE_PREFIX_PATH}:/opt/ros/humble /usr/bin/cmake --install /home/superfunnyshark/ros2_ws/src/my_first_pkg/build/my_first_pkg
[2.506s] -- Install configuration: ""
[2.507s] -- Execute custom install script
[2.518s] -- Symlinking: /home/superfunnyshark/ros2_ws/src/my_first_pkg/install/my_first_pkg/share/my_first_pkg/environment/pythonpath.sh
[2.541s] -- Symlinking: /home/superfunnyshark/ros2_ws/src/my_first_pkg/install/my_first_pkg/share/my_first_pkg/environment/pythonpath.dsv
[2.565s] -- Symlinking: /home/superfunnyshark/ros2_ws/src/my_first_pkg/install/my_first_pkg/local/lib/python3.10/dist-packages/my_first_pkg-0.0.0-py3.10.egg-info/PKG-INFO
[2.589s] -- Symlinking: /home/superfunnyshark/ros2_ws/src/my_first_pkg/install/my_first_pkg/local/lib/python3.10/dist-packages/my_first_pkg-0.0.0-py3.10.egg-info/SOURCES.txt
[2.613s] -- Symlinking: /home/superfunnyshark/ros2_ws/src/my_first_pkg/install/my_first_pkg/local/lib/python3.10/dist-packages/my_first_pkg-0.0.0-py3.10.egg-info/dependency_links.txt
[2.637s] -- Symlinking: /home/superfunnyshark/ros2_ws/src/my_first_pkg/install/my_first_pkg/local/lib/python3.10/dist-packages/my_first_pkg-0.0.0-py3.10.egg-info/top_level.txt
[2.659s] -- Symlinking: /home/superfunnyshark/ros2_ws/src/my_first_pkg/install/my_first_pkg/local/lib/python3.10/dist-packages/my_first_pkg/__init__.py
[2.682s] -- Symlinking: /home/superfunnyshark/ros2_ws/src/my_first_pkg/install/my_first_pkg/lib/my_first_pkg/my_first_node_1.py
[2.705s] -- Symlinking: /home/superfunnyshark/ros2_ws/src/my_first_pkg/install/my_first_pkg/lib/my_first_pkg/my_function.py
[2.729s] -- Symlinking: /home/superfunnyshark/ros2_ws/src/my_first_pkg/install/my_first_pkg/lib/my_first_pkg/talker.py
[2.751s] -- Symlinking: /home/superfunnyshark/ros2_ws/src/my_first_pkg/install/my_first_pkg/lib/my_first_pkg/listener.py
[2.774s] -- Symlinking: /home/superfunnyshark/ros2_ws/src/my_first_pkg/install/my_first_pkg/share/my_first_pkg//launch/launch_file.xml
[2.797s] -- Symlinking: /home/superfunnyshark/ros2_ws/src/my_first_pkg/install/my_first_pkg/share/ament_index/resource_index/package_run_dependencies/my_first_pkg
[2.830s] -- Symlinking: /home/superfunnyshark/ros2_ws/src/my_first_pkg/install/my_first_pkg/share/ament_index/resource_index/parent_prefix_path/my_first_pkg
[2.852s] -- Symlinking: /home/superfunnyshark/ros2_ws/src/my_first_pkg/install/my_first_pkg/share/my_first_pkg/environment/ament_prefix_path.sh
[2.876s] -- Symlinking: /home/superfunnyshark/ros2_ws/src/my_first_pkg/install/my_first_pkg/share/my_first_pkg/environment/ament_prefix_path.dsv
[2.900s] -- Symlinking: /home/superfunnyshark/ros2_ws/src/my_first_pkg/install/my_first_pkg/share/my_first_pkg/environment/path.sh
[2.922s] -- Symlinking: /home/superfunnyshark/ros2_ws/src/my_first_pkg/install/my_first_pkg/share/my_first_pkg/environment/path.dsv
[2.947s] -- Symlinking: /home/superfunnyshark/ros2_ws/src/my_first_pkg/install/my_first_pkg/share/my_first_pkg/local_setup.bash
[2.969s] -- Symlinking: /home/superfunnyshark/ros2_ws/src/my_first_pkg/install/my_first_pkg/share/my_first_pkg/local_setup.sh
[2.991s] -- Symlinking: /home/superfunnyshark/ros2_ws/src/my_first_pkg/install/my_first_pkg/share/my_first_pkg/local_setup.zsh
[3.013s] -- Symlinking: /home/superfunnyshark/ros2_ws/src/my_first_pkg/install/my_first_pkg/share/my_first_pkg/local_setup.dsv
[3.036s] -- Symlinking: /home/superfunnyshark/ros2_ws/src/my_first_pkg/install/my_first_pkg/share/my_first_pkg/package.dsv
[3.059s] -- Symlinking: /home/superfunnyshark/ros2_ws/src/my_first_pkg/install/my_first_pkg/share/ament_index/resource_index/packages/my_first_pkg
[3.082s] -- Symlinking: /home/superfunnyshark/ros2_ws/src/my_first_pkg/install/my_first_pkg/share/my_first_pkg/cmake/my_first_pkgConfig.cmake
[3.108s] -- Symlinking: /home/superfunnyshark/ros2_ws/src/my_first_pkg/install/my_first_pkg/share/my_first_pkg/cmake/my_first_pkgConfig-version.cmake
[3.133s] -- Symlinking: /home/superfunnyshark/ros2_ws/src/my_first_pkg/install/my_first_pkg/share/my_first_pkg/package.xml
[3.209s] Listing '/home/superfunnyshark/ros2_ws/src/my_first_pkg/install/my_first_pkg/local/lib/python3.10/dist-packages/my_first_pkg'...
[3.209s] Compiling '/home/superfunnyshark/ros2_ws/src/my_first_pkg/install/my_first_pkg/local/lib/python3.10/dist-packages/my_first_pkg/__init__.py'...
[3.218s] Invoked command in '/home/superfunnyshark/ros2_ws/src/my_first_pkg/build/my_first_pkg' returned '0': CMAKE_PREFIX_PATH=${CMAKE_PREFIX_PATH}:/opt/ros/humble /usr/bin/cmake --install /home/superfunnyshark/ros2_ws/src/my_first_pkg/build/my_first_pkg
