[0.040s] Invoking command in '/home/superfunnyshark/repository/ros2_ws/src/build/my_first_pkg': CMAKE_PREFIX_PATH=${CMAKE_PREFIX_PATH}:/opt/ros/humble /usr/bin/cmake --build /home/superfunnyshark/repository/ros2_ws/src/build/my_first_pkg -- -j8 -l8
[0.223s] Built target ament_cmake_python_symlink_my_first_pkg
[0.652s] running egg_info
[0.653s] writing my_first_pkg.egg-info/PKG-INFO
[0.653s] writing dependency_links to my_first_pkg.egg-info/dependency_links.txt
[0.654s] writing top-level names to my_first_pkg.egg-info/top_level.txt
[0.657s] reading manifest file 'my_first_pkg.egg-info/SOURCES.txt'
[0.658s] writing manifest file 'my_first_pkg.egg-info/SOURCES.txt'
[0.702s] Built target ament_cmake_python_build_my_first_pkg_egg
[0.753s] Invoked command in '/home/superfunnyshark/repository/ros2_ws/src/build/my_first_pkg' returned '0': CMAKE_PREFIX_PATH=${CMAKE_PREFIX_PATH}:/opt/ros/humble /usr/bin/cmake --build /home/superfunnyshark/repository/ros2_ws/src/build/my_first_pkg -- -j8 -l8
[0.756s] Invoking command in '/home/superfunnyshark/repository/ros2_ws/src/build/my_first_pkg': CMAKE_PREFIX_PATH=${CMAKE_PREFIX_PATH}:/opt/ros/humble /usr/bin/cmake --install /home/superfunnyshark/repository/ros2_ws/src/build/my_first_pkg
[0.774s] -- Install configuration: ""
[0.775s] -- Execute custom install script
[0.776s] -- Up-to-date symlink: /home/superfunnyshark/repository/ros2_ws/src/install/my_first_pkg/share/my_first_pkg/environment/pythonpath.sh
[0.776s] -- Up-to-date symlink: /home/superfunnyshark/repository/ros2_ws/src/install/my_first_pkg/share/my_first_pkg/environment/pythonpath.dsv
[0.777s] -- Up-to-date symlink: /home/superfunnyshark/repository/ros2_ws/src/install/my_first_pkg/local/lib/python3.10/dist-packages/my_first_pkg-0.0.0-py3.10.egg-info/PKG-INFO
[0.778s] -- Up-to-date symlink: /home/superfunnyshark/repository/ros2_ws/src/install/my_first_pkg/local/lib/python3.10/dist-packages/my_first_pkg-0.0.0-py3.10.egg-info/SOURCES.txt
[0.778s] -- Up-to-date symlink: /home/superfunnyshark/repository/ros2_ws/src/install/my_first_pkg/local/lib/python3.10/dist-packages/my_first_pkg-0.0.0-py3.10.egg-info/dependency_links.txt
[0.778s] -- Up-to-date symlink: /home/superfunnyshark/repository/ros2_ws/src/install/my_first_pkg/local/lib/python3.10/dist-packages/my_first_pkg-0.0.0-py3.10.egg-info/top_level.txt
[0.779s] -- Up-to-date symlink: /home/superfunnyshark/repository/ros2_ws/src/install/my_first_pkg/local/lib/python3.10/dist-packages/my_first_pkg/__init__.py
[0.779s] -- Up-to-date symlink: /home/superfunnyshark/repository/ros2_ws/src/install/my_first_pkg/lib/my_first_pkg/my_first_node_1.py
[0.780s] -- Up-to-date symlink: /home/superfunnyshark/repository/ros2_ws/src/install/my_first_pkg/lib/my_first_pkg/my_function.py
[0.780s] -- Up-to-date symlink: /home/superfunnyshark/repository/ros2_ws/src/install/my_first_pkg/lib/my_first_pkg/talker.py
[0.780s] -- Up-to-date symlink: /home/superfunnyshark/repository/ros2_ws/src/install/my_first_pkg/lib/my_first_pkg/listener.py
[0.781s] -- Up-to-date symlink: /home/superfunnyshark/repository/ros2_ws/src/install/my_first_pkg/share/my_first_pkg//launch/launch_file.xml
[0.781s] -- Up-to-date symlink: /home/superfunnyshark/repository/ros2_ws/src/install/my_first_pkg/share/ament_index/resource_index/package_run_dependencies/my_first_pkg
[0.782s] -- Up-to-date symlink: /home/superfunnyshark/repository/ros2_ws/src/install/my_first_pkg/share/ament_index/resource_index/parent_prefix_path/my_first_pkg
[0.782s] -- Up-to-date symlink: /home/superfunnyshark/repository/ros2_ws/src/install/my_first_pkg/share/my_first_pkg/environment/ament_prefix_path.sh
[0.783s] -- Up-to-date symlink: /home/superfunnyshark/repository/ros2_ws/src/install/my_first_pkg/share/my_first_pkg/environment/ament_prefix_path.dsv
[0.783s] -- Up-to-date symlink: /home/superfunnyshark/repository/ros2_ws/src/install/my_first_pkg/share/my_first_pkg/environment/path.sh
[0.783s] -- Up-to-date symlink: /home/superfunnyshark/repository/ros2_ws/src/install/my_first_pkg/share/my_first_pkg/environment/path.dsv
[0.784s] -- Up-to-date symlink: /home/superfunnyshark/repository/ros2_ws/src/install/my_first_pkg/share/my_first_pkg/local_setup.bash
[0.784s] -- Up-to-date symlink: /home/superfunnyshark/repository/ros2_ws/src/install/my_first_pkg/share/my_first_pkg/local_setup.sh
[0.785s] -- Up-to-date symlink: /home/superfunnyshark/repository/ros2_ws/src/install/my_first_pkg/share/my_first_pkg/local_setup.zsh
[0.785s] -- Up-to-date symlink: /home/superfunnyshark/repository/ros2_ws/src/install/my_first_pkg/share/my_first_pkg/local_setup.dsv
[0.785s] -- Symlinking: /home/superfunnyshark/repository/ros2_ws/src/install/my_first_pkg/share/my_first_pkg/package.dsv
[0.814s] -- Up-to-date symlink: /home/superfunnyshark/repository/ros2_ws/src/install/my_first_pkg/share/ament_index/resource_index/packages/my_first_pkg
[0.815s] -- Up-to-date symlink: /home/superfunnyshark/repository/ros2_ws/src/install/my_first_pkg/share/my_first_pkg/cmake/my_first_pkgConfig.cmake
[0.815s] -- Up-to-date symlink: /home/superfunnyshark/repository/ros2_ws/src/install/my_first_pkg/share/my_first_pkg/cmake/my_first_pkgConfig-version.cmake
[0.816s] -- Up-to-date symlink: /home/superfunnyshark/repository/ros2_ws/src/install/my_first_pkg/share/my_first_pkg/package.xml
[0.861s] Listing '/home/superfunnyshark/repository/ros2_ws/src/install/my_first_pkg/local/lib/python3.10/dist-packages/my_first_pkg'...
[0.891s] Invoked command in '/home/superfunnyshark/repository/ros2_ws/src/build/my_first_pkg' returned '0': CMAKE_PREFIX_PATH=${CMAKE_PREFIX_PATH}:/opt/ros/humble /usr/bin/cmake --install /home/superfunnyshark/repository/ros2_ws/src/build/my_first_pkg
