[0.176s] DEBUG:colcon:Command line arguments: ['/usr/bin/colcon', 'build', '--symlink-install']
[0.176s] DEBUG:colcon:Parsed command line arguments: Namespace(log_base=None, log_level=None, verb_name='build', build_base='build', install_base='install', merge_install=False, symlink_install=True, test_result_base=None, continue_on_error=False, executor='parallel', parallel_workers=8, event_handlers=None, ignore_user_meta=False, metas=['./colcon.meta'], base_paths=['.'], packages_ignore=None, packages_ignore_regex=None, paths=None, packages_up_to=None, packages_up_to_regex=None, packages_above=None, packages_above_and_dependencies=None, packages_above_depth=None, packages_select_by_dep=None, packages_skip_by_dep=None, packages_skip_up_to=None, packages_select_build_failed=False, packages_skip_build_finished=False, packages_select_test_failures=False, packages_skip_test_passed=False, packages_select=None, packages_skip=None, packages_select_regex=None, packages_skip_regex=None, packages_start=None, packages_end=None, allow_overriding=[], cmake_args=None, cmake_target=None, cmake_target_skip_unavailable=False, cmake_clean_cache=False, cmake_clean_first=False, cmake_force_configure=False, ament_cmake_args=None, catkin_cmake_args=None, catkin_skip_building_tests=False, mixin_files=None, mixin=None, verb_parser=<colcon_mixin.mixin.mixin_argument.MixinArgumentDecorator object at 0x7f706b799090>, verb_extension=<colcon_core.verb.build.BuildVerb object at 0x7f706b8b5fc0>, main=<bound method BuildVerb.main of <colcon_core.verb.build.BuildVerb object at 0x7f706b8b5fc0>>, mixin_verb=('build',))
[0.465s] Level 1:colcon.colcon_core.package_discovery:discover_packages(colcon_meta) check parameters
[0.465s] Level 1:colcon.colcon_core.package_discovery:discover_packages(recursive) check parameters
[0.465s] Level 1:colcon.colcon_core.package_discovery:discover_packages(ignore) check parameters
[0.465s] Level 1:colcon.colcon_core.package_discovery:discover_packages(path) check parameters
[0.465s] Level 1:colcon.colcon_core.package_discovery:discover_packages(colcon_meta) discover
[0.466s] Level 1:colcon.colcon_core.package_discovery:discover_packages(recursive) discover
[0.466s] INFO:colcon.colcon_core.package_discovery:Crawling recursively for packages in '/home/superfunnyshark/repository/ros2_ws/src'
[0.466s] Level 1:colcon.colcon_core.package_identification:_identify(.) by extensions ['ignore', 'ignore_ament_install']
[0.466s] Level 1:colcon.colcon_core.package_identification:_identify(.) by extension 'ignore'
[0.466s] Level 1:colcon.colcon_core.package_identification:_identify(.) by extension 'ignore_ament_install'
[0.466s] Level 1:colcon.colcon_core.package_identification:_identify(.) by extensions ['colcon_pkg']
[0.466s] Level 1:colcon.colcon_core.package_identification:_identify(.) by extension 'colcon_pkg'
[0.466s] Level 1:colcon.colcon_core.package_identification:_identify(.) by extensions ['colcon_meta']
[0.466s] Level 1:colcon.colcon_core.package_identification:_identify(.) by extension 'colcon_meta'
[0.466s] Level 1:colcon.colcon_core.package_identification:_identify(.) by extensions ['ros']
[0.466s] Level 1:colcon.colcon_core.package_identification:_identify(.) by extension 'ros'
[0.476s] Level 1:colcon.colcon_core.package_identification:_identify(.) by extensions ['cmake', 'python']
[0.476s] Level 1:colcon.colcon_core.package_identification:_identify(.) by extension 'cmake'
[0.476s] Level 1:colcon.colcon_core.package_identification:_identify(.) by extension 'python'
[0.476s] Level 1:colcon.colcon_core.package_identification:_identify(.) by extensions ['python_setup_py']
[0.476s] Level 1:colcon.colcon_core.package_identification:_identify(.) by extension 'python_setup_py'
[0.477s] Level 1:colcon.colcon_core.package_identification:_identify(build) by extensions ['ignore', 'ignore_ament_install']
[0.477s] Level 1:colcon.colcon_core.package_identification:_identify(build) by extension 'ignore'
[0.477s] Level 1:colcon.colcon_core.package_identification:_identify(build) ignored
[0.477s] Level 1:colcon.colcon_core.package_identification:_identify(install) by extensions ['ignore', 'ignore_ament_install']
[0.477s] Level 1:colcon.colcon_core.package_identification:_identify(install) by extension 'ignore'
[0.477s] Level 1:colcon.colcon_core.package_identification:_identify(install) ignored
[0.477s] Level 1:colcon.colcon_core.package_identification:_identify(log) by extensions ['ignore', 'ignore_ament_install']
[0.477s] Level 1:colcon.colcon_core.package_identification:_identify(log) by extension 'ignore'
[0.477s] Level 1:colcon.colcon_core.package_identification:_identify(log) ignored
[0.477s] Level 1:colcon.colcon_core.package_identification:_identify(my_first_pkg) by extensions ['ignore', 'ignore_ament_install']
[0.478s] Level 1:colcon.colcon_core.package_identification:_identify(my_first_pkg) by extension 'ignore'
[0.478s] Level 1:colcon.colcon_core.package_identification:_identify(my_first_pkg) by extension 'ignore_ament_install'
[0.478s] Level 1:colcon.colcon_core.package_identification:_identify(my_first_pkg) by extensions ['colcon_pkg']
[0.478s] Level 1:colcon.colcon_core.package_identification:_identify(my_first_pkg) by extension 'colcon_pkg'
[0.478s] Level 1:colcon.colcon_core.package_identification:_identify(my_first_pkg) by extensions ['colcon_meta']
[0.478s] Level 1:colcon.colcon_core.package_identification:_identify(my_first_pkg) by extension 'colcon_meta'
[0.478s] Level 1:colcon.colcon_core.package_identification:_identify(my_first_pkg) by extensions ['ros']
[0.478s] Level 1:colcon.colcon_core.package_identification:_identify(my_first_pkg) by extension 'ros'
[0.481s] DEBUG:colcon.colcon_core.package_identification:Package 'my_first_pkg' with type 'ros.ament_cmake' and name 'my_first_pkg'
[0.481s] Level 1:colcon.colcon_core.package_identification:_identify(test_pkg) by extensions ['ignore', 'ignore_ament_install']
[0.481s] Level 1:colcon.colcon_core.package_identification:_identify(test_pkg) by extension 'ignore'
[0.481s] Level 1:colcon.colcon_core.package_identification:_identify(test_pkg) by extension 'ignore_ament_install'
[0.481s] Level 1:colcon.colcon_core.package_identification:_identify(test_pkg) by extensions ['colcon_pkg']
[0.481s] Level 1:colcon.colcon_core.package_identification:_identify(test_pkg) by extension 'colcon_pkg'
[0.481s] Level 1:colcon.colcon_core.package_identification:_identify(test_pkg) by extensions ['colcon_meta']
[0.482s] Level 1:colcon.colcon_core.package_identification:_identify(test_pkg) by extension 'colcon_meta'
[0.482s] Level 1:colcon.colcon_core.package_identification:_identify(test_pkg) by extensions ['ros']
[0.482s] Level 1:colcon.colcon_core.package_identification:_identify(test_pkg) by extension 'ros'
[0.482s] DEBUG:colcon.colcon_core.package_identification:Package 'test_pkg' with type 'ros.ament_cmake' and name 'test_pkg'
[0.482s] Level 1:colcon.colcon_core.package_discovery:discover_packages(recursive) using defaults
[0.482s] Level 1:colcon.colcon_core.package_discovery:discover_packages(ignore) discover
[0.482s] Level 1:colcon.colcon_core.package_discovery:discover_packages(ignore) using defaults
[0.483s] Level 1:colcon.colcon_core.package_discovery:discover_packages(path) discover
[0.483s] Level 1:colcon.colcon_core.package_discovery:discover_packages(path) using defaults
[0.514s] Level 1:colcon.colcon_core.package_discovery:discover_packages(prefix_path) check parameters
[0.514s] Level 1:colcon.colcon_core.package_discovery:discover_packages(prefix_path) discover
[0.518s] DEBUG:colcon.colcon_installed_package_information.package_discovery:Found 2 installed packages in /home/superfunnyshark/ros2_ws/install
[0.519s] DEBUG:colcon.colcon_installed_package_information.package_discovery:Found 1 installed packages in /home/superfunnyshark/repository/ros2_ws/install
[0.521s] DEBUG:colcon.colcon_installed_package_information.package_discovery:Found 274 installed packages in /opt/ros/humble
[0.522s] Level 1:colcon.colcon_core.package_discovery:discover_packages(prefix_path) using defaults
[0.569s] Level 5:colcon.colcon_core.verb:set package 'my_first_pkg' build argument 'cmake_args' from command line to 'None'
[0.569s] Level 5:colcon.colcon_core.verb:set package 'my_first_pkg' build argument 'cmake_target' from command line to 'None'
[0.569s] Level 5:colcon.colcon_core.verb:set package 'my_first_pkg' build argument 'cmake_target_skip_unavailable' from command line to 'False'
[0.569s] Level 5:colcon.colcon_core.verb:set package 'my_first_pkg' build argument 'cmake_clean_cache' from command line to 'False'
[0.569s] Level 5:colcon.colcon_core.verb:set package 'my_first_pkg' build argument 'cmake_clean_first' from command line to 'False'
[0.569s] Level 5:colcon.colcon_core.verb:set package 'my_first_pkg' build argument 'cmake_force_configure' from command line to 'False'
[0.569s] Level 5:colcon.colcon_core.verb:set package 'my_first_pkg' build argument 'ament_cmake_args' from command line to 'None'
[0.569s] Level 5:colcon.colcon_core.verb:set package 'my_first_pkg' build argument 'catkin_cmake_args' from command line to 'None'
[0.569s] Level 5:colcon.colcon_core.verb:set package 'my_first_pkg' build argument 'catkin_skip_building_tests' from command line to 'False'
[0.569s] DEBUG:colcon.colcon_core.verb:Building package 'my_first_pkg' with the following arguments: {'ament_cmake_args': None, 'build_base': '/home/superfunnyshark/repository/ros2_ws/src/build/my_first_pkg', 'catkin_cmake_args': None, 'catkin_skip_building_tests': False, 'cmake_args': None, 'cmake_clean_cache': False, 'cmake_clean_first': False, 'cmake_force_configure': False, 'cmake_target': None, 'cmake_target_skip_unavailable': False, 'install_base': '/home/superfunnyshark/repository/ros2_ws/src/install/my_first_pkg', 'merge_install': False, 'path': '/home/superfunnyshark/repository/ros2_ws/src/my_first_pkg', 'symlink_install': True, 'test_result_base': None}
[0.569s] Level 5:colcon.colcon_core.verb:set package 'test_pkg' build argument 'cmake_args' from command line to 'None'
[0.569s] Level 5:colcon.colcon_core.verb:set package 'test_pkg' build argument 'cmake_target' from command line to 'None'
[0.569s] Level 5:colcon.colcon_core.verb:set package 'test_pkg' build argument 'cmake_target_skip_unavailable' from command line to 'False'
[0.569s] Level 5:colcon.colcon_core.verb:set package 'test_pkg' build argument 'cmake_clean_cache' from command line to 'False'
[0.569s] Level 5:colcon.colcon_core.verb:set package 'test_pkg' build argument 'cmake_clean_first' from command line to 'False'
[0.569s] Level 5:colcon.colcon_core.verb:set package 'test_pkg' build argument 'cmake_force_configure' from command line to 'False'
[0.569s] Level 5:colcon.colcon_core.verb:set package 'test_pkg' build argument 'ament_cmake_args' from command line to 'None'
[0.569s] Level 5:colcon.colcon_core.verb:set package 'test_pkg' build argument 'catkin_cmake_args' from command line to 'None'
[0.569s] Level 5:colcon.colcon_core.verb:set package 'test_pkg' build argument 'catkin_skip_building_tests' from command line to 'False'
[0.569s] DEBUG:colcon.colcon_core.verb:Building package 'test_pkg' with the following arguments: {'ament_cmake_args': None, 'build_base': '/home/superfunnyshark/repository/ros2_ws/src/build/test_pkg', 'catkin_cmake_args': None, 'catkin_skip_building_tests': False, 'cmake_args': None, 'cmake_clean_cache': False, 'cmake_clean_first': False, 'cmake_force_configure': False, 'cmake_target': None, 'cmake_target_skip_unavailable': False, 'install_base': '/home/superfunnyshark/repository/ros2_ws/src/install/test_pkg', 'merge_install': False, 'path': '/home/superfunnyshark/repository/ros2_ws/src/test_pkg', 'symlink_install': True, 'test_result_base': None}
[0.570s] INFO:colcon.colcon_core.executor:Executing jobs using 'parallel' executor
[0.570s] DEBUG:colcon.colcon_parallel_executor.executor.parallel:run_until_complete
[0.571s] INFO:colcon.colcon_ros.task.ament_cmake.build:Building ROS package in '/home/superfunnyshark/repository/ros2_ws/src/my_first_pkg' with build type 'ament_cmake'
[0.571s] INFO:colcon.colcon_cmake.task.cmake.build:Building CMake package in '/home/superfunnyshark/repository/ros2_ws/src/my_first_pkg'
[0.576s] INFO:colcon.colcon_core.plugin_system:Skipping extension 'colcon_core.shell.bat': Not used on non-Windows systems
[0.576s] INFO:colcon.colcon_core.shell:Skip shell extension 'powershell' for command environment: Not usable outside of PowerShell
[0.576s] DEBUG:colcon.colcon_core.shell:Skip shell extension 'dsv' for command environment
[0.584s] INFO:colcon.colcon_ros.task.ament_cmake.build:Building ROS package in '/home/superfunnyshark/repository/ros2_ws/src/test_pkg' with build type 'ament_cmake'
[0.584s] INFO:colcon.colcon_cmake.task.cmake.build:Building CMake package in '/home/superfunnyshark/repository/ros2_ws/src/test_pkg'
[0.585s] INFO:colcon.colcon_core.shell:Skip shell extension 'powershell' for command environment: Not usable outside of PowerShell
[0.585s] DEBUG:colcon.colcon_core.shell:Skip shell extension 'dsv' for command environment
[0.612s] DEBUG:colcon.colcon_core.event_handler.log_command:Invoking command in '/home/superfunnyshark/repository/ros2_ws/src/build/my_first_pkg': CMAKE_PREFIX_PATH=${CMAKE_PREFIX_PATH}:/opt/ros/humble /usr/bin/cmake --build /home/superfunnyshark/repository/ros2_ws/src/build/my_first_pkg -- -j8 -l8
[0.614s] DEBUG:colcon.colcon_core.event_handler.log_command:Invoking command in '/home/superfunnyshark/repository/ros2_ws/src/build/test_pkg': CMAKE_PREFIX_PATH=${CMAKE_PREFIX_PATH}:/opt/ros/humble /usr/bin/cmake --build /home/superfunnyshark/repository/ros2_ws/src/build/test_pkg -- -j8 -l8
[1.282s] DEBUG:colcon.colcon_core.event_handler.log_command:Invoked command in '/home/superfunnyshark/repository/ros2_ws/src/build/test_pkg' returned '0': CMAKE_PREFIX_PATH=${CMAKE_PREFIX_PATH}:/opt/ros/humble /usr/bin/cmake --build /home/superfunnyshark/repository/ros2_ws/src/build/test_pkg -- -j8 -l8
[1.316s] DEBUG:colcon.colcon_core.event_handler.log_command:Invoking command in '/home/superfunnyshark/repository/ros2_ws/src/build/test_pkg': CMAKE_PREFIX_PATH=${CMAKE_PREFIX_PATH}:/opt/ros/humble /usr/bin/cmake --install /home/superfunnyshark/repository/ros2_ws/src/build/test_pkg
[1.316s] DEBUG:colcon.colcon_core.event_handler.log_command:Invoked command in '/home/superfunnyshark/repository/ros2_ws/src/build/my_first_pkg' returned '0': CMAKE_PREFIX_PATH=${CMAKE_PREFIX_PATH}:/opt/ros/humble /usr/bin/cmake --build /home/superfunnyshark/repository/ros2_ws/src/build/my_first_pkg -- -j8 -l8
[1.317s] DEBUG:colcon.colcon_core.event_handler.log_command:Invoking command in '/home/superfunnyshark/repository/ros2_ws/src/build/my_first_pkg': CMAKE_PREFIX_PATH=${CMAKE_PREFIX_PATH}:/opt/ros/humble /usr/bin/cmake --install /home/superfunnyshark/repository/ros2_ws/src/build/my_first_pkg
[1.423s] Level 1:colcon.colcon_core.environment:create_environment_scripts_only(my_first_pkg)
[1.424s] DEBUG:colcon.colcon_core.event_handler.log_command:Invoked command in '/home/superfunnyshark/repository/ros2_ws/src/build/my_first_pkg' returned '0': CMAKE_PREFIX_PATH=${CMAKE_PREFIX_PATH}:/opt/ros/humble /usr/bin/cmake --install /home/superfunnyshark/repository/ros2_ws/src/build/my_first_pkg
[1.429s] Level 1:colcon.colcon_core.environment:checking '/home/superfunnyshark/repository/ros2_ws/src/install/my_first_pkg' for CMake module files
[1.430s] Level 1:colcon.colcon_core.environment:checking '/home/superfunnyshark/repository/ros2_ws/src/install/my_first_pkg' for CMake config files
[1.432s] Level 1:colcon.colcon_core.shell:create_environment_hook('my_first_pkg', 'cmake_prefix_path')
[1.432s] INFO:colcon.colcon_core.shell:Creating environment hook '/home/superfunnyshark/repository/ros2_ws/src/install/my_first_pkg/share/my_first_pkg/hook/cmake_prefix_path.ps1'
[1.433s] INFO:colcon.colcon_core.shell:Creating environment descriptor '/home/superfunnyshark/repository/ros2_ws/src/install/my_first_pkg/share/my_first_pkg/hook/cmake_prefix_path.dsv'
[1.433s] INFO:colcon.colcon_core.shell:Creating environment hook '/home/superfunnyshark/repository/ros2_ws/src/install/my_first_pkg/share/my_first_pkg/hook/cmake_prefix_path.sh'
[1.434s] Level 1:colcon.colcon_core.environment:checking '/home/superfunnyshark/repository/ros2_ws/src/install/my_first_pkg/lib'
[1.435s] Level 1:colcon.colcon_core.environment:checking '/home/superfunnyshark/repository/ros2_ws/src/install/my_first_pkg/bin'
[1.435s] Level 1:colcon.colcon_core.environment:checking '/home/superfunnyshark/repository/ros2_ws/src/install/my_first_pkg/lib/pkgconfig/my_first_pkg.pc'
[1.435s] Level 1:colcon.colcon_core.environment:checking '/home/superfunnyshark/repository/ros2_ws/src/install/my_first_pkg/lib/python3.10/site-packages'
[1.435s] Level 1:colcon.colcon_core.environment:checking '/home/superfunnyshark/repository/ros2_ws/src/install/my_first_pkg/bin'
[1.435s] INFO:colcon.colcon_core.shell:Creating package script '/home/superfunnyshark/repository/ros2_ws/src/install/my_first_pkg/share/my_first_pkg/package.ps1'
[1.436s] INFO:colcon.colcon_core.shell:Creating package descriptor '/home/superfunnyshark/repository/ros2_ws/src/install/my_first_pkg/share/my_first_pkg/package.dsv'
[1.438s] INFO:colcon.colcon_core.shell:Creating package script '/home/superfunnyshark/repository/ros2_ws/src/install/my_first_pkg/share/my_first_pkg/package.sh'
[1.439s] INFO:colcon.colcon_core.shell:Creating package script '/home/superfunnyshark/repository/ros2_ws/src/install/my_first_pkg/share/my_first_pkg/package.bash'
[1.441s] INFO:colcon.colcon_core.shell:Creating package script '/home/superfunnyshark/repository/ros2_ws/src/install/my_first_pkg/share/my_first_pkg/package.zsh'
[1.442s] Level 1:colcon.colcon_core.environment:create_file_with_runtime_dependencies(/home/superfunnyshark/repository/ros2_ws/src/install/my_first_pkg/share/colcon-core/packages/my_first_pkg)
[1.443s] Level 1:colcon.colcon_core.environment:create_environment_scripts_only(my_first_pkg)
[1.444s] Level 1:colcon.colcon_core.environment:checking '/home/superfunnyshark/repository/ros2_ws/src/install/my_first_pkg' for CMake module files
[1.445s] Level 1:colcon.colcon_core.environment:checking '/home/superfunnyshark/repository/ros2_ws/src/install/my_first_pkg' for CMake config files
[1.447s] Level 1:colcon.colcon_core.shell:create_environment_hook('my_first_pkg', 'cmake_prefix_path')
[1.447s] INFO:colcon.colcon_core.shell:Creating environment hook '/home/superfunnyshark/repository/ros2_ws/src/install/my_first_pkg/share/my_first_pkg/hook/cmake_prefix_path.ps1'
[1.448s] INFO:colcon.colcon_core.shell:Creating environment descriptor '/home/superfunnyshark/repository/ros2_ws/src/install/my_first_pkg/share/my_first_pkg/hook/cmake_prefix_path.dsv'
[1.449s] INFO:colcon.colcon_core.shell:Creating environment hook '/home/superfunnyshark/repository/ros2_ws/src/install/my_first_pkg/share/my_first_pkg/hook/cmake_prefix_path.sh'
[1.450s] Level 1:colcon.colcon_core.environment:checking '/home/superfunnyshark/repository/ros2_ws/src/install/my_first_pkg/lib'
[1.450s] Level 1:colcon.colcon_core.environment:checking '/home/superfunnyshark/repository/ros2_ws/src/install/my_first_pkg/bin'
[1.450s] Level 1:colcon.colcon_core.environment:checking '/home/superfunnyshark/repository/ros2_ws/src/install/my_first_pkg/lib/pkgconfig/my_first_pkg.pc'
[1.450s] Level 1:colcon.colcon_core.environment:checking '/home/superfunnyshark/repository/ros2_ws/src/install/my_first_pkg/lib/python3.10/site-packages'
[1.450s] Level 1:colcon.colcon_core.environment:checking '/home/superfunnyshark/repository/ros2_ws/src/install/my_first_pkg/bin'
[1.451s] INFO:colcon.colcon_core.shell:Creating package script '/home/superfunnyshark/repository/ros2_ws/src/install/my_first_pkg/share/my_first_pkg/package.ps1'
[1.452s] INFO:colcon.colcon_core.shell:Creating package descriptor '/home/superfunnyshark/repository/ros2_ws/src/install/my_first_pkg/share/my_first_pkg/package.dsv'
[1.452s] INFO:colcon.colcon_core.shell:Creating package script '/home/superfunnyshark/repository/ros2_ws/src/install/my_first_pkg/share/my_first_pkg/package.sh'
[1.453s] INFO:colcon.colcon_core.shell:Creating package script '/home/superfunnyshark/repository/ros2_ws/src/install/my_first_pkg/share/my_first_pkg/package.bash'
[1.454s] INFO:colcon.colcon_core.shell:Creating package script '/home/superfunnyshark/repository/ros2_ws/src/install/my_first_pkg/share/my_first_pkg/package.zsh'
[1.455s] Level 1:colcon.colcon_core.environment:create_file_with_runtime_dependencies(/home/superfunnyshark/repository/ros2_ws/src/install/my_first_pkg/share/colcon-core/packages/my_first_pkg)
[1.457s] Level 1:colcon.colcon_core.environment:create_environment_scripts_only(test_pkg)
[1.458s] Level 1:colcon.colcon_core.environment:checking '/home/superfunnyshark/repository/ros2_ws/src/install/test_pkg' for CMake module files
[1.458s] DEBUG:colcon.colcon_core.event_handler.log_command:Invoked command in '/home/superfunnyshark/repository/ros2_ws/src/build/test_pkg' returned '0': CMAKE_PREFIX_PATH=${CMAKE_PREFIX_PATH}:/opt/ros/humble /usr/bin/cmake --install /home/superfunnyshark/repository/ros2_ws/src/build/test_pkg
[1.459s] Level 1:colcon.colcon_core.environment:checking '/home/superfunnyshark/repository/ros2_ws/src/install/test_pkg' for CMake config files
[1.462s] Level 1:colcon.colcon_core.shell:create_environment_hook('test_pkg', 'cmake_prefix_path')
[1.462s] INFO:colcon.colcon_core.shell:Creating environment hook '/home/superfunnyshark/repository/ros2_ws/src/install/test_pkg/share/test_pkg/hook/cmake_prefix_path.ps1'
[1.463s] INFO:colcon.colcon_core.shell:Creating environment descriptor '/home/superfunnyshark/repository/ros2_ws/src/install/test_pkg/share/test_pkg/hook/cmake_prefix_path.dsv'
[1.464s] INFO:colcon.colcon_core.shell:Creating environment hook '/home/superfunnyshark/repository/ros2_ws/src/install/test_pkg/share/test_pkg/hook/cmake_prefix_path.sh'
[1.465s] Level 1:colcon.colcon_core.environment:checking '/home/superfunnyshark/repository/ros2_ws/src/install/test_pkg/lib'
[1.465s] Level 1:colcon.colcon_core.environment:checking '/home/superfunnyshark/repository/ros2_ws/src/install/test_pkg/bin'
[1.466s] Level 1:colcon.colcon_core.environment:checking '/home/superfunnyshark/repository/ros2_ws/src/install/test_pkg/lib/pkgconfig/test_pkg.pc'
[1.466s] Level 1:colcon.colcon_core.environment:checking '/home/superfunnyshark/repository/ros2_ws/src/install/test_pkg/lib/python3.10/site-packages'
[1.466s] Level 1:colcon.colcon_core.environment:checking '/home/superfunnyshark/repository/ros2_ws/src/install/test_pkg/bin'
[1.467s] INFO:colcon.colcon_core.shell:Creating package script '/home/superfunnyshark/repository/ros2_ws/src/install/test_pkg/share/test_pkg/package.ps1'
[1.468s] INFO:colcon.colcon_core.shell:Creating package descriptor '/home/superfunnyshark/repository/ros2_ws/src/install/test_pkg/share/test_pkg/package.dsv'
[1.469s] INFO:colcon.colcon_core.shell:Creating package script '/home/superfunnyshark/repository/ros2_ws/src/install/test_pkg/share/test_pkg/package.sh'
[1.470s] INFO:colcon.colcon_core.shell:Creating package script '/home/superfunnyshark/repository/ros2_ws/src/install/test_pkg/share/test_pkg/package.bash'
[1.471s] INFO:colcon.colcon_core.shell:Creating package script '/home/superfunnyshark/repository/ros2_ws/src/install/test_pkg/share/test_pkg/package.zsh'
[1.472s] Level 1:colcon.colcon_core.environment:create_file_with_runtime_dependencies(/home/superfunnyshark/repository/ros2_ws/src/install/test_pkg/share/colcon-core/packages/test_pkg)
[1.473s] Level 1:colcon.colcon_core.environment:create_environment_scripts_only(test_pkg)
[1.473s] Level 1:colcon.colcon_core.environment:checking '/home/superfunnyshark/repository/ros2_ws/src/install/test_pkg' for CMake module files
[1.474s] Level 1:colcon.colcon_core.environment:checking '/home/superfunnyshark/repository/ros2_ws/src/install/test_pkg' for CMake config files
[1.476s] Level 1:colcon.colcon_core.shell:create_environment_hook('test_pkg', 'cmake_prefix_path')
[1.476s] INFO:colcon.colcon_core.shell:Creating environment hook '/home/superfunnyshark/repository/ros2_ws/src/install/test_pkg/share/test_pkg/hook/cmake_prefix_path.ps1'
[1.477s] INFO:colcon.colcon_core.shell:Creating environment descriptor '/home/superfunnyshark/repository/ros2_ws/src/install/test_pkg/share/test_pkg/hook/cmake_prefix_path.dsv'
[1.477s] INFO:colcon.colcon_core.shell:Creating environment hook '/home/superfunnyshark/repository/ros2_ws/src/install/test_pkg/share/test_pkg/hook/cmake_prefix_path.sh'
[1.478s] Level 1:colcon.colcon_core.environment:checking '/home/superfunnyshark/repository/ros2_ws/src/install/test_pkg/lib'
[1.479s] Level 1:colcon.colcon_core.environment:checking '/home/superfunnyshark/repository/ros2_ws/src/install/test_pkg/bin'
[1.479s] Level 1:colcon.colcon_core.environment:checking '/home/superfunnyshark/repository/ros2_ws/src/install/test_pkg/lib/pkgconfig/test_pkg.pc'
[1.479s] Level 1:colcon.colcon_core.environment:checking '/home/superfunnyshark/repository/ros2_ws/src/install/test_pkg/lib/python3.10/site-packages'
[1.479s] Level 1:colcon.colcon_core.environment:checking '/home/superfunnyshark/repository/ros2_ws/src/install/test_pkg/bin'
[1.480s] INFO:colcon.colcon_core.shell:Creating package script '/home/superfunnyshark/repository/ros2_ws/src/install/test_pkg/share/test_pkg/package.ps1'
[1.483s] INFO:colcon.colcon_core.shell:Creating package descriptor '/home/superfunnyshark/repository/ros2_ws/src/install/test_pkg/share/test_pkg/package.dsv'
[1.484s] INFO:colcon.colcon_core.shell:Creating package script '/home/superfunnyshark/repository/ros2_ws/src/install/test_pkg/share/test_pkg/package.sh'
[1.484s] INFO:colcon.colcon_core.shell:Creating package script '/home/superfunnyshark/repository/ros2_ws/src/install/test_pkg/share/test_pkg/package.bash'
[1.485s] INFO:colcon.colcon_core.shell:Creating package script '/home/superfunnyshark/repository/ros2_ws/src/install/test_pkg/share/test_pkg/package.zsh'
[1.485s] Level 1:colcon.colcon_core.environment:create_file_with_runtime_dependencies(/home/superfunnyshark/repository/ros2_ws/src/install/test_pkg/share/colcon-core/packages/test_pkg)
[1.486s] DEBUG:colcon.colcon_parallel_executor.executor.parallel:closing loop
[1.486s] DEBUG:colcon.colcon_parallel_executor.executor.parallel:loop closed
[1.486s] DEBUG:colcon.colcon_parallel_executor.executor.parallel:run_until_complete finished with '0'
[1.486s] DEBUG:colcon.colcon_core.event_reactor:joining thread
[1.503s] INFO:colcon.colcon_core.plugin_system:Skipping extension 'colcon_notification.desktop_notification.notify_send': Could not find 'notify-send'
[1.503s] INFO:colcon.colcon_core.plugin_system:Skipping extension 'colcon_notification.desktop_notification.terminal_notifier': Not used on non-Darwin systems
[1.503s] INFO:colcon.colcon_core.plugin_system:Skipping extension 'colcon_notification.desktop_notification.win32': Not used on non-Windows systems
[1.503s] INFO:colcon.colcon_notification.desktop_notification:Sending desktop notification using 'notify2'
[1.503s] DEBUG:colcon.colcon_notification.desktop_notification.notify2:Failed to initialize notify2: org.freedesktop.DBus.Error.NotSupported: Unable to autolaunch a dbus-daemon without a $DISPLAY for X11
[1.503s] DEBUG:colcon.colcon_core.event_reactor:joined thread
[1.503s] INFO:colcon.colcon_core.shell:Creating prefix script '/home/superfunnyshark/repository/ros2_ws/src/install/local_setup.ps1'
[1.504s] INFO:colcon.colcon_core.shell:Creating prefix util module '/home/superfunnyshark/repository/ros2_ws/src/install/_local_setup_util_ps1.py'
[1.506s] INFO:colcon.colcon_core.shell:Creating prefix chain script '/home/superfunnyshark/repository/ros2_ws/src/install/setup.ps1'
[1.508s] INFO:colcon.colcon_core.shell:Creating prefix script '/home/superfunnyshark/repository/ros2_ws/src/install/local_setup.sh'
[1.509s] INFO:colcon.colcon_core.shell:Creating prefix util module '/home/superfunnyshark/repository/ros2_ws/src/install/_local_setup_util_sh.py'
[1.510s] INFO:colcon.colcon_core.shell:Creating prefix chain script '/home/superfunnyshark/repository/ros2_ws/src/install/setup.sh'
[1.511s] INFO:colcon.colcon_core.shell:Creating prefix script '/home/superfunnyshark/repository/ros2_ws/src/install/local_setup.bash'
[1.512s] INFO:colcon.colcon_core.shell:Creating prefix chain script '/home/superfunnyshark/repository/ros2_ws/src/install/setup.bash'
[1.515s] INFO:colcon.colcon_core.shell:Creating prefix script '/home/superfunnyshark/repository/ros2_ws/src/install/local_setup.zsh'
[1.516s] INFO:colcon.colcon_core.shell:Creating prefix chain script '/home/superfunnyshark/repository/ros2_ws/src/install/setup.zsh'
