[0.161s] DEBUG:colcon:Command line arguments: ['/usr/bin/colcon', 'build', '--symlink-install']
[0.161s] DEBUG:colcon:Parsed command line arguments: Namespace(log_base=None, log_level=None, verb_name='build', build_base='build', install_base='install', merge_install=False, symlink_install=True, test_result_base=None, continue_on_error=False, executor='parallel', parallel_workers=8, event_handlers=None, ignore_user_meta=False, metas=['./colcon.meta'], base_paths=['.'], packages_ignore=None, packages_ignore_regex=None, paths=None, packages_up_to=None, packages_up_to_regex=None, packages_above=None, packages_above_and_dependencies=None, packages_above_depth=None, packages_select_by_dep=None, packages_skip_by_dep=None, packages_skip_up_to=None, packages_select_build_failed=False, packages_skip_build_finished=False, packages_select_test_failures=False, packages_skip_test_passed=False, packages_select=None, packages_skip=None, packages_select_regex=None, packages_skip_regex=None, packages_start=None, packages_end=None, allow_overriding=[], cmake_args=None, cmake_target=None, cmake_target_skip_unavailable=False, cmake_clean_cache=False, cmake_clean_first=False, cmake_force_configure=False, ament_cmake_args=None, catkin_cmake_args=None, catkin_skip_building_tests=False, mixin_files=None, mixin=None, verb_parser=<colcon_mixin.mixin.mixin_argument.MixinArgumentDecorator object at 0x7fa9eb209090>, verb_extension=<colcon_core.verb.build.BuildVerb object at 0x7fa9eb329fc0>, main=<bound method BuildVerb.main of <colcon_core.verb.build.BuildVerb object at 0x7fa9eb329fc0>>, mixin_verb=('build',))
[0.403s] Level 1:colcon.colcon_core.package_discovery:discover_packages(colcon_meta) check parameters
[0.403s] Level 1:colcon.colcon_core.package_discovery:discover_packages(recursive) check parameters
[0.404s] Level 1:colcon.colcon_core.package_discovery:discover_packages(ignore) check parameters
[0.404s] Level 1:colcon.colcon_core.package_discovery:discover_packages(path) check parameters
[0.404s] Level 1:colcon.colcon_core.package_discovery:discover_packages(colcon_meta) discover
[0.404s] Level 1:colcon.colcon_core.package_discovery:discover_packages(recursive) discover
[0.404s] INFO:colcon.colcon_core.package_discovery:Crawling recursively for packages in '/home/superfunnyshark/repository/ros2_ws/src'
[0.404s] Level 1:colcon.colcon_core.package_identification:_identify(.) by extensions ['ignore', 'ignore_ament_install']
[0.404s] Level 1:colcon.colcon_core.package_identification:_identify(.) by extension 'ignore'
[0.404s] Level 1:colcon.colcon_core.package_identification:_identify(.) by extension 'ignore_ament_install'
[0.404s] Level 1:colcon.colcon_core.package_identification:_identify(.) by extensions ['colcon_pkg']
[0.404s] Level 1:colcon.colcon_core.package_identification:_identify(.) by extension 'colcon_pkg'
[0.404s] Level 1:colcon.colcon_core.package_identification:_identify(.) by extensions ['colcon_meta']
[0.404s] Level 1:colcon.colcon_core.package_identification:_identify(.) by extension 'colcon_meta'
[0.404s] Level 1:colcon.colcon_core.package_identification:_identify(.) by extensions ['ros']
[0.404s] Level 1:colcon.colcon_core.package_identification:_identify(.) by extension 'ros'
[0.413s] Level 1:colcon.colcon_core.package_identification:_identify(.) by extensions ['cmake', 'python']
[0.413s] Level 1:colcon.colcon_core.package_identification:_identify(.) by extension 'cmake'
[0.414s] Level 1:colcon.colcon_core.package_identification:_identify(.) by extension 'python'
[0.414s] Level 1:colcon.colcon_core.package_identification:_identify(.) by extensions ['python_setup_py']
[0.414s] Level 1:colcon.colcon_core.package_identification:_identify(.) by extension 'python_setup_py'
[0.414s] Level 1:colcon.colcon_core.package_identification:_identify(build) by extensions ['ignore', 'ignore_ament_install']
[0.414s] Level 1:colcon.colcon_core.package_identification:_identify(build) by extension 'ignore'
[0.414s] Level 1:colcon.colcon_core.package_identification:_identify(build) ignored
[0.414s] Level 1:colcon.colcon_core.package_identification:_identify(install) by extensions ['ignore', 'ignore_ament_install']
[0.414s] Level 1:colcon.colcon_core.package_identification:_identify(install) by extension 'ignore'
[0.414s] Level 1:colcon.colcon_core.package_identification:_identify(install) ignored
[0.414s] Level 1:colcon.colcon_core.package_identification:_identify(log) by extensions ['ignore', 'ignore_ament_install']
[0.414s] Level 1:colcon.colcon_core.package_identification:_identify(log) by extension 'ignore'
[0.414s] Level 1:colcon.colcon_core.package_identification:_identify(log) ignored
[0.415s] Level 1:colcon.colcon_core.package_identification:_identify(my_first_pkg) by extensions ['ignore', 'ignore_ament_install']
[0.415s] Level 1:colcon.colcon_core.package_identification:_identify(my_first_pkg) by extension 'ignore'
[0.415s] Level 1:colcon.colcon_core.package_identification:_identify(my_first_pkg) by extension 'ignore_ament_install'
[0.415s] Level 1:colcon.colcon_core.package_identification:_identify(my_first_pkg) by extensions ['colcon_pkg']
[0.415s] Level 1:colcon.colcon_core.package_identification:_identify(my_first_pkg) by extension 'colcon_pkg'
[0.415s] Level 1:colcon.colcon_core.package_identification:_identify(my_first_pkg) by extensions ['colcon_meta']
[0.415s] Level 1:colcon.colcon_core.package_identification:_identify(my_first_pkg) by extension 'colcon_meta'
[0.415s] Level 1:colcon.colcon_core.package_identification:_identify(my_first_pkg) by extensions ['ros']
[0.415s] Level 1:colcon.colcon_core.package_identification:_identify(my_first_pkg) by extension 'ros'
[0.417s] DEBUG:colcon.colcon_core.package_identification:Package 'my_first_pkg' with type 'ros.ament_cmake' and name 'my_first_pkg'
[0.417s] Level 1:colcon.colcon_core.package_identification:_identify(test_pkg) by extensions ['ignore', 'ignore_ament_install']
[0.417s] Level 1:colcon.colcon_core.package_identification:_identify(test_pkg) by extension 'ignore'
[0.417s] Level 1:colcon.colcon_core.package_identification:_identify(test_pkg) by extension 'ignore_ament_install'
[0.418s] Level 1:colcon.colcon_core.package_identification:_identify(test_pkg) by extensions ['colcon_pkg']
[0.418s] Level 1:colcon.colcon_core.package_identification:_identify(test_pkg) by extension 'colcon_pkg'
[0.418s] Level 1:colcon.colcon_core.package_identification:_identify(test_pkg) by extensions ['colcon_meta']
[0.418s] Level 1:colcon.colcon_core.package_identification:_identify(test_pkg) by extension 'colcon_meta'
[0.418s] Level 1:colcon.colcon_core.package_identification:_identify(test_pkg) by extensions ['ros']
[0.418s] Level 1:colcon.colcon_core.package_identification:_identify(test_pkg) by extension 'ros'
[0.418s] DEBUG:colcon.colcon_core.package_identification:Package 'test_pkg' with type 'ros.ament_cmake' and name 'test_pkg'
[0.418s] Level 1:colcon.colcon_core.package_discovery:discover_packages(recursive) using defaults
[0.418s] Level 1:colcon.colcon_core.package_discovery:discover_packages(ignore) discover
[0.419s] Level 1:colcon.colcon_core.package_discovery:discover_packages(ignore) using defaults
[0.419s] Level 1:colcon.colcon_core.package_discovery:discover_packages(path) discover
[0.419s] Level 1:colcon.colcon_core.package_discovery:discover_packages(path) using defaults
[0.446s] Level 1:colcon.colcon_core.package_discovery:discover_packages(prefix_path) check parameters
[0.446s] Level 1:colcon.colcon_core.package_discovery:discover_packages(prefix_path) discover
[0.449s] DEBUG:colcon.colcon_installed_package_information.package_discovery:Found 2 installed packages in /home/superfunnyshark/ros2_ws/install
[0.450s] DEBUG:colcon.colcon_installed_package_information.package_discovery:Found 1 installed packages in /home/superfunnyshark/repository/ros2_ws/install
[0.453s] DEBUG:colcon.colcon_installed_package_information.package_discovery:Found 274 installed packages in /opt/ros/humble
[0.454s] Level 1:colcon.colcon_core.package_discovery:discover_packages(prefix_path) using defaults
[0.500s] Level 5:colcon.colcon_core.verb:set package 'my_first_pkg' build argument 'cmake_args' from command line to 'None'
[0.500s] Level 5:colcon.colcon_core.verb:set package 'my_first_pkg' build argument 'cmake_target' from command line to 'None'
[0.500s] Level 5:colcon.colcon_core.verb:set package 'my_first_pkg' build argument 'cmake_target_skip_unavailable' from command line to 'False'
[0.500s] Level 5:colcon.colcon_core.verb:set package 'my_first_pkg' build argument 'cmake_clean_cache' from command line to 'False'
[0.501s] Level 5:colcon.colcon_core.verb:set package 'my_first_pkg' build argument 'cmake_clean_first' from command line to 'False'
[0.501s] Level 5:colcon.colcon_core.verb:set package 'my_first_pkg' build argument 'cmake_force_configure' from command line to 'False'
[0.501s] Level 5:colcon.colcon_core.verb:set package 'my_first_pkg' build argument 'ament_cmake_args' from command line to 'None'
[0.501s] Level 5:colcon.colcon_core.verb:set package 'my_first_pkg' build argument 'catkin_cmake_args' from command line to 'None'
[0.501s] Level 5:colcon.colcon_core.verb:set package 'my_first_pkg' build argument 'catkin_skip_building_tests' from command line to 'False'
[0.501s] DEBUG:colcon.colcon_core.verb:Building package 'my_first_pkg' with the following arguments: {'ament_cmake_args': None, 'build_base': '/home/superfunnyshark/repository/ros2_ws/src/build/my_first_pkg', 'catkin_cmake_args': None, 'catkin_skip_building_tests': False, 'cmake_args': None, 'cmake_clean_cache': False, 'cmake_clean_first': False, 'cmake_force_configure': False, 'cmake_target': None, 'cmake_target_skip_unavailable': False, 'install_base': '/home/superfunnyshark/repository/ros2_ws/src/install/my_first_pkg', 'merge_install': False, 'path': '/home/superfunnyshark/repository/ros2_ws/src/my_first_pkg', 'symlink_install': True, 'test_result_base': None}
[0.501s] Level 5:colcon.colcon_core.verb:set package 'test_pkg' build argument 'cmake_args' from command line to 'None'
[0.501s] Level 5:colcon.colcon_core.verb:set package 'test_pkg' build argument 'cmake_target' from command line to 'None'
[0.501s] Level 5:colcon.colcon_core.verb:set package 'test_pkg' build argument 'cmake_target_skip_unavailable' from command line to 'False'
[0.501s] Level 5:colcon.colcon_core.verb:set package 'test_pkg' build argument 'cmake_clean_cache' from command line to 'False'
[0.501s] Level 5:colcon.colcon_core.verb:set package 'test_pkg' build argument 'cmake_clean_first' from command line to 'False'
[0.501s] Level 5:colcon.colcon_core.verb:set package 'test_pkg' build argument 'cmake_force_configure' from command line to 'False'
[0.501s] Level 5:colcon.colcon_core.verb:set package 'test_pkg' build argument 'ament_cmake_args' from command line to 'None'
[0.501s] Level 5:colcon.colcon_core.verb:set package 'test_pkg' build argument 'catkin_cmake_args' from command line to 'None'
[0.501s] Level 5:colcon.colcon_core.verb:set package 'test_pkg' build argument 'catkin_skip_building_tests' from command line to 'False'
[0.501s] DEBUG:colcon.colcon_core.verb:Building package 'test_pkg' with the following arguments: {'ament_cmake_args': None, 'build_base': '/home/superfunnyshark/repository/ros2_ws/src/build/test_pkg', 'catkin_cmake_args': None, 'catkin_skip_building_tests': False, 'cmake_args': None, 'cmake_clean_cache': False, 'cmake_clean_first': False, 'cmake_force_configure': False, 'cmake_target': None, 'cmake_target_skip_unavailable': False, 'install_base': '/home/superfunnyshark/repository/ros2_ws/src/install/test_pkg', 'merge_install': False, 'path': '/home/superfunnyshark/repository/ros2_ws/src/test_pkg', 'symlink_install': True, 'test_result_base': None}
[0.501s] INFO:colcon.colcon_core.executor:Executing jobs using 'parallel' executor
[0.502s] DEBUG:colcon.colcon_parallel_executor.executor.parallel:run_until_complete
[0.503s] INFO:colcon.colcon_ros.task.ament_cmake.build:Building ROS package in '/home/superfunnyshark/repository/ros2_ws/src/my_first_pkg' with build type 'ament_cmake'
[0.503s] INFO:colcon.colcon_cmake.task.cmake.build:Building CMake package in '/home/superfunnyshark/repository/ros2_ws/src/my_first_pkg'
[0.507s] INFO:colcon.colcon_core.plugin_system:Skipping extension 'colcon_core.shell.bat': Not used on non-Windows systems
[0.507s] INFO:colcon.colcon_core.shell:Skip shell extension 'powershell' for command environment: Not usable outside of PowerShell
[0.507s] DEBUG:colcon.colcon_core.shell:Skip shell extension 'dsv' for command environment
[0.514s] INFO:colcon.colcon_ros.task.ament_cmake.build:Building ROS package in '/home/superfunnyshark/repository/ros2_ws/src/test_pkg' with build type 'ament_cmake'
[0.514s] INFO:colcon.colcon_cmake.task.cmake.build:Building CMake package in '/home/superfunnyshark/repository/ros2_ws/src/test_pkg'
[0.515s] INFO:colcon.colcon_core.shell:Skip shell extension 'powershell' for command environment: Not usable outside of PowerShell
[0.515s] DEBUG:colcon.colcon_core.shell:Skip shell extension 'dsv' for command environment
[0.542s] DEBUG:colcon.colcon_core.event_handler.log_command:Invoking command in '/home/superfunnyshark/repository/ros2_ws/src/build/my_first_pkg': CMAKE_PREFIX_PATH=${CMAKE_PREFIX_PATH}:/opt/ros/humble /usr/bin/cmake --build /home/superfunnyshark/repository/ros2_ws/src/build/my_first_pkg -- -j8 -l8
[0.544s] DEBUG:colcon.colcon_core.event_handler.log_command:Invoking command in '/home/superfunnyshark/repository/ros2_ws/src/build/test_pkg': CMAKE_PREFIX_PATH=${CMAKE_PREFIX_PATH}:/opt/ros/humble /usr/bin/cmake --build /home/superfunnyshark/repository/ros2_ws/src/build/test_pkg -- -j8 -l8
[1.257s] DEBUG:colcon.colcon_core.event_handler.log_command:Invoked command in '/home/superfunnyshark/repository/ros2_ws/src/build/my_first_pkg' returned '0': CMAKE_PREFIX_PATH=${CMAKE_PREFIX_PATH}:/opt/ros/humble /usr/bin/cmake --build /home/superfunnyshark/repository/ros2_ws/src/build/my_first_pkg -- -j8 -l8
[1.282s] DEBUG:colcon.colcon_core.event_handler.log_command:Invoking command in '/home/superfunnyshark/repository/ros2_ws/src/build/my_first_pkg': CMAKE_PREFIX_PATH=${CMAKE_PREFIX_PATH}:/opt/ros/humble /usr/bin/cmake --install /home/superfunnyshark/repository/ros2_ws/src/build/my_first_pkg
[1.283s] DEBUG:colcon.colcon_core.event_handler.log_command:Invoked command in '/home/superfunnyshark/repository/ros2_ws/src/build/test_pkg' returned '0': CMAKE_PREFIX_PATH=${CMAKE_PREFIX_PATH}:/opt/ros/humble /usr/bin/cmake --build /home/superfunnyshark/repository/ros2_ws/src/build/test_pkg -- -j8 -l8
[1.287s] DEBUG:colcon.colcon_core.event_handler.log_command:Invoking command in '/home/superfunnyshark/repository/ros2_ws/src/build/test_pkg': CMAKE_PREFIX_PATH=${CMAKE_PREFIX_PATH}:/opt/ros/humble /usr/bin/cmake --install /home/superfunnyshark/repository/ros2_ws/src/build/test_pkg
[1.401s] Level 1:colcon.colcon_core.environment:create_environment_scripts_only(my_first_pkg)
[1.402s] DEBUG:colcon.colcon_core.event_handler.log_command:Invoked command in '/home/superfunnyshark/repository/ros2_ws/src/build/my_first_pkg' returned '0': CMAKE_PREFIX_PATH=${CMAKE_PREFIX_PATH}:/opt/ros/humble /usr/bin/cmake --install /home/superfunnyshark/repository/ros2_ws/src/build/my_first_pkg
[1.406s] Level 1:colcon.colcon_core.environment:checking '/home/superfunnyshark/repository/ros2_ws/src/install/my_first_pkg' for CMake module files
[1.407s] Level 1:colcon.colcon_core.environment:checking '/home/superfunnyshark/repository/ros2_ws/src/install/my_first_pkg' for CMake config files
[1.409s] Level 1:colcon.colcon_core.shell:create_environment_hook('my_first_pkg', 'cmake_prefix_path')
[1.409s] INFO:colcon.colcon_core.shell:Creating environment hook '/home/superfunnyshark/repository/ros2_ws/src/install/my_first_pkg/share/my_first_pkg/hook/cmake_prefix_path.ps1'
[1.410s] INFO:colcon.colcon_core.shell:Creating environment descriptor '/home/superfunnyshark/repository/ros2_ws/src/install/my_first_pkg/share/my_first_pkg/hook/cmake_prefix_path.dsv'
[1.411s] INFO:colcon.colcon_core.shell:Creating environment hook '/home/superfunnyshark/repository/ros2_ws/src/install/my_first_pkg/share/my_first_pkg/hook/cmake_prefix_path.sh'
[1.412s] Level 1:colcon.colcon_core.environment:checking '/home/superfunnyshark/repository/ros2_ws/src/install/my_first_pkg/lib'
[1.412s] Level 1:colcon.colcon_core.environment:checking '/home/superfunnyshark/repository/ros2_ws/src/install/my_first_pkg/bin'
[1.413s] Level 1:colcon.colcon_core.environment:checking '/home/superfunnyshark/repository/ros2_ws/src/install/my_first_pkg/lib/pkgconfig/my_first_pkg.pc'
[1.413s] Level 1:colcon.colcon_core.environment:checking '/home/superfunnyshark/repository/ros2_ws/src/install/my_first_pkg/lib/python3.10/site-packages'
[1.413s] Level 1:colcon.colcon_core.environment:checking '/home/superfunnyshark/repository/ros2_ws/src/install/my_first_pkg/bin'
[1.413s] INFO:colcon.colcon_core.shell:Creating package script '/home/superfunnyshark/repository/ros2_ws/src/install/my_first_pkg/share/my_first_pkg/package.ps1'
[1.414s] INFO:colcon.colcon_core.shell:Creating package descriptor '/home/superfunnyshark/repository/ros2_ws/src/install/my_first_pkg/share/my_first_pkg/package.dsv'
[1.415s] INFO:colcon.colcon_core.shell:Creating package script '/home/superfunnyshark/repository/ros2_ws/src/install/my_first_pkg/share/my_first_pkg/package.sh'
[1.417s] INFO:colcon.colcon_core.shell:Creating package script '/home/superfunnyshark/repository/ros2_ws/src/install/my_first_pkg/share/my_first_pkg/package.bash'
[1.418s] INFO:colcon.colcon_core.shell:Creating package script '/home/superfunnyshark/repository/ros2_ws/src/install/my_first_pkg/share/my_first_pkg/package.zsh'
[1.419s] Level 1:colcon.colcon_core.environment:create_file_with_runtime_dependencies(/home/superfunnyshark/repository/ros2_ws/src/install/my_first_pkg/share/colcon-core/packages/my_first_pkg)
[1.420s] Level 1:colcon.colcon_core.environment:create_environment_scripts_only(my_first_pkg)
[1.421s] Level 1:colcon.colcon_core.environment:checking '/home/superfunnyshark/repository/ros2_ws/src/install/my_first_pkg' for CMake module files
[1.422s] Level 1:colcon.colcon_core.environment:checking '/home/superfunnyshark/repository/ros2_ws/src/install/my_first_pkg' for CMake config files
[1.423s] Level 1:colcon.colcon_core.shell:create_environment_hook('my_first_pkg', 'cmake_prefix_path')
[1.423s] INFO:colcon.colcon_core.shell:Creating environment hook '/home/superfunnyshark/repository/ros2_ws/src/install/my_first_pkg/share/my_first_pkg/hook/cmake_prefix_path.ps1'
[1.424s] INFO:colcon.colcon_core.shell:Creating environment descriptor '/home/superfunnyshark/repository/ros2_ws/src/install/my_first_pkg/share/my_first_pkg/hook/cmake_prefix_path.dsv'
[1.424s] INFO:colcon.colcon_core.shell:Creating environment hook '/home/superfunnyshark/repository/ros2_ws/src/install/my_first_pkg/share/my_first_pkg/hook/cmake_prefix_path.sh'
[1.425s] Level 1:colcon.colcon_core.environment:checking '/home/superfunnyshark/repository/ros2_ws/src/install/my_first_pkg/lib'
[1.425s] Level 1:colcon.colcon_core.environment:checking '/home/superfunnyshark/repository/ros2_ws/src/install/my_first_pkg/bin'
[1.425s] Level 1:colcon.colcon_core.environment:checking '/home/superfunnyshark/repository/ros2_ws/src/install/my_first_pkg/lib/pkgconfig/my_first_pkg.pc'
[1.425s] Level 1:colcon.colcon_core.environment:checking '/home/superfunnyshark/repository/ros2_ws/src/install/my_first_pkg/lib/python3.10/site-packages'
[1.425s] Level 1:colcon.colcon_core.environment:checking '/home/superfunnyshark/repository/ros2_ws/src/install/my_first_pkg/bin'
[1.426s] INFO:colcon.colcon_core.shell:Creating package script '/home/superfunnyshark/repository/ros2_ws/src/install/my_first_pkg/share/my_first_pkg/package.ps1'
[1.426s] INFO:colcon.colcon_core.shell:Creating package descriptor '/home/superfunnyshark/repository/ros2_ws/src/install/my_first_pkg/share/my_first_pkg/package.dsv'
[1.427s] INFO:colcon.colcon_core.shell:Creating package script '/home/superfunnyshark/repository/ros2_ws/src/install/my_first_pkg/share/my_first_pkg/package.sh'
[1.428s] INFO:colcon.colcon_core.shell:Creating package script '/home/superfunnyshark/repository/ros2_ws/src/install/my_first_pkg/share/my_first_pkg/package.bash'
[1.428s] INFO:colcon.colcon_core.shell:Creating package script '/home/superfunnyshark/repository/ros2_ws/src/install/my_first_pkg/share/my_first_pkg/package.zsh'
[1.429s] Level 1:colcon.colcon_core.environment:create_file_with_runtime_dependencies(/home/superfunnyshark/repository/ros2_ws/src/install/my_first_pkg/share/colcon-core/packages/my_first_pkg)
[1.807s] Level 1:colcon.colcon_core.environment:create_environment_scripts_only(test_pkg)
[1.808s] Level 1:colcon.colcon_core.environment:checking '/home/superfunnyshark/repository/ros2_ws/src/install/test_pkg' for CMake module files
[1.808s] DEBUG:colcon.colcon_core.event_handler.log_command:Invoked command in '/home/superfunnyshark/repository/ros2_ws/src/build/test_pkg' returned '0': CMAKE_PREFIX_PATH=${CMAKE_PREFIX_PATH}:/opt/ros/humble /usr/bin/cmake --install /home/superfunnyshark/repository/ros2_ws/src/build/test_pkg
[1.809s] Level 1:colcon.colcon_core.environment:checking '/home/superfunnyshark/repository/ros2_ws/src/install/test_pkg' for CMake config files
[1.810s] Level 1:colcon.colcon_core.shell:create_environment_hook('test_pkg', 'cmake_prefix_path')
[1.811s] INFO:colcon.colcon_core.shell:Creating environment hook '/home/superfunnyshark/repository/ros2_ws/src/install/test_pkg/share/test_pkg/hook/cmake_prefix_path.ps1'
[1.812s] INFO:colcon.colcon_core.shell:Creating environment descriptor '/home/superfunnyshark/repository/ros2_ws/src/install/test_pkg/share/test_pkg/hook/cmake_prefix_path.dsv'
[1.812s] INFO:colcon.colcon_core.shell:Creating environment hook '/home/superfunnyshark/repository/ros2_ws/src/install/test_pkg/share/test_pkg/hook/cmake_prefix_path.sh'
[1.825s] Level 1:colcon.colcon_core.environment:checking '/home/superfunnyshark/repository/ros2_ws/src/install/test_pkg/lib'
[1.825s] Level 1:colcon.colcon_core.environment:checking '/home/superfunnyshark/repository/ros2_ws/src/install/test_pkg/bin'
[1.825s] Level 1:colcon.colcon_core.environment:checking '/home/superfunnyshark/repository/ros2_ws/src/install/test_pkg/lib/pkgconfig/test_pkg.pc'
[1.825s] Level 1:colcon.colcon_core.environment:checking '/home/superfunnyshark/repository/ros2_ws/src/install/test_pkg/lib/python3.10/site-packages'
[1.825s] Level 1:colcon.colcon_core.environment:checking '/home/superfunnyshark/repository/ros2_ws/src/install/test_pkg/bin'
[1.825s] INFO:colcon.colcon_core.shell:Creating package script '/home/superfunnyshark/repository/ros2_ws/src/install/test_pkg/share/test_pkg/package.ps1'
[1.826s] INFO:colcon.colcon_core.shell:Creating package descriptor '/home/superfunnyshark/repository/ros2_ws/src/install/test_pkg/share/test_pkg/package.dsv'
[1.827s] INFO:colcon.colcon_core.shell:Creating package script '/home/superfunnyshark/repository/ros2_ws/src/install/test_pkg/share/test_pkg/package.sh'
[1.828s] INFO:colcon.colcon_core.shell:Creating package script '/home/superfunnyshark/repository/ros2_ws/src/install/test_pkg/share/test_pkg/package.bash'
[1.828s] INFO:colcon.colcon_core.shell:Creating package script '/home/superfunnyshark/repository/ros2_ws/src/install/test_pkg/share/test_pkg/package.zsh'
[1.829s] Level 1:colcon.colcon_core.environment:create_file_with_runtime_dependencies(/home/superfunnyshark/repository/ros2_ws/src/install/test_pkg/share/colcon-core/packages/test_pkg)
[1.830s] Level 1:colcon.colcon_core.environment:create_environment_scripts_only(test_pkg)
[1.830s] Level 1:colcon.colcon_core.environment:checking '/home/superfunnyshark/repository/ros2_ws/src/install/test_pkg' for CMake module files
[1.832s] Level 1:colcon.colcon_core.environment:checking '/home/superfunnyshark/repository/ros2_ws/src/install/test_pkg' for CMake config files
[1.834s] Level 1:colcon.colcon_core.shell:create_environment_hook('test_pkg', 'cmake_prefix_path')
[1.834s] INFO:colcon.colcon_core.shell:Creating environment hook '/home/superfunnyshark/repository/ros2_ws/src/install/test_pkg/share/test_pkg/hook/cmake_prefix_path.ps1'
[1.836s] INFO:colcon.colcon_core.shell:Creating environment descriptor '/home/superfunnyshark/repository/ros2_ws/src/install/test_pkg/share/test_pkg/hook/cmake_prefix_path.dsv'
[1.837s] INFO:colcon.colcon_core.shell:Creating environment hook '/home/superfunnyshark/repository/ros2_ws/src/install/test_pkg/share/test_pkg/hook/cmake_prefix_path.sh'
[1.838s] Level 1:colcon.colcon_core.environment:checking '/home/superfunnyshark/repository/ros2_ws/src/install/test_pkg/lib'
[1.838s] Level 1:colcon.colcon_core.environment:checking '/home/superfunnyshark/repository/ros2_ws/src/install/test_pkg/bin'
[1.838s] Level 1:colcon.colcon_core.environment:checking '/home/superfunnyshark/repository/ros2_ws/src/install/test_pkg/lib/pkgconfig/test_pkg.pc'
[1.838s] Level 1:colcon.colcon_core.environment:checking '/home/superfunnyshark/repository/ros2_ws/src/install/test_pkg/lib/python3.10/site-packages'
[1.839s] Level 1:colcon.colcon_core.environment:checking '/home/superfunnyshark/repository/ros2_ws/src/install/test_pkg/bin'
[1.839s] INFO:colcon.colcon_core.shell:Creating package script '/home/superfunnyshark/repository/ros2_ws/src/install/test_pkg/share/test_pkg/package.ps1'
[1.842s] INFO:colcon.colcon_core.shell:Creating package descriptor '/home/superfunnyshark/repository/ros2_ws/src/install/test_pkg/share/test_pkg/package.dsv'
[1.843s] INFO:colcon.colcon_core.shell:Creating package script '/home/superfunnyshark/repository/ros2_ws/src/install/test_pkg/share/test_pkg/package.sh'
[1.843s] INFO:colcon.colcon_core.shell:Creating package script '/home/superfunnyshark/repository/ros2_ws/src/install/test_pkg/share/test_pkg/package.bash'
[1.844s] INFO:colcon.colcon_core.shell:Creating package script '/home/superfunnyshark/repository/ros2_ws/src/install/test_pkg/share/test_pkg/package.zsh'
[1.844s] Level 1:colcon.colcon_core.environment:create_file_with_runtime_dependencies(/home/superfunnyshark/repository/ros2_ws/src/install/test_pkg/share/colcon-core/packages/test_pkg)
[1.845s] DEBUG:colcon.colcon_parallel_executor.executor.parallel:closing loop
[1.845s] DEBUG:colcon.colcon_parallel_executor.executor.parallel:loop closed
[1.846s] DEBUG:colcon.colcon_parallel_executor.executor.parallel:run_until_complete finished with '0'
[1.846s] DEBUG:colcon.colcon_core.event_reactor:joining thread
[1.869s] INFO:colcon.colcon_core.plugin_system:Skipping extension 'colcon_notification.desktop_notification.notify_send': Could not find 'notify-send'
[1.869s] INFO:colcon.colcon_core.plugin_system:Skipping extension 'colcon_notification.desktop_notification.terminal_notifier': Not used on non-Darwin systems
[1.869s] INFO:colcon.colcon_core.plugin_system:Skipping extension 'colcon_notification.desktop_notification.win32': Not used on non-Windows systems
[1.869s] INFO:colcon.colcon_notification.desktop_notification:Sending desktop notification using 'notify2'
[1.869s] DEBUG:colcon.colcon_notification.desktop_notification.notify2:Failed to initialize notify2: org.freedesktop.DBus.Error.NotSupported: Unable to autolaunch a dbus-daemon without a $DISPLAY for X11
[1.869s] DEBUG:colcon.colcon_core.event_reactor:joined thread
[1.870s] INFO:colcon.colcon_core.shell:Creating prefix script '/home/superfunnyshark/repository/ros2_ws/src/install/local_setup.ps1'
[1.871s] INFO:colcon.colcon_core.shell:Creating prefix util module '/home/superfunnyshark/repository/ros2_ws/src/install/_local_setup_util_ps1.py'
[1.872s] INFO:colcon.colcon_core.shell:Creating prefix chain script '/home/superfunnyshark/repository/ros2_ws/src/install/setup.ps1'
[1.874s] INFO:colcon.colcon_core.shell:Creating prefix script '/home/superfunnyshark/repository/ros2_ws/src/install/local_setup.sh'
[1.875s] INFO:colcon.colcon_core.shell:Creating prefix util module '/home/superfunnyshark/repository/ros2_ws/src/install/_local_setup_util_sh.py'
[1.876s] INFO:colcon.colcon_core.shell:Creating prefix chain script '/home/superfunnyshark/repository/ros2_ws/src/install/setup.sh'
[1.878s] INFO:colcon.colcon_core.shell:Creating prefix script '/home/superfunnyshark/repository/ros2_ws/src/install/local_setup.bash'
[1.879s] INFO:colcon.colcon_core.shell:Creating prefix chain script '/home/superfunnyshark/repository/ros2_ws/src/install/setup.bash'
[1.881s] INFO:colcon.colcon_core.shell:Creating prefix script '/home/superfunnyshark/repository/ros2_ws/src/install/local_setup.zsh'
[1.882s] INFO:colcon.colcon_core.shell:Creating prefix chain script '/home/superfunnyshark/repository/ros2_ws/src/install/setup.zsh'
