[0.037s] Invoking command in '/home/superfunnyshark/repository/ros2_ws/build/lab1': CMAKE_PREFIX_PATH=${CMAKE_PREFIX_PATH}:/opt/ros/humble /usr/bin/cmake --build /home/superfunnyshark/repository/ros2_ws/build/lab1 -- -j8 -l8
[0.114s] -- Found ament_cmake: 1.3.11 (/opt/ros/humble/share/ament_cmake/cmake)
[0.318s] -- Override CMake install command with custom implementation using symlinks instead of copying resources
[0.476s] -- Found ament_lint_auto: 0.12.12 (/opt/ros/humble/share/ament_lint_auto/cmake)
[0.621s] -- Added test 'flake8' to check Python code syntax and style conventions
[0.623s] -- Added test 'lint_cmake' to check CMake code style
[0.624s] -- Added test 'pep257' to check Python code against some of the docstring style conventions in PEP 257
[0.631s] -- Added test 'xmllint' to check XML markup files
[0.645s] -- Configuring done
[0.748s] -- Generating done
[0.791s] -- Build files have been written to: /home/superfunnyshark/repository/ros2_ws/build/lab1
[0.915s] Built target ament_cmake_python_symlink_lab1
[1.259s] running egg_info
[1.259s] writing lab1.egg-info/PKG-INFO
[1.260s] writing dependency_links to lab1.egg-info/dependency_links.txt
[1.260s] writing top-level names to lab1.egg-info/top_level.txt
[1.262s] reading manifest file 'lab1.egg-info/SOURCES.txt'
[1.263s] writing manifest file 'lab1.egg-info/SOURCES.txt'
[1.298s] Built target ament_cmake_python_build_lab1_egg
[1.323s] Invoked command in '/home/superfunnyshark/repository/ros2_ws/build/lab1' returned '0': CMAKE_PREFIX_PATH=${CMAKE_PREFIX_PATH}:/opt/ros/humble /usr/bin/cmake --build /home/superfunnyshark/repository/ros2_ws/build/lab1 -- -j8 -l8
[1.337s] Invoking command in '/home/superfunnyshark/repository/ros2_ws/build/lab1': CMAKE_PREFIX_PATH=${CMAKE_PREFIX_PATH}:/opt/ros/humble /usr/bin/cmake --install /home/superfunnyshark/repository/ros2_ws/build/lab1
[1.342s] -- Install configuration: ""
[1.343s] -- Execute custom install script
[1.343s] -- Up-to-date symlink: /home/superfunnyshark/repository/ros2_ws/install/lab1/share/lab1/environment/pythonpath.sh
[1.344s] -- Up-to-date symlink: /home/superfunnyshark/repository/ros2_ws/install/lab1/share/lab1/environment/pythonpath.dsv
[1.344s] -- Up-to-date symlink: /home/superfunnyshark/repository/ros2_ws/install/lab1/local/lib/python3.10/dist-packages/lab1-0.0.0-py3.10.egg-info/PKG-INFO
[1.345s] -- Up-to-date symlink: /home/superfunnyshark/repository/ros2_ws/install/lab1/local/lib/python3.10/dist-packages/lab1-0.0.0-py3.10.egg-info/SOURCES.txt
[1.345s] -- Up-to-date symlink: /home/superfunnyshark/repository/ros2_ws/install/lab1/local/lib/python3.10/dist-packages/lab1-0.0.0-py3.10.egg-info/dependency_links.txt
[1.345s] -- Up-to-date symlink: /home/superfunnyshark/repository/ros2_ws/install/lab1/local/lib/python3.10/dist-packages/lab1-0.0.0-py3.10.egg-info/top_level.txt
[1.345s] -- Up-to-date symlink: /home/superfunnyshark/repository/ros2_ws/install/lab1/local/lib/python3.10/dist-packages/lab1/__init__.py
[1.346s] -- Up-to-date symlink: /home/superfunnyshark/repository/ros2_ws/install/lab1/lib/lab1/ros2_move_in_circles.py
[1.346s] -- Symlinking: /home/superfunnyshark/repository/ros2_ws/install/lab1/lib/lab1/obstacle_detector.py
[1.373s] -- Up-to-date symlink: /home/superfunnyshark/repository/ros2_ws/install/lab1/share/ament_index/resource_index/package_run_dependencies/lab1
[1.373s] -- Up-to-date symlink: /home/superfunnyshark/repository/ros2_ws/install/lab1/share/ament_index/resource_index/parent_prefix_path/lab1
[1.373s] -- Up-to-date symlink: /home/superfunnyshark/repository/ros2_ws/install/lab1/share/lab1/environment/ament_prefix_path.sh
[1.373s] -- Up-to-date symlink: /home/superfunnyshark/repository/ros2_ws/install/lab1/share/lab1/environment/ament_prefix_path.dsv
[1.373s] -- Up-to-date symlink: /home/superfunnyshark/repository/ros2_ws/install/lab1/share/lab1/environment/path.sh
[1.374s] -- Up-to-date symlink: /home/superfunnyshark/repository/ros2_ws/install/lab1/share/lab1/environment/path.dsv
[1.374s] -- Up-to-date symlink: /home/superfunnyshark/repository/ros2_ws/install/lab1/share/lab1/local_setup.bash
[1.374s] -- Up-to-date symlink: /home/superfunnyshark/repository/ros2_ws/install/lab1/share/lab1/local_setup.sh
[1.374s] -- Up-to-date symlink: /home/superfunnyshark/repository/ros2_ws/install/lab1/share/lab1/local_setup.zsh
[1.375s] -- Up-to-date symlink: /home/superfunnyshark/repository/ros2_ws/install/lab1/share/lab1/local_setup.dsv
[1.375s] -- Symlinking: /home/superfunnyshark/repository/ros2_ws/install/lab1/share/lab1/package.dsv
[1.400s] -- Up-to-date symlink: /home/superfunnyshark/repository/ros2_ws/install/lab1/share/ament_index/resource_index/packages/lab1
[1.401s] -- Up-to-date symlink: /home/superfunnyshark/repository/ros2_ws/install/lab1/share/lab1/cmake/lab1Config.cmake
[1.401s] -- Up-to-date symlink: /home/superfunnyshark/repository/ros2_ws/install/lab1/share/lab1/cmake/lab1Config-version.cmake
[1.401s] -- Up-to-date symlink: /home/superfunnyshark/repository/ros2_ws/install/lab1/share/lab1/package.xml
[1.445s] Listing '/home/superfunnyshark/repository/ros2_ws/install/lab1/local/lib/python3.10/dist-packages/lab1'...
[1.453s] Invoked command in '/home/superfunnyshark/repository/ros2_ws/build/lab1' returned '0': CMAKE_PREFIX_PATH=${CMAKE_PREFIX_PATH}:/opt/ros/humble /usr/bin/cmake --install /home/superfunnyshark/repository/ros2_ws/build/lab1
