[0.145s] DEBUG:colcon:Command line arguments: ['/usr/bin/colcon', 'build', '--symlink-install']
[0.146s] DEBUG:colcon:Parsed command line arguments: Namespace(log_base=None, log_level=None, verb_name='build', build_base='build', install_base='install', merge_install=False, symlink_install=True, test_result_base=None, continue_on_error=False, executor='parallel', parallel_workers=8, event_handlers=None, ignore_user_meta=False, metas=['./colcon.meta'], base_paths=['.'], packages_ignore=None, packages_ignore_regex=None, paths=None, packages_up_to=None, packages_up_to_regex=None, packages_above=None, packages_above_and_dependencies=None, packages_above_depth=None, packages_select_by_dep=None, packages_skip_by_dep=None, packages_skip_up_to=None, packages_select_build_failed=False, packages_skip_build_finished=False, packages_select_test_failures=False, packages_skip_test_passed=False, packages_select=None, packages_skip=None, packages_select_regex=None, packages_skip_regex=None, packages_start=None, packages_end=None, allow_overriding=[], cmake_args=None, cmake_target=None, cmake_target_skip_unavailable=False, cmake_clean_cache=False, cmake_clean_first=False, cmake_force_configure=False, ament_cmake_args=None, catkin_cmake_args=None, catkin_skip_building_tests=False, mixin_files=None, mixin=None, verb_parser=<colcon_mixin.mixin.mixin_argument.MixinArgumentDecorator object at 0x7f63c01c9090>, verb_extension=<colcon_core.verb.build.BuildVerb object at 0x7f63c02e9fc0>, main=<bound method BuildVerb.main of <colcon_core.verb.build.BuildVerb object at 0x7f63c02e9fc0>>, mixin_verb=('build',))
[0.379s] Level 1:colcon.colcon_core.package_discovery:discover_packages(colcon_meta) check parameters
[0.379s] Level 1:colcon.colcon_core.package_discovery:discover_packages(recursive) check parameters
[0.379s] Level 1:colcon.colcon_core.package_discovery:discover_packages(ignore) check parameters
[0.379s] Level 1:colcon.colcon_core.package_discovery:discover_packages(path) check parameters
[0.379s] Level 1:colcon.colcon_core.package_discovery:discover_packages(colcon_meta) discover
[0.379s] Level 1:colcon.colcon_core.package_discovery:discover_packages(recursive) discover
[0.379s] INFO:colcon.colcon_core.package_discovery:Crawling recursively for packages in '/home/superfunnyshark/repository/ros2_ws/src'
[0.379s] Level 1:colcon.colcon_core.package_identification:_identify(.) by extensions ['ignore', 'ignore_ament_install']
[0.379s] Level 1:colcon.colcon_core.package_identification:_identify(.) by extension 'ignore'
[0.379s] Level 1:colcon.colcon_core.package_identification:_identify(.) by extension 'ignore_ament_install'
[0.380s] Level 1:colcon.colcon_core.package_identification:_identify(.) by extensions ['colcon_pkg']
[0.380s] Level 1:colcon.colcon_core.package_identification:_identify(.) by extension 'colcon_pkg'
[0.380s] Level 1:colcon.colcon_core.package_identification:_identify(.) by extensions ['colcon_meta']
[0.380s] Level 1:colcon.colcon_core.package_identification:_identify(.) by extension 'colcon_meta'
[0.380s] Level 1:colcon.colcon_core.package_identification:_identify(.) by extensions ['ros']
[0.380s] Level 1:colcon.colcon_core.package_identification:_identify(.) by extension 'ros'
[0.391s] Level 1:colcon.colcon_core.package_identification:_identify(.) by extensions ['cmake', 'python']
[0.391s] Level 1:colcon.colcon_core.package_identification:_identify(.) by extension 'cmake'
[0.391s] Level 1:colcon.colcon_core.package_identification:_identify(.) by extension 'python'
[0.391s] Level 1:colcon.colcon_core.package_identification:_identify(.) by extensions ['python_setup_py']
[0.391s] Level 1:colcon.colcon_core.package_identification:_identify(.) by extension 'python_setup_py'
[0.391s] Level 1:colcon.colcon_core.package_identification:_identify(build) by extensions ['ignore', 'ignore_ament_install']
[0.391s] Level 1:colcon.colcon_core.package_identification:_identify(build) by extension 'ignore'
[0.391s] Level 1:colcon.colcon_core.package_identification:_identify(build) ignored
[0.391s] Level 1:colcon.colcon_core.package_identification:_identify(install) by extensions ['ignore', 'ignore_ament_install']
[0.391s] Level 1:colcon.colcon_core.package_identification:_identify(install) by extension 'ignore'
[0.391s] Level 1:colcon.colcon_core.package_identification:_identify(install) ignored
[0.392s] Level 1:colcon.colcon_core.package_identification:_identify(lab1) by extensions ['ignore', 'ignore_ament_install']
[0.392s] Level 1:colcon.colcon_core.package_identification:_identify(lab1) by extension 'ignore'
[0.392s] Level 1:colcon.colcon_core.package_identification:_identify(lab1) by extension 'ignore_ament_install'
[0.392s] Level 1:colcon.colcon_core.package_identification:_identify(lab1) by extensions ['colcon_pkg']
[0.392s] Level 1:colcon.colcon_core.package_identification:_identify(lab1) by extension 'colcon_pkg'
[0.392s] Level 1:colcon.colcon_core.package_identification:_identify(lab1) by extensions ['colcon_meta']
[0.392s] Level 1:colcon.colcon_core.package_identification:_identify(lab1) by extension 'colcon_meta'
[0.392s] Level 1:colcon.colcon_core.package_identification:_identify(lab1) by extensions ['ros']
[0.392s] Level 1:colcon.colcon_core.package_identification:_identify(lab1) by extension 'ros'
[0.394s] DEBUG:colcon.colcon_core.package_identification:Package 'lab1' with type 'ros.ament_cmake' and name 'lab1'
[0.395s] Level 1:colcon.colcon_core.package_identification:_identify(log) by extensions ['ignore', 'ignore_ament_install']
[0.395s] Level 1:colcon.colcon_core.package_identification:_identify(log) by extension 'ignore'
[0.395s] Level 1:colcon.colcon_core.package_identification:_identify(log) ignored
[0.395s] Level 1:colcon.colcon_core.package_identification:_identify(my_first_pkg) by extensions ['ignore', 'ignore_ament_install']
[0.395s] Level 1:colcon.colcon_core.package_identification:_identify(my_first_pkg) by extension 'ignore'
[0.395s] Level 1:colcon.colcon_core.package_identification:_identify(my_first_pkg) by extension 'ignore_ament_install'
[0.395s] Level 1:colcon.colcon_core.package_identification:_identify(my_first_pkg) by extensions ['colcon_pkg']
[0.395s] Level 1:colcon.colcon_core.package_identification:_identify(my_first_pkg) by extension 'colcon_pkg'
[0.395s] Level 1:colcon.colcon_core.package_identification:_identify(my_first_pkg) by extensions ['colcon_meta']
[0.395s] Level 1:colcon.colcon_core.package_identification:_identify(my_first_pkg) by extension 'colcon_meta'
[0.395s] Level 1:colcon.colcon_core.package_identification:_identify(my_first_pkg) by extensions ['ros']
[0.395s] Level 1:colcon.colcon_core.package_identification:_identify(my_first_pkg) by extension 'ros'
[0.396s] DEBUG:colcon.colcon_core.package_identification:Package 'my_first_pkg' with type 'ros.ament_cmake' and name 'my_first_pkg'
[0.396s] Level 1:colcon.colcon_core.package_identification:_identify(test_pkg) by extensions ['ignore', 'ignore_ament_install']
[0.396s] Level 1:colcon.colcon_core.package_identification:_identify(test_pkg) by extension 'ignore'
[0.396s] Level 1:colcon.colcon_core.package_identification:_identify(test_pkg) by extension 'ignore_ament_install'
[0.396s] Level 1:colcon.colcon_core.package_identification:_identify(test_pkg) by extensions ['colcon_pkg']
[0.396s] Level 1:colcon.colcon_core.package_identification:_identify(test_pkg) by extension 'colcon_pkg'
[0.396s] Level 1:colcon.colcon_core.package_identification:_identify(test_pkg) by extensions ['colcon_meta']
[0.396s] Level 1:colcon.colcon_core.package_identification:_identify(test_pkg) by extension 'colcon_meta'
[0.396s] Level 1:colcon.colcon_core.package_identification:_identify(test_pkg) by extensions ['ros']
[0.396s] Level 1:colcon.colcon_core.package_identification:_identify(test_pkg) by extension 'ros'
[0.397s] DEBUG:colcon.colcon_core.package_identification:Package 'test_pkg' with type 'ros.ament_cmake' and name 'test_pkg'
[0.397s] Level 1:colcon.colcon_core.package_discovery:discover_packages(recursive) using defaults
[0.397s] Level 1:colcon.colcon_core.package_discovery:discover_packages(ignore) discover
[0.397s] Level 1:colcon.colcon_core.package_discovery:discover_packages(ignore) using defaults
[0.397s] Level 1:colcon.colcon_core.package_discovery:discover_packages(path) discover
[0.397s] Level 1:colcon.colcon_core.package_discovery:discover_packages(path) using defaults
[0.426s] Level 1:colcon.colcon_core.package_discovery:discover_packages(prefix_path) check parameters
[0.426s] Level 1:colcon.colcon_core.package_discovery:discover_packages(prefix_path) discover
[0.429s] DEBUG:colcon.colcon_installed_package_information.package_discovery:Found 2 installed packages in /home/superfunnyshark/ros2_ws/install
[0.429s] DEBUG:colcon.colcon_installed_package_information.package_discovery:Found 1 installed packages in /home/superfunnyshark/repository/ros2_ws/install
[0.431s] DEBUG:colcon.colcon_installed_package_information.package_discovery:Found 274 installed packages in /opt/ros/humble
[0.432s] Level 1:colcon.colcon_core.package_discovery:discover_packages(prefix_path) using defaults
[0.476s] Level 5:colcon.colcon_core.verb:set package 'lab1' build argument 'cmake_args' from command line to 'None'
[0.476s] Level 5:colcon.colcon_core.verb:set package 'lab1' build argument 'cmake_target' from command line to 'None'
[0.476s] Level 5:colcon.colcon_core.verb:set package 'lab1' build argument 'cmake_target_skip_unavailable' from command line to 'False'
[0.476s] Level 5:colcon.colcon_core.verb:set package 'lab1' build argument 'cmake_clean_cache' from command line to 'False'
[0.476s] Level 5:colcon.colcon_core.verb:set package 'lab1' build argument 'cmake_clean_first' from command line to 'False'
[0.476s] Level 5:colcon.colcon_core.verb:set package 'lab1' build argument 'cmake_force_configure' from command line to 'False'
[0.476s] Level 5:colcon.colcon_core.verb:set package 'lab1' build argument 'ament_cmake_args' from command line to 'None'
[0.476s] Level 5:colcon.colcon_core.verb:set package 'lab1' build argument 'catkin_cmake_args' from command line to 'None'
[0.476s] Level 5:colcon.colcon_core.verb:set package 'lab1' build argument 'catkin_skip_building_tests' from command line to 'False'
[0.477s] DEBUG:colcon.colcon_core.verb:Building package 'lab1' with the following arguments: {'ament_cmake_args': None, 'build_base': '/home/superfunnyshark/repository/ros2_ws/src/build/lab1', 'catkin_cmake_args': None, 'catkin_skip_building_tests': False, 'cmake_args': None, 'cmake_clean_cache': False, 'cmake_clean_first': False, 'cmake_force_configure': False, 'cmake_target': None, 'cmake_target_skip_unavailable': False, 'install_base': '/home/superfunnyshark/repository/ros2_ws/src/install/lab1', 'merge_install': False, 'path': '/home/superfunnyshark/repository/ros2_ws/src/lab1', 'symlink_install': True, 'test_result_base': None}
[0.477s] Level 5:colcon.colcon_core.verb:set package 'my_first_pkg' build argument 'cmake_args' from command line to 'None'
[0.477s] Level 5:colcon.colcon_core.verb:set package 'my_first_pkg' build argument 'cmake_target' from command line to 'None'
[0.477s] Level 5:colcon.colcon_core.verb:set package 'my_first_pkg' build argument 'cmake_target_skip_unavailable' from command line to 'False'
[0.477s] Level 5:colcon.colcon_core.verb:set package 'my_first_pkg' build argument 'cmake_clean_cache' from command line to 'False'
[0.477s] Level 5:colcon.colcon_core.verb:set package 'my_first_pkg' build argument 'cmake_clean_first' from command line to 'False'
[0.477s] Level 5:colcon.colcon_core.verb:set package 'my_first_pkg' build argument 'cmake_force_configure' from command line to 'False'
[0.477s] Level 5:colcon.colcon_core.verb:set package 'my_first_pkg' build argument 'ament_cmake_args' from command line to 'None'
[0.477s] Level 5:colcon.colcon_core.verb:set package 'my_first_pkg' build argument 'catkin_cmake_args' from command line to 'None'
[0.477s] Level 5:colcon.colcon_core.verb:set package 'my_first_pkg' build argument 'catkin_skip_building_tests' from command line to 'False'
[0.477s] DEBUG:colcon.colcon_core.verb:Building package 'my_first_pkg' with the following arguments: {'ament_cmake_args': None, 'build_base': '/home/superfunnyshark/repository/ros2_ws/src/build/my_first_pkg', 'catkin_cmake_args': None, 'catkin_skip_building_tests': False, 'cmake_args': None, 'cmake_clean_cache': False, 'cmake_clean_first': False, 'cmake_force_configure': False, 'cmake_target': None, 'cmake_target_skip_unavailable': False, 'install_base': '/home/superfunnyshark/repository/ros2_ws/src/install/my_first_pkg', 'merge_install': False, 'path': '/home/superfunnyshark/repository/ros2_ws/src/my_first_pkg', 'symlink_install': True, 'test_result_base': None}
[0.477s] Level 5:colcon.colcon_core.verb:set package 'test_pkg' build argument 'cmake_args' from command line to 'None'
[0.477s] Level 5:colcon.colcon_core.verb:set package 'test_pkg' build argument 'cmake_target' from command line to 'None'
[0.477s] Level 5:colcon.colcon_core.verb:set package 'test_pkg' build argument 'cmake_target_skip_unavailable' from command line to 'False'
[0.477s] Level 5:colcon.colcon_core.verb:set package 'test_pkg' build argument 'cmake_clean_cache' from command line to 'False'
[0.477s] Level 5:colcon.colcon_core.verb:set package 'test_pkg' build argument 'cmake_clean_first' from command line to 'False'
[0.477s] Level 5:colcon.colcon_core.verb:set package 'test_pkg' build argument 'cmake_force_configure' from command line to 'False'
[0.477s] Level 5:colcon.colcon_core.verb:set package 'test_pkg' build argument 'ament_cmake_args' from command line to 'None'
[0.477s] Level 5:colcon.colcon_core.verb:set package 'test_pkg' build argument 'catkin_cmake_args' from command line to 'None'
[0.477s] Level 5:colcon.colcon_core.verb:set package 'test_pkg' build argument 'catkin_skip_building_tests' from command line to 'False'
[0.477s] DEBUG:colcon.colcon_core.verb:Building package 'test_pkg' with the following arguments: {'ament_cmake_args': None, 'build_base': '/home/superfunnyshark/repository/ros2_ws/src/build/test_pkg', 'catkin_cmake_args': None, 'catkin_skip_building_tests': False, 'cmake_args': None, 'cmake_clean_cache': False, 'cmake_clean_first': False, 'cmake_force_configure': False, 'cmake_target': None, 'cmake_target_skip_unavailable': False, 'install_base': '/home/superfunnyshark/repository/ros2_ws/src/install/test_pkg', 'merge_install': False, 'path': '/home/superfunnyshark/repository/ros2_ws/src/test_pkg', 'symlink_install': True, 'test_result_base': None}
[0.477s] INFO:colcon.colcon_core.executor:Executing jobs using 'parallel' executor
[0.478s] DEBUG:colcon.colcon_parallel_executor.executor.parallel:run_until_complete
[0.479s] INFO:colcon.colcon_ros.task.ament_cmake.build:Building ROS package in '/home/superfunnyshark/repository/ros2_ws/src/lab1' with build type 'ament_cmake'
[0.479s] INFO:colcon.colcon_cmake.task.cmake.build:Building CMake package in '/home/superfunnyshark/repository/ros2_ws/src/lab1'
[0.484s] INFO:colcon.colcon_core.plugin_system:Skipping extension 'colcon_core.shell.bat': Not used on non-Windows systems
[0.484s] INFO:colcon.colcon_core.shell:Skip shell extension 'powershell' for command environment: Not usable outside of PowerShell
[0.484s] DEBUG:colcon.colcon_core.shell:Skip shell extension 'dsv' for command environment
[0.492s] INFO:colcon.colcon_ros.task.ament_cmake.build:Building ROS package in '/home/superfunnyshark/repository/ros2_ws/src/my_first_pkg' with build type 'ament_cmake'
[0.492s] INFO:colcon.colcon_cmake.task.cmake.build:Building CMake package in '/home/superfunnyshark/repository/ros2_ws/src/my_first_pkg'
[0.492s] INFO:colcon.colcon_core.shell:Skip shell extension 'powershell' for command environment: Not usable outside of PowerShell
[0.492s] DEBUG:colcon.colcon_core.shell:Skip shell extension 'dsv' for command environment
[0.500s] INFO:colcon.colcon_ros.task.ament_cmake.build:Building ROS package in '/home/superfunnyshark/repository/ros2_ws/src/test_pkg' with build type 'ament_cmake'
[0.500s] INFO:colcon.colcon_cmake.task.cmake.build:Building CMake package in '/home/superfunnyshark/repository/ros2_ws/src/test_pkg'
[0.500s] INFO:colcon.colcon_core.shell:Skip shell extension 'powershell' for command environment: Not usable outside of PowerShell
[0.501s] DEBUG:colcon.colcon_core.shell:Skip shell extension 'dsv' for command environment
[0.531s] DEBUG:colcon.colcon_core.event_handler.log_command:Invoking command in '/home/superfunnyshark/repository/ros2_ws/src/build/lab1': CMAKE_PREFIX_PATH=${CMAKE_PREFIX_PATH}:/opt/ros/humble /usr/bin/cmake /home/superfunnyshark/repository/ros2_ws/src/lab1 -DAMENT_CMAKE_SYMLINK_INSTALL=1 -DCMAKE_INSTALL_PREFIX=/home/superfunnyshark/repository/ros2_ws/src/install/lab1
[0.538s] DEBUG:colcon.colcon_core.event_handler.log_command:Invoking command in '/home/superfunnyshark/repository/ros2_ws/src/build/my_first_pkg': CMAKE_PREFIX_PATH=${CMAKE_PREFIX_PATH}:/opt/ros/humble /usr/bin/cmake --build /home/superfunnyshark/repository/ros2_ws/src/build/my_first_pkg -- -j8 -l8
[0.542s] DEBUG:colcon.colcon_core.event_handler.log_command:Invoking command in '/home/superfunnyshark/repository/ros2_ws/src/build/test_pkg': CMAKE_PREFIX_PATH=${CMAKE_PREFIX_PATH}:/opt/ros/humble /usr/bin/cmake --build /home/superfunnyshark/repository/ros2_ws/src/build/test_pkg -- -j8 -l8
[1.306s] DEBUG:colcon.colcon_core.event_handler.log_command:Invoked command in '/home/superfunnyshark/repository/ros2_ws/src/build/test_pkg' returned '0': CMAKE_PREFIX_PATH=${CMAKE_PREFIX_PATH}:/opt/ros/humble /usr/bin/cmake --build /home/superfunnyshark/repository/ros2_ws/src/build/test_pkg -- -j8 -l8
[1.338s] DEBUG:colcon.colcon_core.event_handler.log_command:Invoking command in '/home/superfunnyshark/repository/ros2_ws/src/build/test_pkg': CMAKE_PREFIX_PATH=${CMAKE_PREFIX_PATH}:/opt/ros/humble /usr/bin/cmake --install /home/superfunnyshark/repository/ros2_ws/src/build/test_pkg
[1.339s] DEBUG:colcon.colcon_core.event_handler.log_command:Invoked command in '/home/superfunnyshark/repository/ros2_ws/src/build/my_first_pkg' returned '0': CMAKE_PREFIX_PATH=${CMAKE_PREFIX_PATH}:/opt/ros/humble /usr/bin/cmake --build /home/superfunnyshark/repository/ros2_ws/src/build/my_first_pkg -- -j8 -l8
[1.340s] DEBUG:colcon.colcon_core.event_handler.log_command:Invoking command in '/home/superfunnyshark/repository/ros2_ws/src/build/my_first_pkg': CMAKE_PREFIX_PATH=${CMAKE_PREFIX_PATH}:/opt/ros/humble /usr/bin/cmake --install /home/superfunnyshark/repository/ros2_ws/src/build/my_first_pkg
[1.447s] Level 1:colcon.colcon_core.environment:create_environment_scripts_only(test_pkg)
[1.448s] DEBUG:colcon.colcon_core.event_handler.log_command:Invoked command in '/home/superfunnyshark/repository/ros2_ws/src/build/test_pkg' returned '0': CMAKE_PREFIX_PATH=${CMAKE_PREFIX_PATH}:/opt/ros/humble /usr/bin/cmake --install /home/superfunnyshark/repository/ros2_ws/src/build/test_pkg
[1.451s] Level 1:colcon.colcon_core.environment:checking '/home/superfunnyshark/repository/ros2_ws/src/install/test_pkg' for CMake module files
[1.452s] Level 1:colcon.colcon_core.environment:checking '/home/superfunnyshark/repository/ros2_ws/src/install/test_pkg' for CMake config files
[1.454s] Level 1:colcon.colcon_core.shell:create_environment_hook('test_pkg', 'cmake_prefix_path')
[1.454s] INFO:colcon.colcon_core.shell:Creating environment hook '/home/superfunnyshark/repository/ros2_ws/src/install/test_pkg/share/test_pkg/hook/cmake_prefix_path.ps1'
[1.455s] INFO:colcon.colcon_core.shell:Creating environment descriptor '/home/superfunnyshark/repository/ros2_ws/src/install/test_pkg/share/test_pkg/hook/cmake_prefix_path.dsv'
[1.456s] INFO:colcon.colcon_core.shell:Creating environment hook '/home/superfunnyshark/repository/ros2_ws/src/install/test_pkg/share/test_pkg/hook/cmake_prefix_path.sh'
[1.457s] Level 1:colcon.colcon_core.environment:checking '/home/superfunnyshark/repository/ros2_ws/src/install/test_pkg/lib'
[1.457s] Level 1:colcon.colcon_core.environment:checking '/home/superfunnyshark/repository/ros2_ws/src/install/test_pkg/bin'
[1.457s] Level 1:colcon.colcon_core.environment:checking '/home/superfunnyshark/repository/ros2_ws/src/install/test_pkg/lib/pkgconfig/test_pkg.pc'
[1.458s] Level 1:colcon.colcon_core.environment:checking '/home/superfunnyshark/repository/ros2_ws/src/install/test_pkg/lib/python3.10/site-packages'
[1.458s] Level 1:colcon.colcon_core.environment:checking '/home/superfunnyshark/repository/ros2_ws/src/install/test_pkg/bin'
[1.458s] INFO:colcon.colcon_core.shell:Creating package script '/home/superfunnyshark/repository/ros2_ws/src/install/test_pkg/share/test_pkg/package.ps1'
[1.459s] INFO:colcon.colcon_core.shell:Creating package descriptor '/home/superfunnyshark/repository/ros2_ws/src/install/test_pkg/share/test_pkg/package.dsv'
[1.460s] INFO:colcon.colcon_core.shell:Creating package script '/home/superfunnyshark/repository/ros2_ws/src/install/test_pkg/share/test_pkg/package.sh'
[1.461s] INFO:colcon.colcon_core.shell:Creating package script '/home/superfunnyshark/repository/ros2_ws/src/install/test_pkg/share/test_pkg/package.bash'
[1.462s] INFO:colcon.colcon_core.shell:Creating package script '/home/superfunnyshark/repository/ros2_ws/src/install/test_pkg/share/test_pkg/package.zsh'
[1.463s] Level 1:colcon.colcon_core.environment:create_file_with_runtime_dependencies(/home/superfunnyshark/repository/ros2_ws/src/install/test_pkg/share/colcon-core/packages/test_pkg)
[1.464s] Level 1:colcon.colcon_core.environment:create_environment_scripts_only(test_pkg)
[1.464s] Level 1:colcon.colcon_core.environment:checking '/home/superfunnyshark/repository/ros2_ws/src/install/test_pkg' for CMake module files
[1.465s] Level 1:colcon.colcon_core.environment:checking '/home/superfunnyshark/repository/ros2_ws/src/install/test_pkg' for CMake config files
[1.467s] Level 1:colcon.colcon_core.shell:create_environment_hook('test_pkg', 'cmake_prefix_path')
[1.467s] INFO:colcon.colcon_core.shell:Creating environment hook '/home/superfunnyshark/repository/ros2_ws/src/install/test_pkg/share/test_pkg/hook/cmake_prefix_path.ps1'
[1.468s] INFO:colcon.colcon_core.shell:Creating environment descriptor '/home/superfunnyshark/repository/ros2_ws/src/install/test_pkg/share/test_pkg/hook/cmake_prefix_path.dsv'
[1.469s] INFO:colcon.colcon_core.shell:Creating environment hook '/home/superfunnyshark/repository/ros2_ws/src/install/test_pkg/share/test_pkg/hook/cmake_prefix_path.sh'
[1.470s] Level 1:colcon.colcon_core.environment:checking '/home/superfunnyshark/repository/ros2_ws/src/install/test_pkg/lib'
[1.470s] Level 1:colcon.colcon_core.environment:checking '/home/superfunnyshark/repository/ros2_ws/src/install/test_pkg/bin'
[1.470s] Level 1:colcon.colcon_core.environment:checking '/home/superfunnyshark/repository/ros2_ws/src/install/test_pkg/lib/pkgconfig/test_pkg.pc'
[1.470s] Level 1:colcon.colcon_core.environment:checking '/home/superfunnyshark/repository/ros2_ws/src/install/test_pkg/lib/python3.10/site-packages'
[1.470s] Level 1:colcon.colcon_core.environment:checking '/home/superfunnyshark/repository/ros2_ws/src/install/test_pkg/bin'
[1.470s] INFO:colcon.colcon_core.shell:Creating package script '/home/superfunnyshark/repository/ros2_ws/src/install/test_pkg/share/test_pkg/package.ps1'
[1.471s] INFO:colcon.colcon_core.shell:Creating package descriptor '/home/superfunnyshark/repository/ros2_ws/src/install/test_pkg/share/test_pkg/package.dsv'
[1.472s] INFO:colcon.colcon_core.shell:Creating package script '/home/superfunnyshark/repository/ros2_ws/src/install/test_pkg/share/test_pkg/package.sh'
[1.472s] INFO:colcon.colcon_core.shell:Creating package script '/home/superfunnyshark/repository/ros2_ws/src/install/test_pkg/share/test_pkg/package.bash'
[1.473s] INFO:colcon.colcon_core.shell:Creating package script '/home/superfunnyshark/repository/ros2_ws/src/install/test_pkg/share/test_pkg/package.zsh'
[1.474s] Level 1:colcon.colcon_core.environment:create_file_with_runtime_dependencies(/home/superfunnyshark/repository/ros2_ws/src/install/test_pkg/share/colcon-core/packages/test_pkg)
[1.477s] Level 1:colcon.colcon_core.environment:create_environment_scripts_only(my_first_pkg)
[1.477s] Level 1:colcon.colcon_core.environment:checking '/home/superfunnyshark/repository/ros2_ws/src/install/my_first_pkg' for CMake module files
[1.479s] DEBUG:colcon.colcon_core.event_handler.log_command:Invoked command in '/home/superfunnyshark/repository/ros2_ws/src/build/my_first_pkg' returned '0': CMAKE_PREFIX_PATH=${CMAKE_PREFIX_PATH}:/opt/ros/humble /usr/bin/cmake --install /home/superfunnyshark/repository/ros2_ws/src/build/my_first_pkg
[1.479s] Level 1:colcon.colcon_core.environment:checking '/home/superfunnyshark/repository/ros2_ws/src/install/my_first_pkg' for CMake config files
[1.482s] Level 1:colcon.colcon_core.shell:create_environment_hook('my_first_pkg', 'cmake_prefix_path')
[1.482s] INFO:colcon.colcon_core.shell:Creating environment hook '/home/superfunnyshark/repository/ros2_ws/src/install/my_first_pkg/share/my_first_pkg/hook/cmake_prefix_path.ps1'
[1.483s] INFO:colcon.colcon_core.shell:Creating environment descriptor '/home/superfunnyshark/repository/ros2_ws/src/install/my_first_pkg/share/my_first_pkg/hook/cmake_prefix_path.dsv'
[1.484s] INFO:colcon.colcon_core.shell:Creating environment hook '/home/superfunnyshark/repository/ros2_ws/src/install/my_first_pkg/share/my_first_pkg/hook/cmake_prefix_path.sh'
[1.485s] Level 1:colcon.colcon_core.environment:checking '/home/superfunnyshark/repository/ros2_ws/src/install/my_first_pkg/lib'
[1.485s] Level 1:colcon.colcon_core.environment:checking '/home/superfunnyshark/repository/ros2_ws/src/install/my_first_pkg/bin'
[1.485s] Level 1:colcon.colcon_core.environment:checking '/home/superfunnyshark/repository/ros2_ws/src/install/my_first_pkg/lib/pkgconfig/my_first_pkg.pc'
[1.486s] Level 1:colcon.colcon_core.environment:checking '/home/superfunnyshark/repository/ros2_ws/src/install/my_first_pkg/lib/python3.10/site-packages'
[1.486s] Level 1:colcon.colcon_core.environment:checking '/home/superfunnyshark/repository/ros2_ws/src/install/my_first_pkg/bin'
[1.486s] INFO:colcon.colcon_core.shell:Creating package script '/home/superfunnyshark/repository/ros2_ws/src/install/my_first_pkg/share/my_first_pkg/package.ps1'
[1.487s] INFO:colcon.colcon_core.shell:Creating package descriptor '/home/superfunnyshark/repository/ros2_ws/src/install/my_first_pkg/share/my_first_pkg/package.dsv'
[1.488s] INFO:colcon.colcon_core.shell:Creating package script '/home/superfunnyshark/repository/ros2_ws/src/install/my_first_pkg/share/my_first_pkg/package.sh'
[1.489s] INFO:colcon.colcon_core.shell:Creating package script '/home/superfunnyshark/repository/ros2_ws/src/install/my_first_pkg/share/my_first_pkg/package.bash'
[1.489s] INFO:colcon.colcon_core.shell:Creating package script '/home/superfunnyshark/repository/ros2_ws/src/install/my_first_pkg/share/my_first_pkg/package.zsh'
[1.490s] Level 1:colcon.colcon_core.environment:create_file_with_runtime_dependencies(/home/superfunnyshark/repository/ros2_ws/src/install/my_first_pkg/share/colcon-core/packages/my_first_pkg)
[1.491s] Level 1:colcon.colcon_core.environment:create_environment_scripts_only(my_first_pkg)
[1.491s] Level 1:colcon.colcon_core.environment:checking '/home/superfunnyshark/repository/ros2_ws/src/install/my_first_pkg' for CMake module files
[1.492s] Level 1:colcon.colcon_core.environment:checking '/home/superfunnyshark/repository/ros2_ws/src/install/my_first_pkg' for CMake config files
[1.494s] Level 1:colcon.colcon_core.shell:create_environment_hook('my_first_pkg', 'cmake_prefix_path')
[1.494s] INFO:colcon.colcon_core.shell:Creating environment hook '/home/superfunnyshark/repository/ros2_ws/src/install/my_first_pkg/share/my_first_pkg/hook/cmake_prefix_path.ps1'
[1.495s] INFO:colcon.colcon_core.shell:Creating environment descriptor '/home/superfunnyshark/repository/ros2_ws/src/install/my_first_pkg/share/my_first_pkg/hook/cmake_prefix_path.dsv'
[1.496s] INFO:colcon.colcon_core.shell:Creating environment hook '/home/superfunnyshark/repository/ros2_ws/src/install/my_first_pkg/share/my_first_pkg/hook/cmake_prefix_path.sh'
[1.496s] Level 1:colcon.colcon_core.environment:checking '/home/superfunnyshark/repository/ros2_ws/src/install/my_first_pkg/lib'
[1.497s] Level 1:colcon.colcon_core.environment:checking '/home/superfunnyshark/repository/ros2_ws/src/install/my_first_pkg/bin'
[1.497s] Level 1:colcon.colcon_core.environment:checking '/home/superfunnyshark/repository/ros2_ws/src/install/my_first_pkg/lib/pkgconfig/my_first_pkg.pc'
[1.497s] Level 1:colcon.colcon_core.environment:checking '/home/superfunnyshark/repository/ros2_ws/src/install/my_first_pkg/lib/python3.10/site-packages'
[1.497s] Level 1:colcon.colcon_core.environment:checking '/home/superfunnyshark/repository/ros2_ws/src/install/my_first_pkg/bin'
[1.497s] INFO:colcon.colcon_core.shell:Creating package script '/home/superfunnyshark/repository/ros2_ws/src/install/my_first_pkg/share/my_first_pkg/package.ps1'
[1.498s] INFO:colcon.colcon_core.shell:Creating package descriptor '/home/superfunnyshark/repository/ros2_ws/src/install/my_first_pkg/share/my_first_pkg/package.dsv'
[1.499s] INFO:colcon.colcon_core.shell:Creating package script '/home/superfunnyshark/repository/ros2_ws/src/install/my_first_pkg/share/my_first_pkg/package.sh'
[1.499s] INFO:colcon.colcon_core.shell:Creating package script '/home/superfunnyshark/repository/ros2_ws/src/install/my_first_pkg/share/my_first_pkg/package.bash'
[1.500s] INFO:colcon.colcon_core.shell:Creating package script '/home/superfunnyshark/repository/ros2_ws/src/install/my_first_pkg/share/my_first_pkg/package.zsh'
[1.500s] Level 1:colcon.colcon_core.environment:create_file_with_runtime_dependencies(/home/superfunnyshark/repository/ros2_ws/src/install/my_first_pkg/share/colcon-core/packages/my_first_pkg)
[2.788s] DEBUG:colcon.colcon_core.event_handler.log_command:Invoked command in '/home/superfunnyshark/repository/ros2_ws/src/build/lab1' returned '0': CMAKE_PREFIX_PATH=${CMAKE_PREFIX_PATH}:/opt/ros/humble /usr/bin/cmake /home/superfunnyshark/repository/ros2_ws/src/lab1 -DAMENT_CMAKE_SYMLINK_INSTALL=1 -DCMAKE_INSTALL_PREFIX=/home/superfunnyshark/repository/ros2_ws/src/install/lab1
[2.791s] DEBUG:colcon.colcon_core.event_handler.log_command:Invoking command in '/home/superfunnyshark/repository/ros2_ws/src/build/lab1': CMAKE_PREFIX_PATH=${CMAKE_PREFIX_PATH}:/opt/ros/humble /usr/bin/cmake --build /home/superfunnyshark/repository/ros2_ws/src/build/lab1 -- -j8 -l8
[3.426s] DEBUG:colcon.colcon_core.event_handler.log_command:Invoked command in '/home/superfunnyshark/repository/ros2_ws/src/build/lab1' returned '0': CMAKE_PREFIX_PATH=${CMAKE_PREFIX_PATH}:/opt/ros/humble /usr/bin/cmake --build /home/superfunnyshark/repository/ros2_ws/src/build/lab1 -- -j8 -l8
[3.429s] DEBUG:colcon.colcon_core.event_handler.log_command:Invoking command in '/home/superfunnyshark/repository/ros2_ws/src/build/lab1': CMAKE_PREFIX_PATH=${CMAKE_PREFIX_PATH}:/opt/ros/humble /usr/bin/cmake --install /home/superfunnyshark/repository/ros2_ws/src/build/lab1
[4.096s] Level 1:colcon.colcon_core.environment:create_environment_scripts_only(lab1)
[4.096s] Level 1:colcon.colcon_core.environment:checking '/home/superfunnyshark/repository/ros2_ws/src/install/lab1' for CMake module files
[4.097s] DEBUG:colcon.colcon_core.event_handler.log_command:Invoked command in '/home/superfunnyshark/repository/ros2_ws/src/build/lab1' returned '0': CMAKE_PREFIX_PATH=${CMAKE_PREFIX_PATH}:/opt/ros/humble /usr/bin/cmake --install /home/superfunnyshark/repository/ros2_ws/src/build/lab1
[4.098s] Level 1:colcon.colcon_core.environment:checking '/home/superfunnyshark/repository/ros2_ws/src/install/lab1' for CMake config files
[4.099s] Level 1:colcon.colcon_core.shell:create_environment_hook('lab1', 'cmake_prefix_path')
[4.099s] INFO:colcon.colcon_core.shell:Creating environment hook '/home/superfunnyshark/repository/ros2_ws/src/install/lab1/share/lab1/hook/cmake_prefix_path.ps1'
[4.100s] INFO:colcon.colcon_core.shell:Creating environment descriptor '/home/superfunnyshark/repository/ros2_ws/src/install/lab1/share/lab1/hook/cmake_prefix_path.dsv'
[4.102s] INFO:colcon.colcon_core.shell:Creating environment hook '/home/superfunnyshark/repository/ros2_ws/src/install/lab1/share/lab1/hook/cmake_prefix_path.sh'
[4.104s] Level 1:colcon.colcon_core.environment:checking '/home/superfunnyshark/repository/ros2_ws/src/install/lab1/lib'
[4.104s] Level 1:colcon.colcon_core.environment:checking '/home/superfunnyshark/repository/ros2_ws/src/install/lab1/bin'
[4.104s] Level 1:colcon.colcon_core.environment:checking '/home/superfunnyshark/repository/ros2_ws/src/install/lab1/lib/pkgconfig/lab1.pc'
[4.104s] Level 1:colcon.colcon_core.environment:checking '/home/superfunnyshark/repository/ros2_ws/src/install/lab1/lib/python3.10/site-packages'
[4.104s] Level 1:colcon.colcon_core.environment:checking '/home/superfunnyshark/repository/ros2_ws/src/install/lab1/bin'
[4.105s] INFO:colcon.colcon_core.shell:Creating package script '/home/superfunnyshark/repository/ros2_ws/src/install/lab1/share/lab1/package.ps1'
[4.105s] INFO:colcon.colcon_core.shell:Creating package descriptor '/home/superfunnyshark/repository/ros2_ws/src/install/lab1/share/lab1/package.dsv'
[4.107s] INFO:colcon.colcon_core.shell:Creating package script '/home/superfunnyshark/repository/ros2_ws/src/install/lab1/share/lab1/package.sh'
[4.107s] INFO:colcon.colcon_core.shell:Creating package script '/home/superfunnyshark/repository/ros2_ws/src/install/lab1/share/lab1/package.bash'
[4.109s] INFO:colcon.colcon_core.shell:Creating package script '/home/superfunnyshark/repository/ros2_ws/src/install/lab1/share/lab1/package.zsh'
[4.109s] Level 1:colcon.colcon_core.environment:create_file_with_runtime_dependencies(/home/superfunnyshark/repository/ros2_ws/src/install/lab1/share/colcon-core/packages/lab1)
[4.111s] Level 1:colcon.colcon_core.environment:create_environment_scripts_only(lab1)
[4.111s] Level 1:colcon.colcon_core.environment:checking '/home/superfunnyshark/repository/ros2_ws/src/install/lab1' for CMake module files
[4.113s] Level 1:colcon.colcon_core.environment:checking '/home/superfunnyshark/repository/ros2_ws/src/install/lab1' for CMake config files
[4.115s] Level 1:colcon.colcon_core.shell:create_environment_hook('lab1', 'cmake_prefix_path')
[4.116s] INFO:colcon.colcon_core.shell:Creating environment hook '/home/superfunnyshark/repository/ros2_ws/src/install/lab1/share/lab1/hook/cmake_prefix_path.ps1'
[4.117s] INFO:colcon.colcon_core.shell:Creating environment descriptor '/home/superfunnyshark/repository/ros2_ws/src/install/lab1/share/lab1/hook/cmake_prefix_path.dsv'
[4.118s] INFO:colcon.colcon_core.shell:Creating environment hook '/home/superfunnyshark/repository/ros2_ws/src/install/lab1/share/lab1/hook/cmake_prefix_path.sh'
[4.119s] Level 1:colcon.colcon_core.environment:checking '/home/superfunnyshark/repository/ros2_ws/src/install/lab1/lib'
[4.119s] Level 1:colcon.colcon_core.environment:checking '/home/superfunnyshark/repository/ros2_ws/src/install/lab1/bin'
[4.120s] Level 1:colcon.colcon_core.environment:checking '/home/superfunnyshark/repository/ros2_ws/src/install/lab1/lib/pkgconfig/lab1.pc'
[4.120s] Level 1:colcon.colcon_core.environment:checking '/home/superfunnyshark/repository/ros2_ws/src/install/lab1/lib/python3.10/site-packages'
[4.120s] Level 1:colcon.colcon_core.environment:checking '/home/superfunnyshark/repository/ros2_ws/src/install/lab1/bin'
[4.120s] INFO:colcon.colcon_core.shell:Creating package script '/home/superfunnyshark/repository/ros2_ws/src/install/lab1/share/lab1/package.ps1'
[4.123s] INFO:colcon.colcon_core.shell:Creating package descriptor '/home/superfunnyshark/repository/ros2_ws/src/install/lab1/share/lab1/package.dsv'
[4.124s] INFO:colcon.colcon_core.shell:Creating package script '/home/superfunnyshark/repository/ros2_ws/src/install/lab1/share/lab1/package.sh'
[4.124s] INFO:colcon.colcon_core.shell:Creating package script '/home/superfunnyshark/repository/ros2_ws/src/install/lab1/share/lab1/package.bash'
[4.125s] INFO:colcon.colcon_core.shell:Creating package script '/home/superfunnyshark/repository/ros2_ws/src/install/lab1/share/lab1/package.zsh'
[4.125s] Level 1:colcon.colcon_core.environment:create_file_with_runtime_dependencies(/home/superfunnyshark/repository/ros2_ws/src/install/lab1/share/colcon-core/packages/lab1)
[4.126s] DEBUG:colcon.colcon_parallel_executor.executor.parallel:closing loop
[4.126s] DEBUG:colcon.colcon_parallel_executor.executor.parallel:loop closed
[4.126s] DEBUG:colcon.colcon_parallel_executor.executor.parallel:run_until_complete finished with '0'
[4.126s] DEBUG:colcon.colcon_core.event_reactor:joining thread
[4.152s] INFO:colcon.colcon_core.plugin_system:Skipping extension 'colcon_notification.desktop_notification.notify_send': Could not find 'notify-send'
[4.153s] INFO:colcon.colcon_core.plugin_system:Skipping extension 'colcon_notification.desktop_notification.terminal_notifier': Not used on non-Darwin systems
[4.153s] INFO:colcon.colcon_core.plugin_system:Skipping extension 'colcon_notification.desktop_notification.win32': Not used on non-Windows systems
[4.153s] INFO:colcon.colcon_notification.desktop_notification:Sending desktop notification using 'notify2'
[4.153s] DEBUG:colcon.colcon_notification.desktop_notification.notify2:Failed to initialize notify2: org.freedesktop.DBus.Error.NotSupported: Unable to autolaunch a dbus-daemon without a $DISPLAY for X11
[4.153s] DEBUG:colcon.colcon_core.event_reactor:joined thread
[4.153s] INFO:colcon.colcon_core.shell:Creating prefix script '/home/superfunnyshark/repository/ros2_ws/src/install/local_setup.ps1'
[4.154s] INFO:colcon.colcon_core.shell:Creating prefix util module '/home/superfunnyshark/repository/ros2_ws/src/install/_local_setup_util_ps1.py'
[4.156s] INFO:colcon.colcon_core.shell:Creating prefix chain script '/home/superfunnyshark/repository/ros2_ws/src/install/setup.ps1'
[4.157s] INFO:colcon.colcon_core.shell:Creating prefix script '/home/superfunnyshark/repository/ros2_ws/src/install/local_setup.sh'
[4.158s] INFO:colcon.colcon_core.shell:Creating prefix util module '/home/superfunnyshark/repository/ros2_ws/src/install/_local_setup_util_sh.py'
[4.159s] INFO:colcon.colcon_core.shell:Creating prefix chain script '/home/superfunnyshark/repository/ros2_ws/src/install/setup.sh'
[4.161s] INFO:colcon.colcon_core.shell:Creating prefix script '/home/superfunnyshark/repository/ros2_ws/src/install/local_setup.bash'
[4.162s] INFO:colcon.colcon_core.shell:Creating prefix chain script '/home/superfunnyshark/repository/ros2_ws/src/install/setup.bash'
[4.164s] INFO:colcon.colcon_core.shell:Creating prefix script '/home/superfunnyshark/repository/ros2_ws/src/install/local_setup.zsh'
[4.165s] INFO:colcon.colcon_core.shell:Creating prefix chain script '/home/superfunnyshark/repository/ros2_ws/src/install/setup.zsh'
