[0.137s] DEBUG:colcon:Command line arguments: ['/usr/bin/colcon', 'build', '--symlink-install']
[0.137s] DEBUG:colcon:Parsed command line arguments: Namespace(log_base=None, log_level=None, verb_name='build', build_base='build', install_base='install', merge_install=False, symlink_install=True, test_result_base=None, continue_on_error=False, executor='parallel', parallel_workers=8, event_handlers=None, ignore_user_meta=False, metas=['./colcon.meta'], base_paths=['.'], packages_ignore=None, packages_ignore_regex=None, paths=None, packages_up_to=None, packages_up_to_regex=None, packages_above=None, packages_above_and_dependencies=None, packages_above_depth=None, packages_select_by_dep=None, packages_skip_by_dep=None, packages_skip_up_to=None, packages_select_build_failed=False, packages_skip_build_finished=False, packages_select_test_failures=False, packages_skip_test_passed=False, packages_select=None, packages_skip=None, packages_select_regex=None, packages_skip_regex=None, packages_start=None, packages_end=None, allow_overriding=[], cmake_args=None, cmake_target=None, cmake_target_skip_unavailable=False, cmake_clean_cache=False, cmake_clean_first=False, cmake_force_configure=False, ament_cmake_args=None, catkin_cmake_args=None, catkin_skip_building_tests=False, mixin_files=None, mixin=None, verb_parser=<colcon_mixin.mixin.mixin_argument.MixinArgumentDecorator object at 0x7f8d20f39000>, verb_extension=<colcon_core.verb.build.BuildVerb object at 0x7f8d21059f30>, main=<bound method BuildVerb.main of <colcon_core.verb.build.BuildVerb object at 0x7f8d21059f30>>, mixin_verb=('build',))
[0.365s] Level 1:colcon.colcon_core.package_discovery:discover_packages(colcon_meta) check parameters
[0.365s] Level 1:colcon.colcon_core.package_discovery:discover_packages(recursive) check parameters
[0.365s] Level 1:colcon.colcon_core.package_discovery:discover_packages(ignore) check parameters
[0.365s] Level 1:colcon.colcon_core.package_discovery:discover_packages(path) check parameters
[0.365s] Level 1:colcon.colcon_core.package_discovery:discover_packages(colcon_meta) discover
[0.365s] Level 1:colcon.colcon_core.package_discovery:discover_packages(recursive) discover
[0.365s] INFO:colcon.colcon_core.package_discovery:Crawling recursively for packages in '/home/superfunnyshark/ros2_ws/src/my_first_pkg'
[0.366s] Level 1:colcon.colcon_core.package_identification:_identify(.) by extensions ['ignore', 'ignore_ament_install']
[0.366s] Level 1:colcon.colcon_core.package_identification:_identify(.) by extension 'ignore'
[0.366s] Level 1:colcon.colcon_core.package_identification:_identify(.) by extension 'ignore_ament_install'
[0.366s] Level 1:colcon.colcon_core.package_identification:_identify(.) by extensions ['colcon_pkg']
[0.366s] Level 1:colcon.colcon_core.package_identification:_identify(.) by extension 'colcon_pkg'
[0.366s] Level 1:colcon.colcon_core.package_identification:_identify(.) by extensions ['colcon_meta']
[0.366s] Level 1:colcon.colcon_core.package_identification:_identify(.) by extension 'colcon_meta'
[0.366s] Level 1:colcon.colcon_core.package_identification:_identify(.) by extensions ['ros']
[0.366s] Level 1:colcon.colcon_core.package_identification:_identify(.) by extension 'ros'
[0.378s] DEBUG:colcon.colcon_core.package_identification:Package '.' with type 'ros.ament_cmake' and name 'my_first_pkg'
[0.378s] Level 1:colcon.colcon_core.package_discovery:discover_packages(recursive) using defaults
[0.378s] Level 1:colcon.colcon_core.package_discovery:discover_packages(ignore) discover
[0.378s] Level 1:colcon.colcon_core.package_discovery:discover_packages(ignore) using defaults
[0.378s] Level 1:colcon.colcon_core.package_discovery:discover_packages(path) discover
[0.378s] Level 1:colcon.colcon_core.package_discovery:discover_packages(path) using defaults
[0.405s] Level 1:colcon.colcon_core.package_discovery:discover_packages(prefix_path) check parameters
[0.405s] Level 1:colcon.colcon_core.package_discovery:discover_packages(prefix_path) discover
[0.407s] DEBUG:colcon.colcon_installed_package_information.package_discovery:Found 1 installed packages in /home/superfunnyshark/ros2_ws/install
[0.409s] DEBUG:colcon.colcon_installed_package_information.package_discovery:Found 271 installed packages in /opt/ros/humble
[0.410s] Level 1:colcon.colcon_core.package_discovery:discover_packages(prefix_path) using defaults
[0.453s] Level 5:colcon.colcon_core.verb:set package 'my_first_pkg' build argument 'cmake_args' from command line to 'None'
[0.453s] Level 5:colcon.colcon_core.verb:set package 'my_first_pkg' build argument 'cmake_target' from command line to 'None'
[0.453s] Level 5:colcon.colcon_core.verb:set package 'my_first_pkg' build argument 'cmake_target_skip_unavailable' from command line to 'False'
[0.454s] Level 5:colcon.colcon_core.verb:set package 'my_first_pkg' build argument 'cmake_clean_cache' from command line to 'False'
[0.454s] Level 5:colcon.colcon_core.verb:set package 'my_first_pkg' build argument 'cmake_clean_first' from command line to 'False'
[0.454s] Level 5:colcon.colcon_core.verb:set package 'my_first_pkg' build argument 'cmake_force_configure' from command line to 'False'
[0.454s] Level 5:colcon.colcon_core.verb:set package 'my_first_pkg' build argument 'ament_cmake_args' from command line to 'None'
[0.454s] Level 5:colcon.colcon_core.verb:set package 'my_first_pkg' build argument 'catkin_cmake_args' from command line to 'None'
[0.454s] Level 5:colcon.colcon_core.verb:set package 'my_first_pkg' build argument 'catkin_skip_building_tests' from command line to 'False'
[0.454s] DEBUG:colcon.colcon_core.verb:Building package 'my_first_pkg' with the following arguments: {'ament_cmake_args': None, 'build_base': '/home/superfunnyshark/ros2_ws/src/my_first_pkg/build/my_first_pkg', 'catkin_cmake_args': None, 'catkin_skip_building_tests': False, 'cmake_args': None, 'cmake_clean_cache': False, 'cmake_clean_first': False, 'cmake_force_configure': False, 'cmake_target': None, 'cmake_target_skip_unavailable': False, 'install_base': '/home/superfunnyshark/ros2_ws/src/my_first_pkg/install/my_first_pkg', 'merge_install': False, 'path': '/home/superfunnyshark/ros2_ws/src/my_first_pkg', 'symlink_install': True, 'test_result_base': None}
[0.454s] INFO:colcon.colcon_core.executor:Executing jobs using 'parallel' executor
[0.455s] DEBUG:colcon.colcon_parallel_executor.executor.parallel:run_until_complete
[0.455s] INFO:colcon.colcon_ros.task.ament_cmake.build:Building ROS package in '/home/superfunnyshark/ros2_ws/src/my_first_pkg' with build type 'ament_cmake'
[0.455s] INFO:colcon.colcon_cmake.task.cmake.build:Building CMake package in '/home/superfunnyshark/ros2_ws/src/my_first_pkg'
[0.458s] INFO:colcon.colcon_core.plugin_system:Skipping extension 'colcon_core.shell.bat': Not used on non-Windows systems
[0.458s] INFO:colcon.colcon_core.shell:Skip shell extension 'powershell' for command environment: Not usable outside of PowerShell
[0.459s] DEBUG:colcon.colcon_core.shell:Skip shell extension 'dsv' for command environment
[0.482s] DEBUG:colcon.colcon_core.event_handler.log_command:Invoking command in '/home/superfunnyshark/ros2_ws/src/my_first_pkg/build/my_first_pkg': CMAKE_PREFIX_PATH=${CMAKE_PREFIX_PATH}:/opt/ros/humble /usr/bin/cmake --build /home/superfunnyshark/ros2_ws/src/my_first_pkg/build/my_first_pkg -- -j8 -l8
[1.026s] DEBUG:colcon.colcon_core.event_handler.log_command:Invoked command in '/home/superfunnyshark/ros2_ws/src/my_first_pkg/build/my_first_pkg' returned '0': CMAKE_PREFIX_PATH=${CMAKE_PREFIX_PATH}:/opt/ros/humble /usr/bin/cmake --build /home/superfunnyshark/ros2_ws/src/my_first_pkg/build/my_first_pkg -- -j8 -l8
[1.049s] DEBUG:colcon.colcon_core.event_handler.log_command:Invoking command in '/home/superfunnyshark/ros2_ws/src/my_first_pkg/build/my_first_pkg': CMAKE_PREFIX_PATH=${CMAKE_PREFIX_PATH}:/opt/ros/humble /usr/bin/cmake --install /home/superfunnyshark/ros2_ws/src/my_first_pkg/build/my_first_pkg
[1.145s] Level 1:colcon.colcon_core.environment:create_environment_scripts_only(my_first_pkg)
[1.145s] DEBUG:colcon.colcon_core.event_handler.log_command:Invoked command in '/home/superfunnyshark/ros2_ws/src/my_first_pkg/build/my_first_pkg' returned '0': CMAKE_PREFIX_PATH=${CMAKE_PREFIX_PATH}:/opt/ros/humble /usr/bin/cmake --install /home/superfunnyshark/ros2_ws/src/my_first_pkg/build/my_first_pkg
[1.149s] Level 1:colcon.colcon_core.environment:checking '/home/superfunnyshark/ros2_ws/src/my_first_pkg/install/my_first_pkg' for CMake module files
[1.150s] Level 1:colcon.colcon_core.environment:checking '/home/superfunnyshark/ros2_ws/src/my_first_pkg/install/my_first_pkg' for CMake config files
[1.151s] Level 1:colcon.colcon_core.shell:create_environment_hook('my_first_pkg', 'cmake_prefix_path')
[1.151s] INFO:colcon.colcon_core.shell:Creating environment hook '/home/superfunnyshark/ros2_ws/src/my_first_pkg/install/my_first_pkg/share/my_first_pkg/hook/cmake_prefix_path.ps1'
[1.152s] INFO:colcon.colcon_core.shell:Creating environment descriptor '/home/superfunnyshark/ros2_ws/src/my_first_pkg/install/my_first_pkg/share/my_first_pkg/hook/cmake_prefix_path.dsv'
[1.153s] INFO:colcon.colcon_core.shell:Creating environment hook '/home/superfunnyshark/ros2_ws/src/my_first_pkg/install/my_first_pkg/share/my_first_pkg/hook/cmake_prefix_path.sh'
[1.153s] Level 1:colcon.colcon_core.environment:checking '/home/superfunnyshark/ros2_ws/src/my_first_pkg/install/my_first_pkg/lib'
[1.154s] Level 1:colcon.colcon_core.environment:checking '/home/superfunnyshark/ros2_ws/src/my_first_pkg/install/my_first_pkg/bin'
[1.154s] Level 1:colcon.colcon_core.environment:checking '/home/superfunnyshark/ros2_ws/src/my_first_pkg/install/my_first_pkg/lib/pkgconfig/my_first_pkg.pc'
[1.154s] Level 1:colcon.colcon_core.environment:checking '/home/superfunnyshark/ros2_ws/src/my_first_pkg/install/my_first_pkg/lib/python3.10/site-packages'
[1.154s] Level 1:colcon.colcon_core.environment:checking '/home/superfunnyshark/ros2_ws/src/my_first_pkg/install/my_first_pkg/bin'
[1.155s] INFO:colcon.colcon_core.shell:Creating package script '/home/superfunnyshark/ros2_ws/src/my_first_pkg/install/my_first_pkg/share/my_first_pkg/package.ps1'
[1.155s] INFO:colcon.colcon_core.shell:Creating package descriptor '/home/superfunnyshark/ros2_ws/src/my_first_pkg/install/my_first_pkg/share/my_first_pkg/package.dsv'
[1.156s] INFO:colcon.colcon_core.shell:Creating package script '/home/superfunnyshark/ros2_ws/src/my_first_pkg/install/my_first_pkg/share/my_first_pkg/package.sh'
[1.157s] INFO:colcon.colcon_core.shell:Creating package script '/home/superfunnyshark/ros2_ws/src/my_first_pkg/install/my_first_pkg/share/my_first_pkg/package.bash'
[1.158s] INFO:colcon.colcon_core.shell:Creating package script '/home/superfunnyshark/ros2_ws/src/my_first_pkg/install/my_first_pkg/share/my_first_pkg/package.zsh'
[1.159s] Level 1:colcon.colcon_core.environment:create_file_with_runtime_dependencies(/home/superfunnyshark/ros2_ws/src/my_first_pkg/install/my_first_pkg/share/colcon-core/packages/my_first_pkg)
[1.159s] Level 1:colcon.colcon_core.environment:create_environment_scripts_only(my_first_pkg)
[1.160s] Level 1:colcon.colcon_core.environment:checking '/home/superfunnyshark/ros2_ws/src/my_first_pkg/install/my_first_pkg' for CMake module files
[1.161s] Level 1:colcon.colcon_core.environment:checking '/home/superfunnyshark/ros2_ws/src/my_first_pkg/install/my_first_pkg' for CMake config files
[1.162s] Level 1:colcon.colcon_core.shell:create_environment_hook('my_first_pkg', 'cmake_prefix_path')
[1.163s] INFO:colcon.colcon_core.shell:Creating environment hook '/home/superfunnyshark/ros2_ws/src/my_first_pkg/install/my_first_pkg/share/my_first_pkg/hook/cmake_prefix_path.ps1'
[1.163s] INFO:colcon.colcon_core.shell:Creating environment descriptor '/home/superfunnyshark/ros2_ws/src/my_first_pkg/install/my_first_pkg/share/my_first_pkg/hook/cmake_prefix_path.dsv'
[1.164s] INFO:colcon.colcon_core.shell:Creating environment hook '/home/superfunnyshark/ros2_ws/src/my_first_pkg/install/my_first_pkg/share/my_first_pkg/hook/cmake_prefix_path.sh'
[1.164s] Level 1:colcon.colcon_core.environment:checking '/home/superfunnyshark/ros2_ws/src/my_first_pkg/install/my_first_pkg/lib'
[1.164s] Level 1:colcon.colcon_core.environment:checking '/home/superfunnyshark/ros2_ws/src/my_first_pkg/install/my_first_pkg/bin'
[1.164s] Level 1:colcon.colcon_core.environment:checking '/home/superfunnyshark/ros2_ws/src/my_first_pkg/install/my_first_pkg/lib/pkgconfig/my_first_pkg.pc'
[1.165s] Level 1:colcon.colcon_core.environment:checking '/home/superfunnyshark/ros2_ws/src/my_first_pkg/install/my_first_pkg/lib/python3.10/site-packages'
[1.165s] Level 1:colcon.colcon_core.environment:checking '/home/superfunnyshark/ros2_ws/src/my_first_pkg/install/my_first_pkg/bin'
[1.165s] INFO:colcon.colcon_core.shell:Creating package script '/home/superfunnyshark/ros2_ws/src/my_first_pkg/install/my_first_pkg/share/my_first_pkg/package.ps1'
[1.165s] INFO:colcon.colcon_core.shell:Creating package descriptor '/home/superfunnyshark/ros2_ws/src/my_first_pkg/install/my_first_pkg/share/my_first_pkg/package.dsv'
[1.166s] INFO:colcon.colcon_core.shell:Creating package script '/home/superfunnyshark/ros2_ws/src/my_first_pkg/install/my_first_pkg/share/my_first_pkg/package.sh'
[1.166s] INFO:colcon.colcon_core.shell:Creating package script '/home/superfunnyshark/ros2_ws/src/my_first_pkg/install/my_first_pkg/share/my_first_pkg/package.bash'
[1.167s] INFO:colcon.colcon_core.shell:Creating package script '/home/superfunnyshark/ros2_ws/src/my_first_pkg/install/my_first_pkg/share/my_first_pkg/package.zsh'
[1.167s] Level 1:colcon.colcon_core.environment:create_file_with_runtime_dependencies(/home/superfunnyshark/ros2_ws/src/my_first_pkg/install/my_first_pkg/share/colcon-core/packages/my_first_pkg)
[1.168s] DEBUG:colcon.colcon_parallel_executor.executor.parallel:closing loop
[1.168s] DEBUG:colcon.colcon_parallel_executor.executor.parallel:loop closed
[1.168s] DEBUG:colcon.colcon_parallel_executor.executor.parallel:run_until_complete finished with '0'
[1.168s] DEBUG:colcon.colcon_core.event_reactor:joining thread
[1.181s] INFO:colcon.colcon_core.plugin_system:Skipping extension 'colcon_notification.desktop_notification.notify_send': Could not find 'notify-send'
[1.181s] INFO:colcon.colcon_core.plugin_system:Skipping extension 'colcon_notification.desktop_notification.terminal_notifier': Not used on non-Darwin systems
[1.181s] INFO:colcon.colcon_core.plugin_system:Skipping extension 'colcon_notification.desktop_notification.win32': Not used on non-Windows systems
[1.181s] INFO:colcon.colcon_notification.desktop_notification:Sending desktop notification using 'notify2'
[1.181s] DEBUG:colcon.colcon_notification.desktop_notification.notify2:Failed to initialize notify2: org.freedesktop.DBus.Error.NotSupported: Unable to autolaunch a dbus-daemon without a $DISPLAY for X11
[1.181s] DEBUG:colcon.colcon_core.event_reactor:joined thread
[1.182s] INFO:colcon.colcon_core.shell:Creating prefix script '/home/superfunnyshark/ros2_ws/src/my_first_pkg/install/local_setup.ps1'
[1.182s] INFO:colcon.colcon_core.shell:Creating prefix util module '/home/superfunnyshark/ros2_ws/src/my_first_pkg/install/_local_setup_util_ps1.py'
[1.184s] INFO:colcon.colcon_core.shell:Creating prefix chain script '/home/superfunnyshark/ros2_ws/src/my_first_pkg/install/setup.ps1'
[1.185s] INFO:colcon.colcon_core.shell:Creating prefix script '/home/superfunnyshark/ros2_ws/src/my_first_pkg/install/local_setup.sh'
[1.185s] INFO:colcon.colcon_core.shell:Creating prefix util module '/home/superfunnyshark/ros2_ws/src/my_first_pkg/install/_local_setup_util_sh.py'
[1.186s] INFO:colcon.colcon_core.shell:Creating prefix chain script '/home/superfunnyshark/ros2_ws/src/my_first_pkg/install/setup.sh'
[1.188s] INFO:colcon.colcon_core.shell:Creating prefix script '/home/superfunnyshark/ros2_ws/src/my_first_pkg/install/local_setup.bash'
[1.189s] INFO:colcon.colcon_core.shell:Creating prefix chain script '/home/superfunnyshark/ros2_ws/src/my_first_pkg/install/setup.bash'
[1.190s] INFO:colcon.colcon_core.shell:Creating prefix script '/home/superfunnyshark/ros2_ws/src/my_first_pkg/install/local_setup.zsh'
[1.190s] INFO:colcon.colcon_core.shell:Creating prefix chain script '/home/superfunnyshark/ros2_ws/src/my_first_pkg/install/setup.zsh'
