-- The C compiler identification is GNU 11.4.0
-- The CXX compiler identification is GNU 11.4.0
-- Detecting C compiler ABI info
-- Detecting C compiler ABI info - done
-- Check for working C compiler: /usr/bin/cc - skipped
-- Detecting C compile features
-- Detecting C compile features - done
-- Detecting CXX compiler ABI info
-- Detecting CXX compiler ABI info - done
-- Check for working CXX compiler: /usr/bin/c++ - skipped
-- Detecting CXX compile features
-- Detecting CXX compile features - done
-- Found ament_cmake: 1.3.11 (/opt/ros/humble/share/ament_cmake/cmake)
-- Found Python3: /usr/bin/python3 (found version "3.10.12") found components: Interpreter 
-- Override CMake install command with custom implementation using symlinks instead of copying resources
-- Found ament_lint_auto: 0.12.12 (/opt/ros/humble/share/ament_lint_auto/cmake)
-- Added test 'flake8' to check Python code syntax and style conventions
-- Added test 'lint_cmake' to check CMake code style
-- Added test 'pep257' to check Python code against some of the docstring style conventions in PEP 257
-- Added test 'xmllint' to check XML markup files
-- Configuring done
-- Generating done
-- Build files have been written to: /home/superfunnyshark/repository/ros2_ws/src/build/lab1
Built target ament_cmake_python_symlink_lab1
running egg_info
creating lab1.egg-info
writing lab1.egg-info/PKG-INFO
writing dependency_links to lab1.egg-info/dependency_links.txt
writing top-level names to lab1.egg-info/top_level.txt
writing manifest file 'lab1.egg-info/SOURCES.txt'
reading manifest file 'lab1.egg-info/SOURCES.txt'
writing manifest file 'lab1.egg-info/SOURCES.txt'
Built target ament_cmake_python_build_lab1_egg
-- Install configuration: ""
-- Execute custom install script
-- Symlinking: /home/superfunnyshark/repository/ros2_ws/src/install/lab1/share/lab1/environment/pythonpath.sh
-- Symlinking: /home/superfunnyshark/repository/ros2_ws/src/install/lab1/share/lab1/environment/pythonpath.dsv
-- Symlinking: /home/superfunnyshark/repository/ros2_ws/src/install/lab1/local/lib/python3.10/dist-packages/lab1-0.0.0-py3.10.egg-info/PKG-INFO
-- Symlinking: /home/superfunnyshark/repository/ros2_ws/src/install/lab1/local/lib/python3.10/dist-packages/lab1-0.0.0-py3.10.egg-info/SOURCES.txt
-- Symlinking: /home/superfunnyshark/repository/ros2_ws/src/install/lab1/local/lib/python3.10/dist-packages/lab1-0.0.0-py3.10.egg-info/dependency_links.txt
-- Symlinking: /home/superfunnyshark/repository/ros2_ws/src/install/lab1/local/lib/python3.10/dist-packages/lab1-0.0.0-py3.10.egg-info/top_level.txt
-- Symlinking: /home/superfunnyshark/repository/ros2_ws/src/install/lab1/local/lib/python3.10/dist-packages/lab1/__init__.py
-- Symlinking: /home/superfunnyshark/repository/ros2_ws/src/install/lab1/lib/lab1/ros2_move_in_circles.py
-- Symlinking: /home/superfunnyshark/repository/ros2_ws/src/install/lab1/share/ament_index/resource_index/package_run_dependencies/lab1
-- Symlinking: /home/superfunnyshark/repository/ros2_ws/src/install/lab1/share/ament_index/resource_index/parent_prefix_path/lab1
-- Symlinking: /home/superfunnyshark/repository/ros2_ws/src/install/lab1/share/lab1/environment/ament_prefix_path.sh
-- Symlinking: /home/superfunnyshark/repository/ros2_ws/src/install/lab1/share/lab1/environment/ament_prefix_path.dsv
-- Symlinking: /home/superfunnyshark/repository/ros2_ws/src/install/lab1/share/lab1/environment/path.sh
-- Symlinking: /home/superfunnyshark/repository/ros2_ws/src/install/lab1/share/lab1/environment/path.dsv
-- Symlinking: /home/superfunnyshark/repository/ros2_ws/src/install/lab1/share/lab1/local_setup.bash
-- Symlinking: /home/superfunnyshark/repository/ros2_ws/src/install/lab1/share/lab1/local_setup.sh
-- Symlinking: /home/superfunnyshark/repository/ros2_ws/src/install/lab1/share/lab1/local_setup.zsh
-- Symlinking: /home/superfunnyshark/repository/ros2_ws/src/install/lab1/share/lab1/local_setup.dsv
-- Symlinking: /home/superfunnyshark/repository/ros2_ws/src/install/lab1/share/lab1/package.dsv
-- Symlinking: /home/superfunnyshark/repository/ros2_ws/src/install/lab1/share/ament_index/resource_index/packages/lab1
-- Symlinking: /home/superfunnyshark/repository/ros2_ws/src/install/lab1/share/lab1/cmake/lab1Config.cmake
-- Symlinking: /home/superfunnyshark/repository/ros2_ws/src/install/lab1/share/lab1/cmake/lab1Config-version.cmake
-- Symlinking: /home/superfunnyshark/repository/ros2_ws/src/install/lab1/share/lab1/package.xml
Listing '/home/superfunnyshark/repository/ros2_ws/src/install/lab1/local/lib/python3.10/dist-packages/lab1'...
Compiling '/home/superfunnyshark/repository/ros2_ws/src/install/lab1/local/lib/python3.10/dist-packages/lab1/__init__.py'...
