[0.050s] Invoking command in '/home/superfunnyshark/repository/ros2_ws/src/build/lab1': CMAKE_PREFIX_PATH=${CMAKE_PREFIX_PATH}:/opt/ros/humble /usr/bin/cmake /home/superfunnyshark/repository/ros2_ws/src/lab1 -DAMENT_CMAKE_SYMLINK_INSTALL=1 -DCMAKE_INSTALL_PREFIX=/home/superfunnyshark/repository/ros2_ws/src/install/lab1
[0.226s] -- The C compiler identification is GNU 11.4.0
[0.372s] -- The CXX compiler identification is GNU 11.4.0
[0.411s] -- Detecting C compiler ABI info
[0.706s] -- Detecting C compiler ABI info - done
[0.720s] -- Check for working C compiler: /usr/bin/cc - skipped
[0.721s] -- Detecting C compile features
[0.721s] -- Detecting C compile features - done
[0.731s] -- Detecting CXX compiler ABI info
[0.999s] -- Detecting CXX compiler ABI info - done
[1.011s] -- Check for working CXX compiler: /usr/bin/c++ - skipped
[1.012s] -- Detecting CXX compile features
[1.012s] -- Detecting CXX compile features - done
[1.024s] -- Found ament_cmake: 1.3.11 (/opt/ros/humble/share/ament_cmake/cmake)
[1.265s] -- Found Python3: /usr/bin/python3 (found version "3.10.12") found components: Interpreter 
[1.360s] -- Override CMake install command with custom implementation using symlinks instead of copying resources
[1.670s] -- Found ament_lint_auto: 0.12.12 (/opt/ros/humble/share/ament_lint_auto/cmake)
[2.100s] -- Added test 'flake8' to check Python code syntax and style conventions
[2.111s] -- Added test 'lint_cmake' to check CMake code style
[2.121s] -- Added test 'pep257' to check Python code against some of the docstring style conventions in PEP 257
[2.140s] -- Added test 'xmllint' to check XML markup files
[2.182s] -- Configuring done
[2.230s] -- Generating done
[2.300s] -- Build files have been written to: /home/superfunnyshark/repository/ros2_ws/src/build/lab1
[2.308s] Invoked command in '/home/superfunnyshark/repository/ros2_ws/src/build/lab1' returned '0': CMAKE_PREFIX_PATH=${CMAKE_PREFIX_PATH}:/opt/ros/humble /usr/bin/cmake /home/superfunnyshark/repository/ros2_ws/src/lab1 -DAMENT_CMAKE_SYMLINK_INSTALL=1 -DCMAKE_INSTALL_PREFIX=/home/superfunnyshark/repository/ros2_ws/src/install/lab1
[2.309s] Invoking command in '/home/superfunnyshark/repository/ros2_ws/src/build/lab1': CMAKE_PREFIX_PATH=${CMAKE_PREFIX_PATH}:/opt/ros/humble /usr/bin/cmake --build /home/superfunnyshark/repository/ros2_ws/src/build/lab1 -- -j8 -l8
[2.476s] Built target ament_cmake_python_symlink_lab1
[2.864s] running egg_info
[2.864s] creating lab1.egg-info
[2.865s] writing lab1.egg-info/PKG-INFO
[2.865s] writing dependency_links to lab1.egg-info/dependency_links.txt
[2.866s] writing top-level names to lab1.egg-info/top_level.txt
[2.877s] writing manifest file 'lab1.egg-info/SOURCES.txt'
[2.882s] reading manifest file 'lab1.egg-info/SOURCES.txt'
[2.882s] writing manifest file 'lab1.egg-info/SOURCES.txt'
[2.920s] Built target ament_cmake_python_build_lab1_egg
[2.945s] Invoked command in '/home/superfunnyshark/repository/ros2_ws/src/build/lab1' returned '0': CMAKE_PREFIX_PATH=${CMAKE_PREFIX_PATH}:/opt/ros/humble /usr/bin/cmake --build /home/superfunnyshark/repository/ros2_ws/src/build/lab1 -- -j8 -l8
[2.948s] Invoking command in '/home/superfunnyshark/repository/ros2_ws/src/build/lab1': CMAKE_PREFIX_PATH=${CMAKE_PREFIX_PATH}:/opt/ros/humble /usr/bin/cmake --install /home/superfunnyshark/repository/ros2_ws/src/build/lab1
[2.964s] -- Install configuration: ""
[2.965s] -- Execute custom install script
[2.976s] -- Symlinking: /home/superfunnyshark/repository/ros2_ws/src/install/lab1/share/lab1/environment/pythonpath.sh
[3.002s] -- Symlinking: /home/superfunnyshark/repository/ros2_ws/src/install/lab1/share/lab1/environment/pythonpath.dsv
[3.027s] -- Symlinking: /home/superfunnyshark/repository/ros2_ws/src/install/lab1/local/lib/python3.10/dist-packages/lab1-0.0.0-py3.10.egg-info/PKG-INFO
[3.051s] -- Symlinking: /home/superfunnyshark/repository/ros2_ws/src/install/lab1/local/lib/python3.10/dist-packages/lab1-0.0.0-py3.10.egg-info/SOURCES.txt
[3.074s] -- Symlinking: /home/superfunnyshark/repository/ros2_ws/src/install/lab1/local/lib/python3.10/dist-packages/lab1-0.0.0-py3.10.egg-info/dependency_links.txt
[3.099s] -- Symlinking: /home/superfunnyshark/repository/ros2_ws/src/install/lab1/local/lib/python3.10/dist-packages/lab1-0.0.0-py3.10.egg-info/top_level.txt
[3.124s] -- Symlinking: /home/superfunnyshark/repository/ros2_ws/src/install/lab1/local/lib/python3.10/dist-packages/lab1/__init__.py
[3.148s] -- Symlinking: /home/superfunnyshark/repository/ros2_ws/src/install/lab1/lib/lab1/ros2_move_in_circles.py
[3.173s] -- Symlinking: /home/superfunnyshark/repository/ros2_ws/src/install/lab1/share/ament_index/resource_index/package_run_dependencies/lab1
[3.198s] -- Symlinking: /home/superfunnyshark/repository/ros2_ws/src/install/lab1/share/ament_index/resource_index/parent_prefix_path/lab1
[3.222s] -- Symlinking: /home/superfunnyshark/repository/ros2_ws/src/install/lab1/share/lab1/environment/ament_prefix_path.sh
[3.246s] -- Symlinking: /home/superfunnyshark/repository/ros2_ws/src/install/lab1/share/lab1/environment/ament_prefix_path.dsv
[3.272s] -- Symlinking: /home/superfunnyshark/repository/ros2_ws/src/install/lab1/share/lab1/environment/path.sh
[3.297s] -- Symlinking: /home/superfunnyshark/repository/ros2_ws/src/install/lab1/share/lab1/environment/path.dsv
[3.320s] -- Symlinking: /home/superfunnyshark/repository/ros2_ws/src/install/lab1/share/lab1/local_setup.bash
[3.345s] -- Symlinking: /home/superfunnyshark/repository/ros2_ws/src/install/lab1/share/lab1/local_setup.sh
[3.372s] -- Symlinking: /home/superfunnyshark/repository/ros2_ws/src/install/lab1/share/lab1/local_setup.zsh
[3.397s] -- Symlinking: /home/superfunnyshark/repository/ros2_ws/src/install/lab1/share/lab1/local_setup.dsv
[3.423s] -- Symlinking: /home/superfunnyshark/repository/ros2_ws/src/install/lab1/share/lab1/package.dsv
[3.448s] -- Symlinking: /home/superfunnyshark/repository/ros2_ws/src/install/lab1/share/ament_index/resource_index/packages/lab1
[3.476s] -- Symlinking: /home/superfunnyshark/repository/ros2_ws/src/install/lab1/share/lab1/cmake/lab1Config.cmake
[3.501s] -- Symlinking: /home/superfunnyshark/repository/ros2_ws/src/install/lab1/share/lab1/cmake/lab1Config-version.cmake
[3.527s] -- Symlinking: /home/superfunnyshark/repository/ros2_ws/src/install/lab1/share/lab1/package.xml
[3.608s] Listing '/home/superfunnyshark/repository/ros2_ws/src/install/lab1/local/lib/python3.10/dist-packages/lab1'...
[3.608s] Compiling '/home/superfunnyshark/repository/ros2_ws/src/install/lab1/local/lib/python3.10/dist-packages/lab1/__init__.py'...
[3.617s] Invoked command in '/home/superfunnyshark/repository/ros2_ws/src/build/lab1' returned '0': CMAKE_PREFIX_PATH=${CMAKE_PREFIX_PATH}:/opt/ros/humble /usr/bin/cmake --install /home/superfunnyshark/repository/ros2_ws/src/build/lab1
