[0.112s] Invoking command in '/home/superfunnyshark/repository/ros2_ws/src/build/my_first_pkg': CMAKE_PREFIX_PATH=${CMAKE_PREFIX_PATH}:/opt/ros/humble /usr/bin/cmake /home/superfunnyshark/repository/ros2_ws/src/my_first_pkg -DAMENT_CMAKE_SYMLINK_INSTALL=1 -DCMAKE_INSTALL_PREFIX=/home/superfunnyshark/repository/ros2_ws/src/install/my_first_pkg
[0.960s] -- The C compiler identification is GNU 11.4.0
[1.372s] -- The CXX compiler identification is GNU 11.4.0
[1.602s] -- Detecting C compiler ABI info
[1.918s] -- Detecting C compiler ABI info - done
[1.928s] -- Check for working C compiler: /usr/bin/cc - skipped
[1.946s] -- Detecting C compile features
[1.957s] -- Detecting C compile features - done
[2.004s] -- Detecting CXX compiler ABI info
[2.285s] -- Detecting CXX compiler ABI info - done
[2.298s] -- Check for working CXX compiler: /usr/bin/c++ - skipped
[2.298s] -- Detecting CXX compile features
[2.309s] -- Detecting CXX compile features - done
[2.344s] -- Found ament_cmake: 1.3.11 (/opt/ros/humble/share/ament_cmake/cmake)
[2.826s] -- Found Python3: /usr/bin/python3 (found version "3.10.12") found components: Interpreter 
[3.182s] -- Override CMake install command with custom implementation using symlinks instead of copying resources
[3.860s] -- Found ament_lint_auto: 0.12.12 (/opt/ros/humble/share/ament_lint_auto/cmake)
[4.370s] -- Added test 'cppcheck' to perform static code analysis on C / C++ code
[4.371s] -- Configured cppcheck include dirs: 
[4.371s] -- Configured cppcheck exclude dirs and/or files: 
[4.401s] -- Added test 'flake8' to check Python code syntax and style conventions
[4.432s] -- Added test 'lint_cmake' to check CMake code style
[4.452s] -- Added test 'pep257' to check Python code against some of the docstring style conventions in PEP 257
[4.544s] -- Added test 'uncrustify' to check C / C++ code style
[4.544s] -- Configured uncrustify additional arguments: 
[4.575s] -- Added test 'xmllint' to check XML markup files
[4.618s] -- Configuring done
[4.676s] -- Generating done
[4.749s] -- Build files have been written to: /home/superfunnyshark/repository/ros2_ws/src/build/my_first_pkg
