[0.049s] Invoking command in '/home/superfunnyshark/repository/ros2_ws/build/lab1': CMAKE_PREFIX_PATH=${CMAKE_PREFIX_PATH}:/opt/ros/humble /usr/bin/cmake --build /home/superfunnyshark/repository/ros2_ws/build/lab1 -- -j8 -l8
[0.250s] Built target ament_cmake_python_symlink_lab1
[0.672s] running egg_info
[0.673s] writing lab1.egg-info/PKG-INFO
[0.673s] writing dependency_links to lab1.egg-info/dependency_links.txt
[0.673s] writing top-level names to lab1.egg-info/top_level.txt
[0.677s] reading manifest file 'lab1.egg-info/SOURCES.txt'
[0.679s] writing manifest file 'lab1.egg-info/SOURCES.txt'
[0.734s] Built target ament_cmake_python_build_lab1_egg
[0.765s] Invoked command in '/home/superfunnyshark/repository/ros2_ws/build/lab1' returned '0': CMAKE_PREFIX_PATH=${CMAKE_PREFIX_PATH}:/opt/ros/humble /usr/bin/cmake --build /home/superfunnyshark/repository/ros2_ws/build/lab1 -- -j8 -l8
[0.797s] Invoking command in '/home/superfunnyshark/repository/ros2_ws/build/lab1': CMAKE_PREFIX_PATH=${CMAKE_PREFIX_PATH}:/opt/ros/humble /usr/bin/cmake --install /home/superfunnyshark/repository/ros2_ws/build/lab1
[0.817s] -- Install configuration: ""
[0.818s] -- Execute custom install script
[0.818s] -- Up-to-date symlink: /home/superfunnyshark/repository/ros2_ws/install/lab1/share/lab1/environment/pythonpath.sh
[0.819s] -- Up-to-date symlink: /home/superfunnyshark/repository/ros2_ws/install/lab1/share/lab1/environment/pythonpath.dsv
[0.820s] -- Up-to-date symlink: /home/superfunnyshark/repository/ros2_ws/install/lab1/local/lib/python3.10/dist-packages/lab1-0.0.0-py3.10.egg-info/PKG-INFO
[0.820s] -- Up-to-date symlink: /home/superfunnyshark/repository/ros2_ws/install/lab1/local/lib/python3.10/dist-packages/lab1-0.0.0-py3.10.egg-info/SOURCES.txt
[0.820s] -- Up-to-date symlink: /home/superfunnyshark/repository/ros2_ws/install/lab1/local/lib/python3.10/dist-packages/lab1-0.0.0-py3.10.egg-info/dependency_links.txt
[0.821s] -- Up-to-date symlink: /home/superfunnyshark/repository/ros2_ws/install/lab1/local/lib/python3.10/dist-packages/lab1-0.0.0-py3.10.egg-info/top_level.txt
[0.822s] -- Up-to-date symlink: /home/superfunnyshark/repository/ros2_ws/install/lab1/local/lib/python3.10/dist-packages/lab1/__init__.py
[0.822s] -- Up-to-date symlink: /home/superfunnyshark/repository/ros2_ws/install/lab1/lib/lab1/ros2_move_in_circles.py
[0.822s] -- Up-to-date symlink: /home/superfunnyshark/repository/ros2_ws/install/lab1/lib/lab1/obstacle_detector.py
[0.824s] -- Up-to-date symlink: /home/superfunnyshark/repository/ros2_ws/install/lab1/share/ament_index/resource_index/package_run_dependencies/lab1
[0.824s] -- Up-to-date symlink: /home/superfunnyshark/repository/ros2_ws/install/lab1/share/ament_index/resource_index/parent_prefix_path/lab1
[0.824s] -- Up-to-date symlink: /home/superfunnyshark/repository/ros2_ws/install/lab1/share/lab1/environment/ament_prefix_path.sh
[0.825s] -- Up-to-date symlink: /home/superfunnyshark/repository/ros2_ws/install/lab1/share/lab1/environment/ament_prefix_path.dsv
[0.825s] -- Up-to-date symlink: /home/superfunnyshark/repository/ros2_ws/install/lab1/share/lab1/environment/path.sh
[0.825s] -- Up-to-date symlink: /home/superfunnyshark/repository/ros2_ws/install/lab1/share/lab1/environment/path.dsv
[0.826s] -- Up-to-date symlink: /home/superfunnyshark/repository/ros2_ws/install/lab1/share/lab1/local_setup.bash
[0.826s] -- Up-to-date symlink: /home/superfunnyshark/repository/ros2_ws/install/lab1/share/lab1/local_setup.sh
[0.826s] -- Up-to-date symlink: /home/superfunnyshark/repository/ros2_ws/install/lab1/share/lab1/local_setup.zsh
[0.827s] -- Up-to-date symlink: /home/superfunnyshark/repository/ros2_ws/install/lab1/share/lab1/local_setup.dsv
[0.827s] -- Symlinking: /home/superfunnyshark/repository/ros2_ws/install/lab1/share/lab1/package.dsv
[0.857s] -- Up-to-date symlink: /home/superfunnyshark/repository/ros2_ws/install/lab1/share/ament_index/resource_index/packages/lab1
[0.857s] -- Up-to-date symlink: /home/superfunnyshark/repository/ros2_ws/install/lab1/share/lab1/cmake/lab1Config.cmake
[0.857s] -- Up-to-date symlink: /home/superfunnyshark/repository/ros2_ws/install/lab1/share/lab1/cmake/lab1Config-version.cmake
[0.858s] -- Up-to-date symlink: /home/superfunnyshark/repository/ros2_ws/install/lab1/share/lab1/package.xml
[0.907s] Listing '/home/superfunnyshark/repository/ros2_ws/install/lab1/local/lib/python3.10/dist-packages/lab1'...
[0.914s] Invoked command in '/home/superfunnyshark/repository/ros2_ws/build/lab1' returned '0': CMAKE_PREFIX_PATH=${CMAKE_PREFIX_PATH}:/opt/ros/humble /usr/bin/cmake --install /home/superfunnyshark/repository/ros2_ws/build/lab1
