[0.240s] DEBUG:colcon:Command line arguments: ['/usr/bin/colcon', 'build', '--symlink-install']
[0.241s] DEBUG:colcon:Parsed command line arguments: Namespace(log_base=None, log_level=None, verb_name='build', build_base='build', install_base='install', merge_install=False, symlink_install=True, test_result_base=None, continue_on_error=False, executor='parallel', parallel_workers=8, event_handlers=None, ignore_user_meta=False, metas=['./colcon.meta'], base_paths=['.'], packages_ignore=None, packages_ignore_regex=None, paths=None, packages_up_to=None, packages_up_to_regex=None, packages_above=None, packages_above_and_dependencies=None, packages_above_depth=None, packages_select_by_dep=None, packages_skip_by_dep=None, packages_skip_up_to=None, packages_select_build_failed=False, packages_skip_build_finished=False, packages_select_test_failures=False, packages_skip_test_passed=False, packages_select=None, packages_skip=None, packages_select_regex=None, packages_skip_regex=None, packages_start=None, packages_end=None, allow_overriding=[], cmake_args=None, cmake_target=None, cmake_target_skip_unavailable=False, cmake_clean_cache=False, cmake_clean_first=False, cmake_force_configure=False, ament_cmake_args=None, catkin_cmake_args=None, catkin_skip_building_tests=False, mixin_files=None, mixin=None, verb_parser=<colcon_mixin.mixin.mixin_argument.MixinArgumentDecorator object at 0x7f2d7b8e9d80>, verb_extension=<colcon_core.verb.build.BuildVerb object at 0x7f2d7ba82cb0>, main=<bound method BuildVerb.main of <colcon_core.verb.build.BuildVerb object at 0x7f2d7ba82cb0>>, mixin_verb=('build',))
[0.616s] Level 1:colcon.colcon_core.package_discovery:discover_packages(colcon_meta) check parameters
[0.616s] Level 1:colcon.colcon_core.package_discovery:discover_packages(recursive) check parameters
[0.616s] Level 1:colcon.colcon_core.package_discovery:discover_packages(ignore) check parameters
[0.616s] Level 1:colcon.colcon_core.package_discovery:discover_packages(path) check parameters
[0.616s] Level 1:colcon.colcon_core.package_discovery:discover_packages(colcon_meta) discover
[0.617s] Level 1:colcon.colcon_core.package_discovery:discover_packages(recursive) discover
[0.617s] INFO:colcon.colcon_core.package_discovery:Crawling recursively for packages in '/home/superfunnyshark/repository/ros2_ws'
[0.617s] Level 1:colcon.colcon_core.package_identification:_identify(.) by extensions ['ignore', 'ignore_ament_install']
[0.617s] Level 1:colcon.colcon_core.package_identification:_identify(.) by extension 'ignore'
[0.617s] Level 1:colcon.colcon_core.package_identification:_identify(.) by extension 'ignore_ament_install'
[0.617s] Level 1:colcon.colcon_core.package_identification:_identify(.) by extensions ['colcon_pkg']
[0.617s] Level 1:colcon.colcon_core.package_identification:_identify(.) by extension 'colcon_pkg'
[0.617s] Level 1:colcon.colcon_core.package_identification:_identify(.) by extensions ['colcon_meta']
[0.617s] Level 1:colcon.colcon_core.package_identification:_identify(.) by extension 'colcon_meta'
[0.617s] Level 1:colcon.colcon_core.package_identification:_identify(.) by extensions ['ros']
[0.617s] Level 1:colcon.colcon_core.package_identification:_identify(.) by extension 'ros'
[0.630s] Level 1:colcon.colcon_core.package_identification:_identify(.) by extensions ['cmake', 'python']
[0.630s] Level 1:colcon.colcon_core.package_identification:_identify(.) by extension 'cmake'
[0.630s] Level 1:colcon.colcon_core.package_identification:_identify(.) by extension 'python'
[0.630s] Level 1:colcon.colcon_core.package_identification:_identify(.) by extensions ['python_setup_py']
[0.630s] Level 1:colcon.colcon_core.package_identification:_identify(.) by extension 'python_setup_py'
[0.630s] Level 1:colcon.colcon_core.package_identification:_identify(build) by extensions ['ignore', 'ignore_ament_install']
[0.631s] Level 1:colcon.colcon_core.package_identification:_identify(build) by extension 'ignore'
[0.631s] Level 1:colcon.colcon_core.package_identification:_identify(build) ignored
[0.631s] Level 1:colcon.colcon_core.package_identification:_identify(install) by extensions ['ignore', 'ignore_ament_install']
[0.631s] Level 1:colcon.colcon_core.package_identification:_identify(install) by extension 'ignore'
[0.631s] Level 1:colcon.colcon_core.package_identification:_identify(install) ignored
[0.631s] Level 1:colcon.colcon_core.package_identification:_identify(log) by extensions ['ignore', 'ignore_ament_install']
[0.631s] Level 1:colcon.colcon_core.package_identification:_identify(log) by extension 'ignore'
[0.631s] Level 1:colcon.colcon_core.package_identification:_identify(log) ignored
[0.631s] Level 1:colcon.colcon_core.package_identification:_identify(src) by extensions ['ignore', 'ignore_ament_install']
[0.631s] Level 1:colcon.colcon_core.package_identification:_identify(src) by extension 'ignore'
[0.631s] Level 1:colcon.colcon_core.package_identification:_identify(src) by extension 'ignore_ament_install'
[0.631s] Level 1:colcon.colcon_core.package_identification:_identify(src) by extensions ['colcon_pkg']
[0.631s] Level 1:colcon.colcon_core.package_identification:_identify(src) by extension 'colcon_pkg'
[0.632s] Level 1:colcon.colcon_core.package_identification:_identify(src) by extensions ['colcon_meta']
[0.632s] Level 1:colcon.colcon_core.package_identification:_identify(src) by extension 'colcon_meta'
[0.632s] Level 1:colcon.colcon_core.package_identification:_identify(src) by extensions ['ros']
[0.632s] Level 1:colcon.colcon_core.package_identification:_identify(src) by extension 'ros'
[0.632s] Level 1:colcon.colcon_core.package_identification:_identify(src) by extensions ['cmake', 'python']
[0.632s] Level 1:colcon.colcon_core.package_identification:_identify(src) by extension 'cmake'
[0.632s] Level 1:colcon.colcon_core.package_identification:_identify(src) by extension 'python'
[0.632s] Level 1:colcon.colcon_core.package_identification:_identify(src) by extensions ['python_setup_py']
[0.632s] Level 1:colcon.colcon_core.package_identification:_identify(src) by extension 'python_setup_py'
[0.632s] Level 1:colcon.colcon_core.package_identification:_identify(src/build) by extensions ['ignore', 'ignore_ament_install']
[0.632s] Level 1:colcon.colcon_core.package_identification:_identify(src/build) by extension 'ignore'
[0.632s] Level 1:colcon.colcon_core.package_identification:_identify(src/build) ignored
[0.632s] Level 1:colcon.colcon_core.package_identification:_identify(src/install) by extensions ['ignore', 'ignore_ament_install']
[0.632s] Level 1:colcon.colcon_core.package_identification:_identify(src/install) by extension 'ignore'
[0.632s] Level 1:colcon.colcon_core.package_identification:_identify(src/install) ignored
[0.633s] Level 1:colcon.colcon_core.package_identification:_identify(src/lab1) by extensions ['ignore', 'ignore_ament_install']
[0.633s] Level 1:colcon.colcon_core.package_identification:_identify(src/lab1) by extension 'ignore'
[0.633s] Level 1:colcon.colcon_core.package_identification:_identify(src/lab1) by extension 'ignore_ament_install'
[0.633s] Level 1:colcon.colcon_core.package_identification:_identify(src/lab1) by extensions ['colcon_pkg']
[0.633s] Level 1:colcon.colcon_core.package_identification:_identify(src/lab1) by extension 'colcon_pkg'
[0.633s] Level 1:colcon.colcon_core.package_identification:_identify(src/lab1) by extensions ['colcon_meta']
[0.633s] Level 1:colcon.colcon_core.package_identification:_identify(src/lab1) by extension 'colcon_meta'
[0.633s] Level 1:colcon.colcon_core.package_identification:_identify(src/lab1) by extensions ['ros']
[0.633s] Level 1:colcon.colcon_core.package_identification:_identify(src/lab1) by extension 'ros'
[0.637s] DEBUG:colcon.colcon_core.package_identification:Package 'src/lab1' with type 'ros.ament_cmake' and name 'lab1'
[0.637s] Level 1:colcon.colcon_core.package_identification:_identify(src/log) by extensions ['ignore', 'ignore_ament_install']
[0.638s] Level 1:colcon.colcon_core.package_identification:_identify(src/log) by extension 'ignore'
[0.638s] Level 1:colcon.colcon_core.package_identification:_identify(src/log) ignored
[0.638s] Level 1:colcon.colcon_core.package_identification:_identify(src/my_first_pkg) by extensions ['ignore', 'ignore_ament_install']
[0.638s] Level 1:colcon.colcon_core.package_identification:_identify(src/my_first_pkg) by extension 'ignore'
[0.638s] Level 1:colcon.colcon_core.package_identification:_identify(src/my_first_pkg) by extension 'ignore_ament_install'
[0.638s] Level 1:colcon.colcon_core.package_identification:_identify(src/my_first_pkg) by extensions ['colcon_pkg']
[0.638s] Level 1:colcon.colcon_core.package_identification:_identify(src/my_first_pkg) by extension 'colcon_pkg'
[0.638s] Level 1:colcon.colcon_core.package_identification:_identify(src/my_first_pkg) by extensions ['colcon_meta']
[0.638s] Level 1:colcon.colcon_core.package_identification:_identify(src/my_first_pkg) by extension 'colcon_meta'
[0.638s] Level 1:colcon.colcon_core.package_identification:_identify(src/my_first_pkg) by extensions ['ros']
[0.638s] Level 1:colcon.colcon_core.package_identification:_identify(src/my_first_pkg) by extension 'ros'
[0.639s] DEBUG:colcon.colcon_core.package_identification:Package 'src/my_first_pkg' with type 'ros.ament_cmake' and name 'my_first_pkg'
[0.639s] Level 1:colcon.colcon_core.package_identification:_identify(src/test_pkg) by extensions ['ignore', 'ignore_ament_install']
[0.639s] Level 1:colcon.colcon_core.package_identification:_identify(src/test_pkg) by extension 'ignore'
[0.639s] Level 1:colcon.colcon_core.package_identification:_identify(src/test_pkg) by extension 'ignore_ament_install'
[0.639s] Level 1:colcon.colcon_core.package_identification:_identify(src/test_pkg) by extensions ['colcon_pkg']
[0.639s] Level 1:colcon.colcon_core.package_identification:_identify(src/test_pkg) by extension 'colcon_pkg'
[0.639s] Level 1:colcon.colcon_core.package_identification:_identify(src/test_pkg) by extensions ['colcon_meta']
[0.639s] Level 1:colcon.colcon_core.package_identification:_identify(src/test_pkg) by extension 'colcon_meta'
[0.639s] Level 1:colcon.colcon_core.package_identification:_identify(src/test_pkg) by extensions ['ros']
[0.639s] Level 1:colcon.colcon_core.package_identification:_identify(src/test_pkg) by extension 'ros'
[0.640s] DEBUG:colcon.colcon_core.package_identification:Package 'src/test_pkg' with type 'ros.ament_cmake' and name 'test_pkg'
[0.640s] Level 1:colcon.colcon_core.package_discovery:discover_packages(recursive) using defaults
[0.640s] Level 1:colcon.colcon_core.package_discovery:discover_packages(ignore) discover
[0.640s] Level 1:colcon.colcon_core.package_discovery:discover_packages(ignore) using defaults
[0.640s] Level 1:colcon.colcon_core.package_discovery:discover_packages(path) discover
[0.641s] Level 1:colcon.colcon_core.package_discovery:discover_packages(path) using defaults
[0.675s] Level 1:colcon.colcon_core.package_discovery:discover_packages(prefix_path) check parameters
[0.675s] Level 1:colcon.colcon_core.package_discovery:discover_packages(prefix_path) discover
[0.680s] DEBUG:colcon.colcon_installed_package_information.package_discovery:Found 2 installed packages in /home/superfunnyshark/ros2_ws/install
[0.681s] DEBUG:colcon.colcon_installed_package_information.package_discovery:Found 3 installed packages in /home/superfunnyshark/repository/ros2_ws/install
[0.683s] DEBUG:colcon.colcon_installed_package_information.package_discovery:Found 274 installed packages in /opt/ros/humble
[0.684s] Level 1:colcon.colcon_core.package_discovery:discover_packages(prefix_path) using defaults
[0.739s] Level 5:colcon.colcon_core.verb:set package 'lab1' build argument 'cmake_args' from command line to 'None'
[0.739s] Level 5:colcon.colcon_core.verb:set package 'lab1' build argument 'cmake_target' from command line to 'None'
[0.739s] Level 5:colcon.colcon_core.verb:set package 'lab1' build argument 'cmake_target_skip_unavailable' from command line to 'False'
[0.739s] Level 5:colcon.colcon_core.verb:set package 'lab1' build argument 'cmake_clean_cache' from command line to 'False'
[0.739s] Level 5:colcon.colcon_core.verb:set package 'lab1' build argument 'cmake_clean_first' from command line to 'False'
[0.739s] Level 5:colcon.colcon_core.verb:set package 'lab1' build argument 'cmake_force_configure' from command line to 'False'
[0.739s] Level 5:colcon.colcon_core.verb:set package 'lab1' build argument 'ament_cmake_args' from command line to 'None'
[0.739s] Level 5:colcon.colcon_core.verb:set package 'lab1' build argument 'catkin_cmake_args' from command line to 'None'
[0.739s] Level 5:colcon.colcon_core.verb:set package 'lab1' build argument 'catkin_skip_building_tests' from command line to 'False'
[0.739s] DEBUG:colcon.colcon_core.verb:Building package 'lab1' with the following arguments: {'ament_cmake_args': None, 'build_base': '/home/superfunnyshark/repository/ros2_ws/build/lab1', 'catkin_cmake_args': None, 'catkin_skip_building_tests': False, 'cmake_args': None, 'cmake_clean_cache': False, 'cmake_clean_first': False, 'cmake_force_configure': False, 'cmake_target': None, 'cmake_target_skip_unavailable': False, 'install_base': '/home/superfunnyshark/repository/ros2_ws/install/lab1', 'merge_install': False, 'path': '/home/superfunnyshark/repository/ros2_ws/src/lab1', 'symlink_install': True, 'test_result_base': None}
[0.739s] Level 5:colcon.colcon_core.verb:set package 'my_first_pkg' build argument 'cmake_args' from command line to 'None'
[0.739s] Level 5:colcon.colcon_core.verb:set package 'my_first_pkg' build argument 'cmake_target' from command line to 'None'
[0.739s] Level 5:colcon.colcon_core.verb:set package 'my_first_pkg' build argument 'cmake_target_skip_unavailable' from command line to 'False'
[0.739s] Level 5:colcon.colcon_core.verb:set package 'my_first_pkg' build argument 'cmake_clean_cache' from command line to 'False'
[0.739s] Level 5:colcon.colcon_core.verb:set package 'my_first_pkg' build argument 'cmake_clean_first' from command line to 'False'
[0.739s] Level 5:colcon.colcon_core.verb:set package 'my_first_pkg' build argument 'cmake_force_configure' from command line to 'False'
[0.739s] Level 5:colcon.colcon_core.verb:set package 'my_first_pkg' build argument 'ament_cmake_args' from command line to 'None'
[0.739s] Level 5:colcon.colcon_core.verb:set package 'my_first_pkg' build argument 'catkin_cmake_args' from command line to 'None'
[0.739s] Level 5:colcon.colcon_core.verb:set package 'my_first_pkg' build argument 'catkin_skip_building_tests' from command line to 'False'
[0.739s] DEBUG:colcon.colcon_core.verb:Building package 'my_first_pkg' with the following arguments: {'ament_cmake_args': None, 'build_base': '/home/superfunnyshark/repository/ros2_ws/build/my_first_pkg', 'catkin_cmake_args': None, 'catkin_skip_building_tests': False, 'cmake_args': None, 'cmake_clean_cache': False, 'cmake_clean_first': False, 'cmake_force_configure': False, 'cmake_target': None, 'cmake_target_skip_unavailable': False, 'install_base': '/home/superfunnyshark/repository/ros2_ws/install/my_first_pkg', 'merge_install': False, 'path': '/home/superfunnyshark/repository/ros2_ws/src/my_first_pkg', 'symlink_install': True, 'test_result_base': None}
[0.740s] Level 5:colcon.colcon_core.verb:set package 'test_pkg' build argument 'cmake_args' from command line to 'None'
[0.740s] Level 5:colcon.colcon_core.verb:set package 'test_pkg' build argument 'cmake_target' from command line to 'None'
[0.740s] Level 5:colcon.colcon_core.verb:set package 'test_pkg' build argument 'cmake_target_skip_unavailable' from command line to 'False'
[0.740s] Level 5:colcon.colcon_core.verb:set package 'test_pkg' build argument 'cmake_clean_cache' from command line to 'False'
[0.740s] Level 5:colcon.colcon_core.verb:set package 'test_pkg' build argument 'cmake_clean_first' from command line to 'False'
[0.740s] Level 5:colcon.colcon_core.verb:set package 'test_pkg' build argument 'cmake_force_configure' from command line to 'False'
[0.740s] Level 5:colcon.colcon_core.verb:set package 'test_pkg' build argument 'ament_cmake_args' from command line to 'None'
[0.740s] Level 5:colcon.colcon_core.verb:set package 'test_pkg' build argument 'catkin_cmake_args' from command line to 'None'
[0.740s] Level 5:colcon.colcon_core.verb:set package 'test_pkg' build argument 'catkin_skip_building_tests' from command line to 'False'
[0.740s] DEBUG:colcon.colcon_core.verb:Building package 'test_pkg' with the following arguments: {'ament_cmake_args': None, 'build_base': '/home/superfunnyshark/repository/ros2_ws/build/test_pkg', 'catkin_cmake_args': None, 'catkin_skip_building_tests': False, 'cmake_args': None, 'cmake_clean_cache': False, 'cmake_clean_first': False, 'cmake_force_configure': False, 'cmake_target': None, 'cmake_target_skip_unavailable': False, 'install_base': '/home/superfunnyshark/repository/ros2_ws/install/test_pkg', 'merge_install': False, 'path': '/home/superfunnyshark/repository/ros2_ws/src/test_pkg', 'symlink_install': True, 'test_result_base': None}
[0.740s] INFO:colcon.colcon_core.executor:Executing jobs using 'parallel' executor
[0.741s] DEBUG:colcon.colcon_parallel_executor.executor.parallel:run_until_complete
[0.741s] INFO:colcon.colcon_ros.task.ament_cmake.build:Building ROS package in '/home/superfunnyshark/repository/ros2_ws/src/lab1' with build type 'ament_cmake'
[0.741s] INFO:colcon.colcon_cmake.task.cmake.build:Building CMake package in '/home/superfunnyshark/repository/ros2_ws/src/lab1'
[0.748s] INFO:colcon.colcon_core.plugin_system:Skipping extension 'colcon_core.shell.bat': Not used on non-Windows systems
[0.749s] INFO:colcon.colcon_core.shell:Skip shell extension 'powershell' for command environment: Not usable outside of PowerShell
[0.749s] DEBUG:colcon.colcon_core.shell:Skip shell extension 'dsv' for command environment
[0.757s] INFO:colcon.colcon_ros.task.ament_cmake.build:Building ROS package in '/home/superfunnyshark/repository/ros2_ws/src/my_first_pkg' with build type 'ament_cmake'
[0.757s] INFO:colcon.colcon_cmake.task.cmake.build:Building CMake package in '/home/superfunnyshark/repository/ros2_ws/src/my_first_pkg'
[0.757s] INFO:colcon.colcon_core.shell:Skip shell extension 'powershell' for command environment: Not usable outside of PowerShell
[0.757s] DEBUG:colcon.colcon_core.shell:Skip shell extension 'dsv' for command environment
[0.765s] INFO:colcon.colcon_ros.task.ament_cmake.build:Building ROS package in '/home/superfunnyshark/repository/ros2_ws/src/test_pkg' with build type 'ament_cmake'
[0.766s] INFO:colcon.colcon_cmake.task.cmake.build:Building CMake package in '/home/superfunnyshark/repository/ros2_ws/src/test_pkg'
[0.766s] INFO:colcon.colcon_core.shell:Skip shell extension 'powershell' for command environment: Not usable outside of PowerShell
[0.766s] DEBUG:colcon.colcon_core.shell:Skip shell extension 'dsv' for command environment
[0.787s] DEBUG:colcon.colcon_core.event_handler.log_command:Invoking command in '/home/superfunnyshark/repository/ros2_ws/build/lab1': CMAKE_PREFIX_PATH=${CMAKE_PREFIX_PATH}:/opt/ros/humble /usr/bin/cmake --build /home/superfunnyshark/repository/ros2_ws/build/lab1 -- -j8 -l8
[0.796s] DEBUG:colcon.colcon_core.event_handler.log_command:Invoking command in '/home/superfunnyshark/repository/ros2_ws/build/my_first_pkg': CMAKE_PREFIX_PATH=${CMAKE_PREFIX_PATH}:/opt/ros/humble /usr/bin/cmake --build /home/superfunnyshark/repository/ros2_ws/build/my_first_pkg -- -j8 -l8
[0.802s] DEBUG:colcon.colcon_core.event_handler.log_command:Invoking command in '/home/superfunnyshark/repository/ros2_ws/build/test_pkg': CMAKE_PREFIX_PATH=${CMAKE_PREFIX_PATH}:/opt/ros/humble /usr/bin/cmake --build /home/superfunnyshark/repository/ros2_ws/build/test_pkg -- -j8 -l8
[1.502s] DEBUG:colcon.colcon_core.event_handler.log_command:Invoked command in '/home/superfunnyshark/repository/ros2_ws/build/lab1' returned '0': CMAKE_PREFIX_PATH=${CMAKE_PREFIX_PATH}:/opt/ros/humble /usr/bin/cmake --build /home/superfunnyshark/repository/ros2_ws/build/lab1 -- -j8 -l8
[1.526s] DEBUG:colcon.colcon_core.event_handler.log_command:Invoking command in '/home/superfunnyshark/repository/ros2_ws/build/lab1': CMAKE_PREFIX_PATH=${CMAKE_PREFIX_PATH}:/opt/ros/humble /usr/bin/cmake --install /home/superfunnyshark/repository/ros2_ws/build/lab1
[1.526s] DEBUG:colcon.colcon_core.event_handler.log_command:Invoked command in '/home/superfunnyshark/repository/ros2_ws/build/test_pkg' returned '0': CMAKE_PREFIX_PATH=${CMAKE_PREFIX_PATH}:/opt/ros/humble /usr/bin/cmake --build /home/superfunnyshark/repository/ros2_ws/build/test_pkg -- -j8 -l8
[1.529s] DEBUG:colcon.colcon_core.event_handler.log_command:Invoking command in '/home/superfunnyshark/repository/ros2_ws/build/test_pkg': CMAKE_PREFIX_PATH=${CMAKE_PREFIX_PATH}:/opt/ros/humble /usr/bin/cmake --install /home/superfunnyshark/repository/ros2_ws/build/test_pkg
[1.529s] DEBUG:colcon.colcon_core.event_handler.log_command:Invoked command in '/home/superfunnyshark/repository/ros2_ws/build/my_first_pkg' returned '0': CMAKE_PREFIX_PATH=${CMAKE_PREFIX_PATH}:/opt/ros/humble /usr/bin/cmake --build /home/superfunnyshark/repository/ros2_ws/build/my_first_pkg -- -j8 -l8
[1.531s] DEBUG:colcon.colcon_core.event_handler.log_command:Invoking command in '/home/superfunnyshark/repository/ros2_ws/build/my_first_pkg': CMAKE_PREFIX_PATH=${CMAKE_PREFIX_PATH}:/opt/ros/humble /usr/bin/cmake --install /home/superfunnyshark/repository/ros2_ws/build/my_first_pkg
[1.650s] Level 1:colcon.colcon_core.environment:create_environment_scripts_only(test_pkg)
[1.651s] DEBUG:colcon.colcon_core.event_handler.log_command:Invoked command in '/home/superfunnyshark/repository/ros2_ws/build/test_pkg' returned '0': CMAKE_PREFIX_PATH=${CMAKE_PREFIX_PATH}:/opt/ros/humble /usr/bin/cmake --install /home/superfunnyshark/repository/ros2_ws/build/test_pkg
[1.658s] Level 1:colcon.colcon_core.environment:checking '/home/superfunnyshark/repository/ros2_ws/install/test_pkg' for CMake module files
[1.659s] Level 1:colcon.colcon_core.environment:checking '/home/superfunnyshark/repository/ros2_ws/install/test_pkg' for CMake config files
[1.661s] Level 1:colcon.colcon_core.shell:create_environment_hook('test_pkg', 'cmake_prefix_path')
[1.661s] INFO:colcon.colcon_core.shell:Creating environment hook '/home/superfunnyshark/repository/ros2_ws/install/test_pkg/share/test_pkg/hook/cmake_prefix_path.ps1'
[1.662s] INFO:colcon.colcon_core.shell:Creating environment descriptor '/home/superfunnyshark/repository/ros2_ws/install/test_pkg/share/test_pkg/hook/cmake_prefix_path.dsv'
[1.663s] INFO:colcon.colcon_core.shell:Creating environment hook '/home/superfunnyshark/repository/ros2_ws/install/test_pkg/share/test_pkg/hook/cmake_prefix_path.sh'
[1.664s] Level 1:colcon.colcon_core.environment:checking '/home/superfunnyshark/repository/ros2_ws/install/test_pkg/lib'
[1.664s] Level 1:colcon.colcon_core.environment:checking '/home/superfunnyshark/repository/ros2_ws/install/test_pkg/bin'
[1.664s] Level 1:colcon.colcon_core.environment:checking '/home/superfunnyshark/repository/ros2_ws/install/test_pkg/lib/pkgconfig/test_pkg.pc'
[1.664s] Level 1:colcon.colcon_core.environment:checking '/home/superfunnyshark/repository/ros2_ws/install/test_pkg/lib/python3.10/site-packages'
[1.664s] Level 1:colcon.colcon_core.environment:checking '/home/superfunnyshark/repository/ros2_ws/install/test_pkg/bin'
[1.664s] INFO:colcon.colcon_core.shell:Creating package script '/home/superfunnyshark/repository/ros2_ws/install/test_pkg/share/test_pkg/package.ps1'
[1.666s] INFO:colcon.colcon_core.shell:Creating package descriptor '/home/superfunnyshark/repository/ros2_ws/install/test_pkg/share/test_pkg/package.dsv'
[1.667s] INFO:colcon.colcon_core.shell:Creating package script '/home/superfunnyshark/repository/ros2_ws/install/test_pkg/share/test_pkg/package.sh'
[1.668s] INFO:colcon.colcon_core.shell:Creating package script '/home/superfunnyshark/repository/ros2_ws/install/test_pkg/share/test_pkg/package.bash'
[1.669s] INFO:colcon.colcon_core.shell:Creating package script '/home/superfunnyshark/repository/ros2_ws/install/test_pkg/share/test_pkg/package.zsh'
[1.670s] Level 1:colcon.colcon_core.environment:create_file_with_runtime_dependencies(/home/superfunnyshark/repository/ros2_ws/install/test_pkg/share/colcon-core/packages/test_pkg)
[1.671s] Level 1:colcon.colcon_core.environment:create_environment_scripts_only(test_pkg)
[1.671s] Level 1:colcon.colcon_core.environment:checking '/home/superfunnyshark/repository/ros2_ws/install/test_pkg' for CMake module files
[1.672s] Level 1:colcon.colcon_core.environment:checking '/home/superfunnyshark/repository/ros2_ws/install/test_pkg' for CMake config files
[1.674s] Level 1:colcon.colcon_core.shell:create_environment_hook('test_pkg', 'cmake_prefix_path')
[1.674s] INFO:colcon.colcon_core.shell:Creating environment hook '/home/superfunnyshark/repository/ros2_ws/install/test_pkg/share/test_pkg/hook/cmake_prefix_path.ps1'
[1.674s] INFO:colcon.colcon_core.shell:Creating environment descriptor '/home/superfunnyshark/repository/ros2_ws/install/test_pkg/share/test_pkg/hook/cmake_prefix_path.dsv'
[1.675s] INFO:colcon.colcon_core.shell:Creating environment hook '/home/superfunnyshark/repository/ros2_ws/install/test_pkg/share/test_pkg/hook/cmake_prefix_path.sh'
[1.675s] Level 1:colcon.colcon_core.environment:checking '/home/superfunnyshark/repository/ros2_ws/install/test_pkg/lib'
[1.676s] Level 1:colcon.colcon_core.environment:checking '/home/superfunnyshark/repository/ros2_ws/install/test_pkg/bin'
[1.676s] Level 1:colcon.colcon_core.environment:checking '/home/superfunnyshark/repository/ros2_ws/install/test_pkg/lib/pkgconfig/test_pkg.pc'
[1.676s] Level 1:colcon.colcon_core.environment:checking '/home/superfunnyshark/repository/ros2_ws/install/test_pkg/lib/python3.10/site-packages'
[1.676s] Level 1:colcon.colcon_core.environment:checking '/home/superfunnyshark/repository/ros2_ws/install/test_pkg/bin'
[1.676s] INFO:colcon.colcon_core.shell:Creating package script '/home/superfunnyshark/repository/ros2_ws/install/test_pkg/share/test_pkg/package.ps1'
[1.677s] INFO:colcon.colcon_core.shell:Creating package descriptor '/home/superfunnyshark/repository/ros2_ws/install/test_pkg/share/test_pkg/package.dsv'
[1.677s] INFO:colcon.colcon_core.shell:Creating package script '/home/superfunnyshark/repository/ros2_ws/install/test_pkg/share/test_pkg/package.sh'
[1.681s] INFO:colcon.colcon_core.shell:Creating package script '/home/superfunnyshark/repository/ros2_ws/install/test_pkg/share/test_pkg/package.bash'
[1.682s] INFO:colcon.colcon_core.shell:Creating package script '/home/superfunnyshark/repository/ros2_ws/install/test_pkg/share/test_pkg/package.zsh'
[1.682s] Level 1:colcon.colcon_core.environment:create_file_with_runtime_dependencies(/home/superfunnyshark/repository/ros2_ws/install/test_pkg/share/colcon-core/packages/test_pkg)
[1.683s] Level 1:colcon.colcon_core.environment:create_environment_scripts_only(my_first_pkg)
[1.684s] Level 1:colcon.colcon_core.environment:checking '/home/superfunnyshark/repository/ros2_ws/install/my_first_pkg' for CMake module files
[1.684s] DEBUG:colcon.colcon_core.event_handler.log_command:Invoked command in '/home/superfunnyshark/repository/ros2_ws/build/my_first_pkg' returned '0': CMAKE_PREFIX_PATH=${CMAKE_PREFIX_PATH}:/opt/ros/humble /usr/bin/cmake --install /home/superfunnyshark/repository/ros2_ws/build/my_first_pkg
[1.685s] Level 1:colcon.colcon_core.environment:checking '/home/superfunnyshark/repository/ros2_ws/install/my_first_pkg' for CMake config files
[1.687s] Level 1:colcon.colcon_core.shell:create_environment_hook('my_first_pkg', 'cmake_prefix_path')
[1.687s] INFO:colcon.colcon_core.shell:Creating environment hook '/home/superfunnyshark/repository/ros2_ws/install/my_first_pkg/share/my_first_pkg/hook/cmake_prefix_path.ps1'
[1.688s] INFO:colcon.colcon_core.shell:Creating environment descriptor '/home/superfunnyshark/repository/ros2_ws/install/my_first_pkg/share/my_first_pkg/hook/cmake_prefix_path.dsv'
[1.688s] INFO:colcon.colcon_core.shell:Creating environment hook '/home/superfunnyshark/repository/ros2_ws/install/my_first_pkg/share/my_first_pkg/hook/cmake_prefix_path.sh'
[1.689s] Level 1:colcon.colcon_core.environment:checking '/home/superfunnyshark/repository/ros2_ws/install/my_first_pkg/lib'
[1.689s] Level 1:colcon.colcon_core.environment:checking '/home/superfunnyshark/repository/ros2_ws/install/my_first_pkg/bin'
[1.689s] Level 1:colcon.colcon_core.environment:checking '/home/superfunnyshark/repository/ros2_ws/install/my_first_pkg/lib/pkgconfig/my_first_pkg.pc'
[1.689s] Level 1:colcon.colcon_core.environment:checking '/home/superfunnyshark/repository/ros2_ws/install/my_first_pkg/lib/python3.10/site-packages'
[1.690s] Level 1:colcon.colcon_core.environment:checking '/home/superfunnyshark/repository/ros2_ws/install/my_first_pkg/bin'
[1.690s] INFO:colcon.colcon_core.shell:Creating package script '/home/superfunnyshark/repository/ros2_ws/install/my_first_pkg/share/my_first_pkg/package.ps1'
[1.690s] INFO:colcon.colcon_core.shell:Creating package descriptor '/home/superfunnyshark/repository/ros2_ws/install/my_first_pkg/share/my_first_pkg/package.dsv'
[1.692s] INFO:colcon.colcon_core.shell:Creating package script '/home/superfunnyshark/repository/ros2_ws/install/my_first_pkg/share/my_first_pkg/package.sh'
[1.692s] INFO:colcon.colcon_core.shell:Creating package script '/home/superfunnyshark/repository/ros2_ws/install/my_first_pkg/share/my_first_pkg/package.bash'
[1.693s] INFO:colcon.colcon_core.shell:Creating package script '/home/superfunnyshark/repository/ros2_ws/install/my_first_pkg/share/my_first_pkg/package.zsh'
[1.694s] Level 1:colcon.colcon_core.environment:create_file_with_runtime_dependencies(/home/superfunnyshark/repository/ros2_ws/install/my_first_pkg/share/colcon-core/packages/my_first_pkg)
[1.695s] Level 1:colcon.colcon_core.environment:create_environment_scripts_only(my_first_pkg)
[1.695s] Level 1:colcon.colcon_core.environment:checking '/home/superfunnyshark/repository/ros2_ws/install/my_first_pkg' for CMake module files
[1.697s] Level 1:colcon.colcon_core.environment:checking '/home/superfunnyshark/repository/ros2_ws/install/my_first_pkg' for CMake config files
[1.699s] Level 1:colcon.colcon_core.shell:create_environment_hook('my_first_pkg', 'cmake_prefix_path')
[1.699s] INFO:colcon.colcon_core.shell:Creating environment hook '/home/superfunnyshark/repository/ros2_ws/install/my_first_pkg/share/my_first_pkg/hook/cmake_prefix_path.ps1'
[1.700s] INFO:colcon.colcon_core.shell:Creating environment descriptor '/home/superfunnyshark/repository/ros2_ws/install/my_first_pkg/share/my_first_pkg/hook/cmake_prefix_path.dsv'
[1.701s] INFO:colcon.colcon_core.shell:Creating environment hook '/home/superfunnyshark/repository/ros2_ws/install/my_first_pkg/share/my_first_pkg/hook/cmake_prefix_path.sh'
[1.702s] Level 1:colcon.colcon_core.environment:checking '/home/superfunnyshark/repository/ros2_ws/install/my_first_pkg/lib'
[1.702s] Level 1:colcon.colcon_core.environment:checking '/home/superfunnyshark/repository/ros2_ws/install/my_first_pkg/bin'
[1.702s] Level 1:colcon.colcon_core.environment:checking '/home/superfunnyshark/repository/ros2_ws/install/my_first_pkg/lib/pkgconfig/my_first_pkg.pc'
[1.702s] Level 1:colcon.colcon_core.environment:checking '/home/superfunnyshark/repository/ros2_ws/install/my_first_pkg/lib/python3.10/site-packages'
[1.702s] Level 1:colcon.colcon_core.environment:checking '/home/superfunnyshark/repository/ros2_ws/install/my_first_pkg/bin'
[1.702s] INFO:colcon.colcon_core.shell:Creating package script '/home/superfunnyshark/repository/ros2_ws/install/my_first_pkg/share/my_first_pkg/package.ps1'
[1.703s] INFO:colcon.colcon_core.shell:Creating package descriptor '/home/superfunnyshark/repository/ros2_ws/install/my_first_pkg/share/my_first_pkg/package.dsv'
[1.704s] INFO:colcon.colcon_core.shell:Creating package script '/home/superfunnyshark/repository/ros2_ws/install/my_first_pkg/share/my_first_pkg/package.sh'
[1.704s] INFO:colcon.colcon_core.shell:Creating package script '/home/superfunnyshark/repository/ros2_ws/install/my_first_pkg/share/my_first_pkg/package.bash'
[1.705s] INFO:colcon.colcon_core.shell:Creating package script '/home/superfunnyshark/repository/ros2_ws/install/my_first_pkg/share/my_first_pkg/package.zsh'
[1.705s] Level 1:colcon.colcon_core.environment:create_file_with_runtime_dependencies(/home/superfunnyshark/repository/ros2_ws/install/my_first_pkg/share/colcon-core/packages/my_first_pkg)
[1.706s] Level 1:colcon.colcon_core.environment:create_environment_scripts_only(lab1)
[1.706s] Level 1:colcon.colcon_core.environment:checking '/home/superfunnyshark/repository/ros2_ws/install/lab1' for CMake module files
[1.708s] DEBUG:colcon.colcon_core.event_handler.log_command:Invoked command in '/home/superfunnyshark/repository/ros2_ws/build/lab1' returned '0': CMAKE_PREFIX_PATH=${CMAKE_PREFIX_PATH}:/opt/ros/humble /usr/bin/cmake --install /home/superfunnyshark/repository/ros2_ws/build/lab1
[1.708s] Level 1:colcon.colcon_core.environment:checking '/home/superfunnyshark/repository/ros2_ws/install/lab1' for CMake config files
[1.711s] Level 1:colcon.colcon_core.shell:create_environment_hook('lab1', 'cmake_prefix_path')
[1.711s] INFO:colcon.colcon_core.shell:Creating environment hook '/home/superfunnyshark/repository/ros2_ws/install/lab1/share/lab1/hook/cmake_prefix_path.ps1'
[1.712s] INFO:colcon.colcon_core.shell:Creating environment descriptor '/home/superfunnyshark/repository/ros2_ws/install/lab1/share/lab1/hook/cmake_prefix_path.dsv'
[1.713s] INFO:colcon.colcon_core.shell:Creating environment hook '/home/superfunnyshark/repository/ros2_ws/install/lab1/share/lab1/hook/cmake_prefix_path.sh'
[1.714s] Level 1:colcon.colcon_core.environment:checking '/home/superfunnyshark/repository/ros2_ws/install/lab1/lib'
[1.714s] Level 1:colcon.colcon_core.environment:checking '/home/superfunnyshark/repository/ros2_ws/install/lab1/bin'
[1.714s] Level 1:colcon.colcon_core.environment:checking '/home/superfunnyshark/repository/ros2_ws/install/lab1/lib/pkgconfig/lab1.pc'
[1.714s] Level 1:colcon.colcon_core.environment:checking '/home/superfunnyshark/repository/ros2_ws/install/lab1/lib/python3.10/site-packages'
[1.714s] Level 1:colcon.colcon_core.environment:checking '/home/superfunnyshark/repository/ros2_ws/install/lab1/bin'
[1.715s] INFO:colcon.colcon_core.shell:Creating package script '/home/superfunnyshark/repository/ros2_ws/install/lab1/share/lab1/package.ps1'
[1.715s] INFO:colcon.colcon_core.shell:Creating package descriptor '/home/superfunnyshark/repository/ros2_ws/install/lab1/share/lab1/package.dsv'
[1.716s] INFO:colcon.colcon_core.shell:Creating package script '/home/superfunnyshark/repository/ros2_ws/install/lab1/share/lab1/package.sh'
[1.717s] INFO:colcon.colcon_core.shell:Creating package script '/home/superfunnyshark/repository/ros2_ws/install/lab1/share/lab1/package.bash'
[1.717s] INFO:colcon.colcon_core.shell:Creating package script '/home/superfunnyshark/repository/ros2_ws/install/lab1/share/lab1/package.zsh'
[1.718s] Level 1:colcon.colcon_core.environment:create_file_with_runtime_dependencies(/home/superfunnyshark/repository/ros2_ws/install/lab1/share/colcon-core/packages/lab1)
[1.718s] Level 1:colcon.colcon_core.environment:create_environment_scripts_only(lab1)
[1.719s] Level 1:colcon.colcon_core.environment:checking '/home/superfunnyshark/repository/ros2_ws/install/lab1' for CMake module files
[1.720s] Level 1:colcon.colcon_core.environment:checking '/home/superfunnyshark/repository/ros2_ws/install/lab1' for CMake config files
[1.721s] Level 1:colcon.colcon_core.shell:create_environment_hook('lab1', 'cmake_prefix_path')
[1.721s] INFO:colcon.colcon_core.shell:Creating environment hook '/home/superfunnyshark/repository/ros2_ws/install/lab1/share/lab1/hook/cmake_prefix_path.ps1'
[1.722s] INFO:colcon.colcon_core.shell:Creating environment descriptor '/home/superfunnyshark/repository/ros2_ws/install/lab1/share/lab1/hook/cmake_prefix_path.dsv'
[1.722s] INFO:colcon.colcon_core.shell:Creating environment hook '/home/superfunnyshark/repository/ros2_ws/install/lab1/share/lab1/hook/cmake_prefix_path.sh'
[1.723s] Level 1:colcon.colcon_core.environment:checking '/home/superfunnyshark/repository/ros2_ws/install/lab1/lib'
[1.723s] Level 1:colcon.colcon_core.environment:checking '/home/superfunnyshark/repository/ros2_ws/install/lab1/bin'
[1.723s] Level 1:colcon.colcon_core.environment:checking '/home/superfunnyshark/repository/ros2_ws/install/lab1/lib/pkgconfig/lab1.pc'
[1.723s] Level 1:colcon.colcon_core.environment:checking '/home/superfunnyshark/repository/ros2_ws/install/lab1/lib/python3.10/site-packages'
[1.723s] Level 1:colcon.colcon_core.environment:checking '/home/superfunnyshark/repository/ros2_ws/install/lab1/bin'
[1.724s] INFO:colcon.colcon_core.shell:Creating package script '/home/superfunnyshark/repository/ros2_ws/install/lab1/share/lab1/package.ps1'
[1.728s] INFO:colcon.colcon_core.shell:Creating package descriptor '/home/superfunnyshark/repository/ros2_ws/install/lab1/share/lab1/package.dsv'
[1.729s] INFO:colcon.colcon_core.shell:Creating package script '/home/superfunnyshark/repository/ros2_ws/install/lab1/share/lab1/package.sh'
[1.729s] INFO:colcon.colcon_core.shell:Creating package script '/home/superfunnyshark/repository/ros2_ws/install/lab1/share/lab1/package.bash'
[1.730s] INFO:colcon.colcon_core.shell:Creating package script '/home/superfunnyshark/repository/ros2_ws/install/lab1/share/lab1/package.zsh'
[1.730s] Level 1:colcon.colcon_core.environment:create_file_with_runtime_dependencies(/home/superfunnyshark/repository/ros2_ws/install/lab1/share/colcon-core/packages/lab1)
[1.731s] DEBUG:colcon.colcon_parallel_executor.executor.parallel:closing loop
[1.731s] DEBUG:colcon.colcon_parallel_executor.executor.parallel:loop closed
[1.731s] DEBUG:colcon.colcon_parallel_executor.executor.parallel:run_until_complete finished with '0'
[1.731s] DEBUG:colcon.colcon_core.event_reactor:joining thread
[1.753s] INFO:colcon.colcon_core.plugin_system:Skipping extension 'colcon_notification.desktop_notification.notify_send': Could not find 'notify-send'
[1.753s] INFO:colcon.colcon_core.plugin_system:Skipping extension 'colcon_notification.desktop_notification.terminal_notifier': Not used on non-Darwin systems
[1.753s] INFO:colcon.colcon_core.plugin_system:Skipping extension 'colcon_notification.desktop_notification.win32': Not used on non-Windows systems
[1.753s] INFO:colcon.colcon_notification.desktop_notification:Sending desktop notification using 'notify2'
[1.754s] DEBUG:colcon.colcon_notification.desktop_notification.notify2:Failed to initialize notify2: org.freedesktop.DBus.Error.NotSupported: Unable to autolaunch a dbus-daemon without a $DISPLAY for X11
[1.754s] DEBUG:colcon.colcon_core.event_reactor:joined thread
[1.754s] INFO:colcon.colcon_core.shell:Creating prefix script '/home/superfunnyshark/repository/ros2_ws/install/local_setup.ps1'
[1.755s] INFO:colcon.colcon_core.shell:Creating prefix util module '/home/superfunnyshark/repository/ros2_ws/install/_local_setup_util_ps1.py'
[1.757s] INFO:colcon.colcon_core.shell:Creating prefix chain script '/home/superfunnyshark/repository/ros2_ws/install/setup.ps1'
[1.759s] INFO:colcon.colcon_core.shell:Creating prefix script '/home/superfunnyshark/repository/ros2_ws/install/local_setup.sh'
[1.760s] INFO:colcon.colcon_core.shell:Creating prefix util module '/home/superfunnyshark/repository/ros2_ws/install/_local_setup_util_sh.py'
[1.761s] INFO:colcon.colcon_core.shell:Creating prefix chain script '/home/superfunnyshark/repository/ros2_ws/install/setup.sh'
[1.763s] INFO:colcon.colcon_core.shell:Creating prefix script '/home/superfunnyshark/repository/ros2_ws/install/local_setup.bash'
[1.764s] INFO:colcon.colcon_core.shell:Creating prefix chain script '/home/superfunnyshark/repository/ros2_ws/install/setup.bash'
[1.766s] INFO:colcon.colcon_core.shell:Creating prefix script '/home/superfunnyshark/repository/ros2_ws/install/local_setup.zsh'
[1.768s] INFO:colcon.colcon_core.shell:Creating prefix chain script '/home/superfunnyshark/repository/ros2_ws/install/setup.zsh'
