[0.047s] Invoking command in '/home/superfunnyshark/repository/ros2_ws/src/build/lab1': CMAKE_PREFIX_PATH=${CMAKE_PREFIX_PATH}:/opt/ros/humble /usr/bin/cmake --build /home/superfunnyshark/repository/ros2_ws/src/build/lab1 -- -j8 -l8
[0.112s] -- Found ament_cmake: 1.3.11 (/opt/ros/humble/share/ament_cmake/cmake)
[0.294s] -- Override CMake install command with custom implementation using symlinks instead of copying resources
[0.425s] -- Found ament_lint_auto: 0.12.12 (/opt/ros/humble/share/ament_lint_auto/cmake)
[0.553s] -- Added test 'flake8' to check Python code syntax and style conventions
[0.554s] -- Added test 'lint_cmake' to check CMake code style
[0.564s] -- Added test 'pep257' to check Python code against some of the docstring style conventions in PEP 257
[0.564s] -- Added test 'xmllint' to check XML markup files
[0.565s] -- Configuring done
[0.608s] -- Generating done
[0.636s] -- Build files have been written to: /home/superfunnyshark/repository/ros2_ws/src/build/lab1
[0.764s] Built target ament_cmake_python_symlink_lab1
[1.142s] running egg_info
[1.143s] writing lab1.egg-info/PKG-INFO
[1.143s] writing dependency_links to lab1.egg-info/dependency_links.txt
[1.144s] writing top-level names to lab1.egg-info/top_level.txt
[1.146s] reading manifest file 'lab1.egg-info/SOURCES.txt'
[1.147s] writing manifest file 'lab1.egg-info/SOURCES.txt'
[1.185s] Built target ament_cmake_python_build_lab1_egg
[1.211s] Invoked command in '/home/superfunnyshark/repository/ros2_ws/src/build/lab1' returned '0': CMAKE_PREFIX_PATH=${CMAKE_PREFIX_PATH}:/opt/ros/humble /usr/bin/cmake --build /home/superfunnyshark/repository/ros2_ws/src/build/lab1 -- -j8 -l8
[1.225s] Invoking command in '/home/superfunnyshark/repository/ros2_ws/src/build/lab1': CMAKE_PREFIX_PATH=${CMAKE_PREFIX_PATH}:/opt/ros/humble /usr/bin/cmake --install /home/superfunnyshark/repository/ros2_ws/src/build/lab1
[1.231s] -- Install configuration: ""
[1.232s] -- Execute custom install script
[1.232s] -- Up-to-date symlink: /home/superfunnyshark/repository/ros2_ws/src/install/lab1/share/lab1/environment/pythonpath.sh
[1.232s] -- Up-to-date symlink: /home/superfunnyshark/repository/ros2_ws/src/install/lab1/share/lab1/environment/pythonpath.dsv
[1.233s] -- Up-to-date symlink: /home/superfunnyshark/repository/ros2_ws/src/install/lab1/local/lib/python3.10/dist-packages/lab1-0.0.0-py3.10.egg-info/PKG-INFO
[1.233s] -- Up-to-date symlink: /home/superfunnyshark/repository/ros2_ws/src/install/lab1/local/lib/python3.10/dist-packages/lab1-0.0.0-py3.10.egg-info/SOURCES.txt
[1.234s] -- Up-to-date symlink: /home/superfunnyshark/repository/ros2_ws/src/install/lab1/local/lib/python3.10/dist-packages/lab1-0.0.0-py3.10.egg-info/dependency_links.txt
[1.234s] -- Up-to-date symlink: /home/superfunnyshark/repository/ros2_ws/src/install/lab1/local/lib/python3.10/dist-packages/lab1-0.0.0-py3.10.egg-info/top_level.txt
[1.235s] -- Up-to-date symlink: /home/superfunnyshark/repository/ros2_ws/src/install/lab1/local/lib/python3.10/dist-packages/lab1/__init__.py
[1.235s] -- Up-to-date symlink: /home/superfunnyshark/repository/ros2_ws/src/install/lab1/lib/lab1/ros2_move_in_circles.py
[1.236s] -- Up-to-date symlink: /home/superfunnyshark/repository/ros2_ws/src/install/lab1/share/ament_index/resource_index/package_run_dependencies/lab1
[1.236s] -- Up-to-date symlink: /home/superfunnyshark/repository/ros2_ws/src/install/lab1/share/ament_index/resource_index/parent_prefix_path/lab1
[1.237s] -- Up-to-date symlink: /home/superfunnyshark/repository/ros2_ws/src/install/lab1/share/lab1/environment/ament_prefix_path.sh
[1.237s] -- Up-to-date symlink: /home/superfunnyshark/repository/ros2_ws/src/install/lab1/share/lab1/environment/ament_prefix_path.dsv
[1.237s] -- Up-to-date symlink: /home/superfunnyshark/repository/ros2_ws/src/install/lab1/share/lab1/environment/path.sh
[1.237s] -- Up-to-date symlink: /home/superfunnyshark/repository/ros2_ws/src/install/lab1/share/lab1/environment/path.dsv
[1.238s] -- Up-to-date symlink: /home/superfunnyshark/repository/ros2_ws/src/install/lab1/share/lab1/local_setup.bash
[1.238s] -- Up-to-date symlink: /home/superfunnyshark/repository/ros2_ws/src/install/lab1/share/lab1/local_setup.sh
[1.238s] -- Up-to-date symlink: /home/superfunnyshark/repository/ros2_ws/src/install/lab1/share/lab1/local_setup.zsh
[1.239s] -- Up-to-date symlink: /home/superfunnyshark/repository/ros2_ws/src/install/lab1/share/lab1/local_setup.dsv
[1.239s] -- Symlinking: /home/superfunnyshark/repository/ros2_ws/src/install/lab1/share/lab1/package.dsv
[1.264s] -- Up-to-date symlink: /home/superfunnyshark/repository/ros2_ws/src/install/lab1/share/ament_index/resource_index/packages/lab1
[1.265s] -- Up-to-date symlink: /home/superfunnyshark/repository/ros2_ws/src/install/lab1/share/lab1/cmake/lab1Config.cmake
[1.265s] -- Up-to-date symlink: /home/superfunnyshark/repository/ros2_ws/src/install/lab1/share/lab1/cmake/lab1Config-version.cmake
[1.265s] -- Up-to-date symlink: /home/superfunnyshark/repository/ros2_ws/src/install/lab1/share/lab1/package.xml
[1.309s] Listing '/home/superfunnyshark/repository/ros2_ws/src/install/lab1/local/lib/python3.10/dist-packages/lab1'...
[1.317s] Invoked command in '/home/superfunnyshark/repository/ros2_ws/src/build/lab1' returned '0': CMAKE_PREFIX_PATH=${CMAKE_PREFIX_PATH}:/opt/ros/humble /usr/bin/cmake --install /home/superfunnyshark/repository/ros2_ws/src/build/lab1
