-- Found ament_cmake: 1.3.11 (/opt/ros/humble/share/ament_cmake/cmake)
-- Override CMake install command with custom implementation using symlinks instead of copying resources
-- Found ament_lint_auto: 0.12.12 (/opt/ros/humble/share/ament_lint_auto/cmake)
-- Added test 'flake8' to check Python code syntax and style conventions
-- Added test 'lint_cmake' to check CMake code style
-- Added test 'pep257' to check Python code against some of the docstring style conventions in PEP 257
-- Added test 'xmllint' to check XML markup files
-- Configuring done
-- Generating done
-- Build files have been written to: /home/superfunnyshark/ros2_ws/build/my_first_pkg
Built target ament_cmake_python_symlink_my_first_pkg
running egg_info
creating my_first_pkg.egg-info
writing my_first_pkg.egg-info/PKG-INFO
writing dependency_links to my_first_pkg.egg-info/dependency_links.txt
writing top-level names to my_first_pkg.egg-info/top_level.txt
writing manifest file 'my_first_pkg.egg-info/SOURCES.txt'
reading manifest file 'my_first_pkg.egg-info/SOURCES.txt'
writing manifest file 'my_first_pkg.egg-info/SOURCES.txt'
Built target ament_cmake_python_build_my_first_pkg_egg
-- Install configuration: ""
-- Execute custom install script
-- Symlinking: /home/superfunnyshark/ros2_ws/install/my_first_pkg/share/my_first_pkg/environment/pythonpath.sh
-- Symlinking: /home/superfunnyshark/ros2_ws/install/my_first_pkg/share/my_first_pkg/environment/pythonpath.dsv
-- Symlinking: /home/superfunnyshark/ros2_ws/install/my_first_pkg/local/lib/python3.10/dist-packages/my_first_pkg-0.0.0-py3.10.egg-info/PKG-INFO
-- Symlinking: /home/superfunnyshark/ros2_ws/install/my_first_pkg/local/lib/python3.10/dist-packages/my_first_pkg-0.0.0-py3.10.egg-info/SOURCES.txt
-- Symlinking: /home/superfunnyshark/ros2_ws/install/my_first_pkg/local/lib/python3.10/dist-packages/my_first_pkg-0.0.0-py3.10.egg-info/dependency_links.txt
-- Symlinking: /home/superfunnyshark/ros2_ws/install/my_first_pkg/local/lib/python3.10/dist-packages/my_first_pkg-0.0.0-py3.10.egg-info/top_level.txt
-- Symlinking: /home/superfunnyshark/ros2_ws/install/my_first_pkg/local/lib/python3.10/dist-packages/my_first_pkg/__init__.py
-- Symlinking: /home/superfunnyshark/ros2_ws/install/my_first_pkg/lib/my_first_pkg/my_first_node_1.py
-- Symlinking: /home/superfunnyshark/ros2_ws/install/my_first_pkg/lib/my_first_pkg/my_function.py
[31mCMake Error at ament_cmake_symlink_install/ament_cmake_symlink_install.cmake:100 (message):
  ament_cmake_symlink_install_directory() can't find
  '/home/superfunnyshark/ros2_ws/src/my_first_pkg/launch'
Call Stack (most recent call first):
  ament_cmake_symlink_install/ament_cmake_symlink_install.cmake:329 (ament_cmake_symlink_install_directory)
  cmake_install.cmake:46 (include)

[0m
