[0.030s] Invoking command in '/home/superfunnyshark/ros2_ws/build/my_first_pkg': CMAKE_PREFIX_PATH=${CMAKE_PREFIX_PATH}:/opt/ros/humble /usr/bin/cmake --build /home/superfunnyshark/ros2_ws/build/my_first_pkg -- -j8 -l8
[0.073s] -- Found ament_cmake: 1.3.11 (/opt/ros/humble/share/ament_cmake/cmake)
[0.209s] -- Override CMake install command with custom implementation using symlinks instead of copying resources
[0.331s] -- Found ament_lint_auto: 0.12.12 (/opt/ros/humble/share/ament_lint_auto/cmake)
[0.685s] -- Added test 'flake8' to check Python code syntax and style conventions
[0.693s] -- Added test 'lint_cmake' to check CMake code style
[0.701s] -- Added test 'pep257' to check Python code against some of the docstring style conventions in PEP 257
[0.717s] -- Added test 'xmllint' to check XML markup files
[0.761s] -- Configuring done
[0.880s] -- Generating done
[0.949s] -- Build files have been written to: /home/superfunnyshark/ros2_ws/build/my_first_pkg
[1.044s] Built target ament_cmake_python_symlink_my_first_pkg
[1.430s] running egg_info
[1.430s] creating my_first_pkg.egg-info
[1.431s] writing my_first_pkg.egg-info/PKG-INFO
[1.431s] writing dependency_links to my_first_pkg.egg-info/dependency_links.txt
[1.432s] writing top-level names to my_first_pkg.egg-info/top_level.txt
[1.433s] writing manifest file 'my_first_pkg.egg-info/SOURCES.txt'
[1.455s] reading manifest file 'my_first_pkg.egg-info/SOURCES.txt'
[1.456s] writing manifest file 'my_first_pkg.egg-info/SOURCES.txt'
[1.490s] Built target ament_cmake_python_build_my_first_pkg_egg
[1.512s] Invoked command in '/home/superfunnyshark/ros2_ws/build/my_first_pkg' returned '0': CMAKE_PREFIX_PATH=${CMAKE_PREFIX_PATH}:/opt/ros/humble /usr/bin/cmake --build /home/superfunnyshark/ros2_ws/build/my_first_pkg -- -j8 -l8
[1.533s] Invoking command in '/home/superfunnyshark/ros2_ws/build/my_first_pkg': CMAKE_PREFIX_PATH=${CMAKE_PREFIX_PATH}:/opt/ros/humble /usr/bin/cmake --install /home/superfunnyshark/ros2_ws/build/my_first_pkg
[1.547s] -- Install configuration: ""
[1.547s] -- Execute custom install script
[1.548s] -- Symlinking: /home/superfunnyshark/ros2_ws/install/my_first_pkg/share/my_first_pkg/environment/pythonpath.sh
[1.570s] -- Symlinking: /home/superfunnyshark/ros2_ws/install/my_first_pkg/share/my_first_pkg/environment/pythonpath.dsv
[1.592s] -- Symlinking: /home/superfunnyshark/ros2_ws/install/my_first_pkg/local/lib/python3.10/dist-packages/my_first_pkg-0.0.0-py3.10.egg-info/PKG-INFO
[1.613s] -- Symlinking: /home/superfunnyshark/ros2_ws/install/my_first_pkg/local/lib/python3.10/dist-packages/my_first_pkg-0.0.0-py3.10.egg-info/SOURCES.txt
[1.634s] -- Symlinking: /home/superfunnyshark/ros2_ws/install/my_first_pkg/local/lib/python3.10/dist-packages/my_first_pkg-0.0.0-py3.10.egg-info/dependency_links.txt
[1.668s] -- Symlinking: /home/superfunnyshark/ros2_ws/install/my_first_pkg/local/lib/python3.10/dist-packages/my_first_pkg-0.0.0-py3.10.egg-info/top_level.txt
[1.689s] -- Symlinking: /home/superfunnyshark/ros2_ws/install/my_first_pkg/local/lib/python3.10/dist-packages/my_first_pkg/__init__.py
[1.710s] -- Symlinking: /home/superfunnyshark/ros2_ws/install/my_first_pkg/lib/my_first_pkg/my_first_node_1.py
[1.732s] -- Symlinking: /home/superfunnyshark/ros2_ws/install/my_first_pkg/lib/my_first_pkg/my_function.py
[1.753s] [31mCMake Error at ament_cmake_symlink_install/ament_cmake_symlink_install.cmake:100 (message):
[1.753s]   ament_cmake_symlink_install_directory() can't find
[1.753s]   '/home/superfunnyshark/ros2_ws/src/my_first_pkg/launch'
[1.753s] Call Stack (most recent call first):
[1.753s]   ament_cmake_symlink_install/ament_cmake_symlink_install.cmake:329 (ament_cmake_symlink_install_directory)
[1.753s]   cmake_install.cmake:46 (include)
[1.753s] 
[1.754s] [0m
[1.756s] Invoked command in '/home/superfunnyshark/ros2_ws/build/my_first_pkg' returned '1': CMAKE_PREFIX_PATH=${CMAKE_PREFIX_PATH}:/opt/ros/humble /usr/bin/cmake --install /home/superfunnyshark/ros2_ws/build/my_first_pkg
