[0.031s] Invoking command in '/home/superfunnyshark/ros2_ws/build/my_first_pkg': CMAKE_PREFIX_PATH=${CMAKE_PREFIX_PATH}:/opt/ros/humble /usr/bin/cmake --build /home/superfunnyshark/ros2_ws/build/my_first_pkg -- -j8 -l8
[0.074s] -- Found ament_cmake: 1.3.11 (/opt/ros/humble/share/ament_cmake/cmake)
[0.222s] -- Override CMake install command with custom implementation using symlinks instead of copying resources
[0.324s] -- Found ament_lint_auto: 0.12.12 (/opt/ros/humble/share/ament_lint_auto/cmake)
[0.449s] -- Added test 'cppcheck' to perform static code analysis on C / C++ code
[0.449s] -- Configured cppcheck include dirs: 
[0.459s] -- Configured cppcheck exclude dirs and/or files: 
[0.459s] -- Added test 'flake8' to check Python code syntax and style conventions
[0.459s] -- Added test 'lint_cmake' to check CMake code style
[0.462s] -- Added test 'pep257' to check Python code against some of the docstring style conventions in PEP 257
[0.488s] -- Added test 'uncrustify' to check C / C++ code style
[0.488s] -- Configured uncrustify additional arguments: 
[0.492s] -- Added test 'xmllint' to check XML markup files
[0.496s] -- Configuring done
[0.549s] -- Generating done
[0.588s] -- Build files have been written to: /home/superfunnyshark/ros2_ws/build/my_first_pkg
[0.689s] Built target ament_cmake_python_symlink_my_first_pkg
[1.025s] running egg_info
[1.026s] writing my_first_pkg.egg-info/PKG-INFO
[1.026s] writing dependency_links to my_first_pkg.egg-info/dependency_links.txt
[1.026s] writing top-level names to my_first_pkg.egg-info/top_level.txt
[1.029s] reading manifest file 'my_first_pkg.egg-info/SOURCES.txt'
[1.029s] writing manifest file 'my_first_pkg.egg-info/SOURCES.txt'
[1.064s] Built target ament_cmake_python_build_my_first_pkg_egg
[1.089s] Invoked command in '/home/superfunnyshark/ros2_ws/build/my_first_pkg' returned '0': CMAKE_PREFIX_PATH=${CMAKE_PREFIX_PATH}:/opt/ros/humble /usr/bin/cmake --build /home/superfunnyshark/ros2_ws/build/my_first_pkg -- -j8 -l8
[1.122s] Invoking command in '/home/superfunnyshark/ros2_ws/build/my_first_pkg': CMAKE_PREFIX_PATH=${CMAKE_PREFIX_PATH}:/opt/ros/humble /usr/bin/cmake --install /home/superfunnyshark/ros2_ws/build/my_first_pkg
[1.127s] -- Install configuration: ""
[1.128s] -- Execute custom install script
[1.128s] -- Up-to-date symlink: /home/superfunnyshark/ros2_ws/install/my_first_pkg/share/my_first_pkg/environment/pythonpath.sh
[1.128s] -- Up-to-date symlink: /home/superfunnyshark/ros2_ws/install/my_first_pkg/share/my_first_pkg/environment/pythonpath.dsv
[1.129s] -- Up-to-date symlink: /home/superfunnyshark/ros2_ws/install/my_first_pkg/local/lib/python3.10/dist-packages/my_first_pkg-0.0.0-py3.10.egg-info/PKG-INFO
[1.129s] -- Up-to-date symlink: /home/superfunnyshark/ros2_ws/install/my_first_pkg/local/lib/python3.10/dist-packages/my_first_pkg-0.0.0-py3.10.egg-info/SOURCES.txt
[1.130s] -- Up-to-date symlink: /home/superfunnyshark/ros2_ws/install/my_first_pkg/local/lib/python3.10/dist-packages/my_first_pkg-0.0.0-py3.10.egg-info/dependency_links.txt
[1.130s] -- Up-to-date symlink: /home/superfunnyshark/ros2_ws/install/my_first_pkg/local/lib/python3.10/dist-packages/my_first_pkg-0.0.0-py3.10.egg-info/top_level.txt
[1.130s] -- Up-to-date symlink: /home/superfunnyshark/ros2_ws/install/my_first_pkg/local/lib/python3.10/dist-packages/my_first_pkg/__init__.py
[1.131s] -- Up-to-date symlink: /home/superfunnyshark/ros2_ws/install/my_first_pkg/lib/my_first_pkg/talker.py
[1.131s] -- Up-to-date symlink: /home/superfunnyshark/ros2_ws/install/my_first_pkg/share/my_first_pkg//launch/launch_file.xml
[1.131s] -- Up-to-date symlink: /home/superfunnyshark/ros2_ws/install/my_first_pkg/share/ament_index/resource_index/package_run_dependencies/my_first_pkg
[1.132s] -- Up-to-date symlink: /home/superfunnyshark/ros2_ws/install/my_first_pkg/share/ament_index/resource_index/parent_prefix_path/my_first_pkg
[1.132s] -- Up-to-date symlink: /home/superfunnyshark/ros2_ws/install/my_first_pkg/share/my_first_pkg/environment/ament_prefix_path.sh
[1.132s] -- Up-to-date symlink: /home/superfunnyshark/ros2_ws/install/my_first_pkg/share/my_first_pkg/environment/ament_prefix_path.dsv
[1.132s] -- Up-to-date symlink: /home/superfunnyshark/ros2_ws/install/my_first_pkg/share/my_first_pkg/environment/path.sh
[1.133s] -- Up-to-date symlink: /home/superfunnyshark/ros2_ws/install/my_first_pkg/share/my_first_pkg/environment/path.dsv
[1.133s] -- Up-to-date symlink: /home/superfunnyshark/ros2_ws/install/my_first_pkg/share/my_first_pkg/local_setup.bash
[1.133s] -- Up-to-date symlink: /home/superfunnyshark/ros2_ws/install/my_first_pkg/share/my_first_pkg/local_setup.sh
[1.133s] -- Up-to-date symlink: /home/superfunnyshark/ros2_ws/install/my_first_pkg/share/my_first_pkg/local_setup.zsh
[1.133s] -- Up-to-date symlink: /home/superfunnyshark/ros2_ws/install/my_first_pkg/share/my_first_pkg/local_setup.dsv
[1.134s] -- Symlinking: /home/superfunnyshark/ros2_ws/install/my_first_pkg/share/my_first_pkg/package.dsv
[1.158s] -- Up-to-date symlink: /home/superfunnyshark/ros2_ws/install/my_first_pkg/share/ament_index/resource_index/packages/my_first_pkg
[1.158s] -- Up-to-date symlink: /home/superfunnyshark/ros2_ws/install/my_first_pkg/share/my_first_pkg/cmake/my_first_pkgConfig.cmake
[1.158s] -- Up-to-date symlink: /home/superfunnyshark/ros2_ws/install/my_first_pkg/share/my_first_pkg/cmake/my_first_pkgConfig-version.cmake
[1.158s] -- Up-to-date symlink: /home/superfunnyshark/ros2_ws/install/my_first_pkg/share/my_first_pkg/package.xml
[1.201s] Listing '/home/superfunnyshark/ros2_ws/install/my_first_pkg/local/lib/python3.10/dist-packages/my_first_pkg'...
[1.208s] Invoked command in '/home/superfunnyshark/ros2_ws/build/my_first_pkg' returned '0': CMAKE_PREFIX_PATH=${CMAKE_PREFIX_PATH}:/opt/ros/humble /usr/bin/cmake --install /home/superfunnyshark/ros2_ws/build/my_first_pkg
