[0.155s] DEBUG:colcon:Command line arguments: ['/usr/bin/colcon', 'build', '--symlink-install']
[0.155s] DEBUG:colcon:Parsed command line arguments: Namespace(log_base=None, log_level=None, verb_name='build', build_base='build', install_base='install', merge_install=False, symlink_install=True, test_result_base=None, continue_on_error=False, executor='parallel', parallel_workers=8, event_handlers=None, ignore_user_meta=False, metas=['./colcon.meta'], base_paths=['.'], packages_ignore=None, packages_ignore_regex=None, paths=None, packages_up_to=None, packages_up_to_regex=None, packages_above=None, packages_above_and_dependencies=None, packages_above_depth=None, packages_select_by_dep=None, packages_skip_by_dep=None, packages_skip_up_to=None, packages_select_build_failed=False, packages_skip_build_finished=False, packages_select_test_failures=False, packages_skip_test_passed=False, packages_select=None, packages_skip=None, packages_select_regex=None, packages_skip_regex=None, packages_start=None, packages_end=None, allow_overriding=[], cmake_args=None, cmake_target=None, cmake_target_skip_unavailable=False, cmake_clean_cache=False, cmake_clean_first=False, cmake_force_configure=False, ament_cmake_args=None, catkin_cmake_args=None, catkin_skip_building_tests=False, mixin_files=None, mixin=None, verb_parser=<colcon_mixin.mixin.mixin_argument.MixinArgumentDecorator object at 0x7f40ae3d9d80>, verb_extension=<colcon_core.verb.build.BuildVerb object at 0x7f40ae572cb0>, main=<bound method BuildVerb.main of <colcon_core.verb.build.BuildVerb object at 0x7f40ae572cb0>>, mixin_verb=('build',))
[0.439s] Level 1:colcon.colcon_core.package_discovery:discover_packages(colcon_meta) check parameters
[0.439s] Level 1:colcon.colcon_core.package_discovery:discover_packages(recursive) check parameters
[0.439s] Level 1:colcon.colcon_core.package_discovery:discover_packages(ignore) check parameters
[0.439s] Level 1:colcon.colcon_core.package_discovery:discover_packages(path) check parameters
[0.439s] Level 1:colcon.colcon_core.package_discovery:discover_packages(colcon_meta) discover
[0.439s] Level 1:colcon.colcon_core.package_discovery:discover_packages(recursive) discover
[0.439s] INFO:colcon.colcon_core.package_discovery:Crawling recursively for packages in '/home/superfunnyshark/repository/ros2_ws'
[0.439s] Level 1:colcon.colcon_core.package_identification:_identify(.) by extensions ['ignore', 'ignore_ament_install']
[0.439s] Level 1:colcon.colcon_core.package_identification:_identify(.) by extension 'ignore'
[0.439s] Level 1:colcon.colcon_core.package_identification:_identify(.) by extension 'ignore_ament_install'
[0.439s] Level 1:colcon.colcon_core.package_identification:_identify(.) by extensions ['colcon_pkg']
[0.440s] Level 1:colcon.colcon_core.package_identification:_identify(.) by extension 'colcon_pkg'
[0.440s] Level 1:colcon.colcon_core.package_identification:_identify(.) by extensions ['colcon_meta']
[0.440s] Level 1:colcon.colcon_core.package_identification:_identify(.) by extension 'colcon_meta'
[0.440s] Level 1:colcon.colcon_core.package_identification:_identify(.) by extensions ['ros']
[0.440s] Level 1:colcon.colcon_core.package_identification:_identify(.) by extension 'ros'
[0.452s] Level 1:colcon.colcon_core.package_identification:_identify(.) by extensions ['cmake', 'python']
[0.452s] Level 1:colcon.colcon_core.package_identification:_identify(.) by extension 'cmake'
[0.452s] Level 1:colcon.colcon_core.package_identification:_identify(.) by extension 'python'
[0.452s] Level 1:colcon.colcon_core.package_identification:_identify(.) by extensions ['python_setup_py']
[0.452s] Level 1:colcon.colcon_core.package_identification:_identify(.) by extension 'python_setup_py'
[0.452s] Level 1:colcon.colcon_core.package_identification:_identify(build) by extensions ['ignore', 'ignore_ament_install']
[0.452s] Level 1:colcon.colcon_core.package_identification:_identify(build) by extension 'ignore'
[0.452s] Level 1:colcon.colcon_core.package_identification:_identify(build) ignored
[0.452s] Level 1:colcon.colcon_core.package_identification:_identify(install) by extensions ['ignore', 'ignore_ament_install']
[0.453s] Level 1:colcon.colcon_core.package_identification:_identify(install) by extension 'ignore'
[0.453s] Level 1:colcon.colcon_core.package_identification:_identify(install) ignored
[0.453s] Level 1:colcon.colcon_core.package_identification:_identify(log) by extensions ['ignore', 'ignore_ament_install']
[0.453s] Level 1:colcon.colcon_core.package_identification:_identify(log) by extension 'ignore'
[0.453s] Level 1:colcon.colcon_core.package_identification:_identify(log) ignored
[0.453s] Level 1:colcon.colcon_core.package_identification:_identify(src) by extensions ['ignore', 'ignore_ament_install']
[0.453s] Level 1:colcon.colcon_core.package_identification:_identify(src) by extension 'ignore'
[0.453s] Level 1:colcon.colcon_core.package_identification:_identify(src) by extension 'ignore_ament_install'
[0.453s] Level 1:colcon.colcon_core.package_identification:_identify(src) by extensions ['colcon_pkg']
[0.453s] Level 1:colcon.colcon_core.package_identification:_identify(src) by extension 'colcon_pkg'
[0.453s] Level 1:colcon.colcon_core.package_identification:_identify(src) by extensions ['colcon_meta']
[0.453s] Level 1:colcon.colcon_core.package_identification:_identify(src) by extension 'colcon_meta'
[0.453s] Level 1:colcon.colcon_core.package_identification:_identify(src) by extensions ['ros']
[0.453s] Level 1:colcon.colcon_core.package_identification:_identify(src) by extension 'ros'
[0.454s] Level 1:colcon.colcon_core.package_identification:_identify(src) by extensions ['cmake', 'python']
[0.454s] Level 1:colcon.colcon_core.package_identification:_identify(src) by extension 'cmake'
[0.454s] Level 1:colcon.colcon_core.package_identification:_identify(src) by extension 'python'
[0.454s] Level 1:colcon.colcon_core.package_identification:_identify(src) by extensions ['python_setup_py']
[0.454s] Level 1:colcon.colcon_core.package_identification:_identify(src) by extension 'python_setup_py'
[0.454s] Level 1:colcon.colcon_core.package_identification:_identify(src/build) by extensions ['ignore', 'ignore_ament_install']
[0.454s] Level 1:colcon.colcon_core.package_identification:_identify(src/build) by extension 'ignore'
[0.454s] Level 1:colcon.colcon_core.package_identification:_identify(src/build) ignored
[0.454s] Level 1:colcon.colcon_core.package_identification:_identify(src/install) by extensions ['ignore', 'ignore_ament_install']
[0.454s] Level 1:colcon.colcon_core.package_identification:_identify(src/install) by extension 'ignore'
[0.454s] Level 1:colcon.colcon_core.package_identification:_identify(src/install) ignored
[0.454s] Level 1:colcon.colcon_core.package_identification:_identify(src/lab1) by extensions ['ignore', 'ignore_ament_install']
[0.454s] Level 1:colcon.colcon_core.package_identification:_identify(src/lab1) by extension 'ignore'
[0.454s] Level 1:colcon.colcon_core.package_identification:_identify(src/lab1) by extension 'ignore_ament_install'
[0.454s] Level 1:colcon.colcon_core.package_identification:_identify(src/lab1) by extensions ['colcon_pkg']
[0.454s] Level 1:colcon.colcon_core.package_identification:_identify(src/lab1) by extension 'colcon_pkg'
[0.454s] Level 1:colcon.colcon_core.package_identification:_identify(src/lab1) by extensions ['colcon_meta']
[0.454s] Level 1:colcon.colcon_core.package_identification:_identify(src/lab1) by extension 'colcon_meta'
[0.455s] Level 1:colcon.colcon_core.package_identification:_identify(src/lab1) by extensions ['ros']
[0.455s] Level 1:colcon.colcon_core.package_identification:_identify(src/lab1) by extension 'ros'
[0.457s] DEBUG:colcon.colcon_core.package_identification:Package 'src/lab1' with type 'ros.ament_cmake' and name 'lab1'
[0.457s] Level 1:colcon.colcon_core.package_identification:_identify(src/log) by extensions ['ignore', 'ignore_ament_install']
[0.457s] Level 1:colcon.colcon_core.package_identification:_identify(src/log) by extension 'ignore'
[0.457s] Level 1:colcon.colcon_core.package_identification:_identify(src/log) ignored
[0.457s] Level 1:colcon.colcon_core.package_identification:_identify(src/my_first_pkg) by extensions ['ignore', 'ignore_ament_install']
[0.458s] Level 1:colcon.colcon_core.package_identification:_identify(src/my_first_pkg) by extension 'ignore'
[0.458s] Level 1:colcon.colcon_core.package_identification:_identify(src/my_first_pkg) by extension 'ignore_ament_install'
[0.458s] Level 1:colcon.colcon_core.package_identification:_identify(src/my_first_pkg) by extensions ['colcon_pkg']
[0.458s] Level 1:colcon.colcon_core.package_identification:_identify(src/my_first_pkg) by extension 'colcon_pkg'
[0.458s] Level 1:colcon.colcon_core.package_identification:_identify(src/my_first_pkg) by extensions ['colcon_meta']
[0.458s] Level 1:colcon.colcon_core.package_identification:_identify(src/my_first_pkg) by extension 'colcon_meta'
[0.458s] Level 1:colcon.colcon_core.package_identification:_identify(src/my_first_pkg) by extensions ['ros']
[0.458s] Level 1:colcon.colcon_core.package_identification:_identify(src/my_first_pkg) by extension 'ros'
[0.458s] DEBUG:colcon.colcon_core.package_identification:Package 'src/my_first_pkg' with type 'ros.ament_cmake' and name 'my_first_pkg'
[0.459s] Level 1:colcon.colcon_core.package_identification:_identify(src/test_pkg) by extensions ['ignore', 'ignore_ament_install']
[0.459s] Level 1:colcon.colcon_core.package_identification:_identify(src/test_pkg) by extension 'ignore'
[0.459s] Level 1:colcon.colcon_core.package_identification:_identify(src/test_pkg) by extension 'ignore_ament_install'
[0.459s] Level 1:colcon.colcon_core.package_identification:_identify(src/test_pkg) by extensions ['colcon_pkg']
[0.459s] Level 1:colcon.colcon_core.package_identification:_identify(src/test_pkg) by extension 'colcon_pkg'
[0.459s] Level 1:colcon.colcon_core.package_identification:_identify(src/test_pkg) by extensions ['colcon_meta']
[0.459s] Level 1:colcon.colcon_core.package_identification:_identify(src/test_pkg) by extension 'colcon_meta'
[0.459s] Level 1:colcon.colcon_core.package_identification:_identify(src/test_pkg) by extensions ['ros']
[0.459s] Level 1:colcon.colcon_core.package_identification:_identify(src/test_pkg) by extension 'ros'
[0.460s] DEBUG:colcon.colcon_core.package_identification:Package 'src/test_pkg' with type 'ros.ament_cmake' and name 'test_pkg'
[0.460s] Level 1:colcon.colcon_core.package_discovery:discover_packages(recursive) using defaults
[0.460s] Level 1:colcon.colcon_core.package_discovery:discover_packages(ignore) discover
[0.460s] Level 1:colcon.colcon_core.package_discovery:discover_packages(ignore) using defaults
[0.461s] Level 1:colcon.colcon_core.package_discovery:discover_packages(path) discover
[0.461s] Level 1:colcon.colcon_core.package_discovery:discover_packages(path) using defaults
[0.489s] Level 1:colcon.colcon_core.package_discovery:discover_packages(prefix_path) check parameters
[0.489s] Level 1:colcon.colcon_core.package_discovery:discover_packages(prefix_path) discover
[0.493s] DEBUG:colcon.colcon_installed_package_information.package_discovery:Found 2 installed packages in /home/superfunnyshark/ros2_ws/install
[0.494s] DEBUG:colcon.colcon_installed_package_information.package_discovery:Found 3 installed packages in /home/superfunnyshark/repository/ros2_ws/install
[0.496s] DEBUG:colcon.colcon_installed_package_information.package_discovery:Found 274 installed packages in /opt/ros/humble
[0.496s] Level 1:colcon.colcon_core.package_discovery:discover_packages(prefix_path) using defaults
[0.546s] Level 5:colcon.colcon_core.verb:set package 'lab1' build argument 'cmake_args' from command line to 'None'
[0.546s] Level 5:colcon.colcon_core.verb:set package 'lab1' build argument 'cmake_target' from command line to 'None'
[0.546s] Level 5:colcon.colcon_core.verb:set package 'lab1' build argument 'cmake_target_skip_unavailable' from command line to 'False'
[0.546s] Level 5:colcon.colcon_core.verb:set package 'lab1' build argument 'cmake_clean_cache' from command line to 'False'
[0.546s] Level 5:colcon.colcon_core.verb:set package 'lab1' build argument 'cmake_clean_first' from command line to 'False'
[0.546s] Level 5:colcon.colcon_core.verb:set package 'lab1' build argument 'cmake_force_configure' from command line to 'False'
[0.546s] Level 5:colcon.colcon_core.verb:set package 'lab1' build argument 'ament_cmake_args' from command line to 'None'
[0.546s] Level 5:colcon.colcon_core.verb:set package 'lab1' build argument 'catkin_cmake_args' from command line to 'None'
[0.546s] Level 5:colcon.colcon_core.verb:set package 'lab1' build argument 'catkin_skip_building_tests' from command line to 'False'
[0.546s] DEBUG:colcon.colcon_core.verb:Building package 'lab1' with the following arguments: {'ament_cmake_args': None, 'build_base': '/home/superfunnyshark/repository/ros2_ws/build/lab1', 'catkin_cmake_args': None, 'catkin_skip_building_tests': False, 'cmake_args': None, 'cmake_clean_cache': False, 'cmake_clean_first': False, 'cmake_force_configure': False, 'cmake_target': None, 'cmake_target_skip_unavailable': False, 'install_base': '/home/superfunnyshark/repository/ros2_ws/install/lab1', 'merge_install': False, 'path': '/home/superfunnyshark/repository/ros2_ws/src/lab1', 'symlink_install': True, 'test_result_base': None}
[0.547s] Level 5:colcon.colcon_core.verb:set package 'my_first_pkg' build argument 'cmake_args' from command line to 'None'
[0.547s] Level 5:colcon.colcon_core.verb:set package 'my_first_pkg' build argument 'cmake_target' from command line to 'None'
[0.547s] Level 5:colcon.colcon_core.verb:set package 'my_first_pkg' build argument 'cmake_target_skip_unavailable' from command line to 'False'
[0.547s] Level 5:colcon.colcon_core.verb:set package 'my_first_pkg' build argument 'cmake_clean_cache' from command line to 'False'
[0.547s] Level 5:colcon.colcon_core.verb:set package 'my_first_pkg' build argument 'cmake_clean_first' from command line to 'False'
[0.547s] Level 5:colcon.colcon_core.verb:set package 'my_first_pkg' build argument 'cmake_force_configure' from command line to 'False'
[0.547s] Level 5:colcon.colcon_core.verb:set package 'my_first_pkg' build argument 'ament_cmake_args' from command line to 'None'
[0.547s] Level 5:colcon.colcon_core.verb:set package 'my_first_pkg' build argument 'catkin_cmake_args' from command line to 'None'
[0.547s] Level 5:colcon.colcon_core.verb:set package 'my_first_pkg' build argument 'catkin_skip_building_tests' from command line to 'False'
[0.547s] DEBUG:colcon.colcon_core.verb:Building package 'my_first_pkg' with the following arguments: {'ament_cmake_args': None, 'build_base': '/home/superfunnyshark/repository/ros2_ws/build/my_first_pkg', 'catkin_cmake_args': None, 'catkin_skip_building_tests': False, 'cmake_args': None, 'cmake_clean_cache': False, 'cmake_clean_first': False, 'cmake_force_configure': False, 'cmake_target': None, 'cmake_target_skip_unavailable': False, 'install_base': '/home/superfunnyshark/repository/ros2_ws/install/my_first_pkg', 'merge_install': False, 'path': '/home/superfunnyshark/repository/ros2_ws/src/my_first_pkg', 'symlink_install': True, 'test_result_base': None}
[0.547s] Level 5:colcon.colcon_core.verb:set package 'test_pkg' build argument 'cmake_args' from command line to 'None'
[0.547s] Level 5:colcon.colcon_core.verb:set package 'test_pkg' build argument 'cmake_target' from command line to 'None'
[0.547s] Level 5:colcon.colcon_core.verb:set package 'test_pkg' build argument 'cmake_target_skip_unavailable' from command line to 'False'
[0.547s] Level 5:colcon.colcon_core.verb:set package 'test_pkg' build argument 'cmake_clean_cache' from command line to 'False'
[0.547s] Level 5:colcon.colcon_core.verb:set package 'test_pkg' build argument 'cmake_clean_first' from command line to 'False'
[0.547s] Level 5:colcon.colcon_core.verb:set package 'test_pkg' build argument 'cmake_force_configure' from command line to 'False'
[0.547s] Level 5:colcon.colcon_core.verb:set package 'test_pkg' build argument 'ament_cmake_args' from command line to 'None'
[0.547s] Level 5:colcon.colcon_core.verb:set package 'test_pkg' build argument 'catkin_cmake_args' from command line to 'None'
[0.547s] Level 5:colcon.colcon_core.verb:set package 'test_pkg' build argument 'catkin_skip_building_tests' from command line to 'False'
[0.547s] DEBUG:colcon.colcon_core.verb:Building package 'test_pkg' with the following arguments: {'ament_cmake_args': None, 'build_base': '/home/superfunnyshark/repository/ros2_ws/build/test_pkg', 'catkin_cmake_args': None, 'catkin_skip_building_tests': False, 'cmake_args': None, 'cmake_clean_cache': False, 'cmake_clean_first': False, 'cmake_force_configure': False, 'cmake_target': None, 'cmake_target_skip_unavailable': False, 'install_base': '/home/superfunnyshark/repository/ros2_ws/install/test_pkg', 'merge_install': False, 'path': '/home/superfunnyshark/repository/ros2_ws/src/test_pkg', 'symlink_install': True, 'test_result_base': None}
[0.547s] INFO:colcon.colcon_core.executor:Executing jobs using 'parallel' executor
[0.548s] DEBUG:colcon.colcon_parallel_executor.executor.parallel:run_until_complete
[0.549s] INFO:colcon.colcon_ros.task.ament_cmake.build:Building ROS package in '/home/superfunnyshark/repository/ros2_ws/src/lab1' with build type 'ament_cmake'
[0.549s] INFO:colcon.colcon_cmake.task.cmake.build:Building CMake package in '/home/superfunnyshark/repository/ros2_ws/src/lab1'
[0.553s] INFO:colcon.colcon_core.plugin_system:Skipping extension 'colcon_core.shell.bat': Not used on non-Windows systems
[0.553s] INFO:colcon.colcon_core.shell:Skip shell extension 'powershell' for command environment: Not usable outside of PowerShell
[0.554s] DEBUG:colcon.colcon_core.shell:Skip shell extension 'dsv' for command environment
[0.563s] INFO:colcon.colcon_ros.task.ament_cmake.build:Building ROS package in '/home/superfunnyshark/repository/ros2_ws/src/my_first_pkg' with build type 'ament_cmake'
[0.563s] INFO:colcon.colcon_cmake.task.cmake.build:Building CMake package in '/home/superfunnyshark/repository/ros2_ws/src/my_first_pkg'
[0.563s] INFO:colcon.colcon_core.shell:Skip shell extension 'powershell' for command environment: Not usable outside of PowerShell
[0.563s] DEBUG:colcon.colcon_core.shell:Skip shell extension 'dsv' for command environment
[0.571s] INFO:colcon.colcon_ros.task.ament_cmake.build:Building ROS package in '/home/superfunnyshark/repository/ros2_ws/src/test_pkg' with build type 'ament_cmake'
[0.571s] INFO:colcon.colcon_cmake.task.cmake.build:Building CMake package in '/home/superfunnyshark/repository/ros2_ws/src/test_pkg'
[0.571s] INFO:colcon.colcon_core.shell:Skip shell extension 'powershell' for command environment: Not usable outside of PowerShell
[0.571s] DEBUG:colcon.colcon_core.shell:Skip shell extension 'dsv' for command environment
[0.599s] DEBUG:colcon.colcon_core.event_handler.log_command:Invoking command in '/home/superfunnyshark/repository/ros2_ws/build/lab1': CMAKE_PREFIX_PATH=${CMAKE_PREFIX_PATH}:/opt/ros/humble /usr/bin/cmake --build /home/superfunnyshark/repository/ros2_ws/build/lab1 -- -j8 -l8
[0.602s] DEBUG:colcon.colcon_core.event_handler.log_command:Invoking command in '/home/superfunnyshark/repository/ros2_ws/build/my_first_pkg': CMAKE_PREFIX_PATH=${CMAKE_PREFIX_PATH}:/opt/ros/humble /usr/bin/cmake --build /home/superfunnyshark/repository/ros2_ws/build/my_first_pkg -- -j8 -l8
[0.604s] DEBUG:colcon.colcon_core.event_handler.log_command:Invoking command in '/home/superfunnyshark/repository/ros2_ws/build/test_pkg': CMAKE_PREFIX_PATH=${CMAKE_PREFIX_PATH}:/opt/ros/humble /usr/bin/cmake --build /home/superfunnyshark/repository/ros2_ws/build/test_pkg -- -j8 -l8
[1.315s] DEBUG:colcon.colcon_core.event_handler.log_command:Invoked command in '/home/superfunnyshark/repository/ros2_ws/build/lab1' returned '0': CMAKE_PREFIX_PATH=${CMAKE_PREFIX_PATH}:/opt/ros/humble /usr/bin/cmake --build /home/superfunnyshark/repository/ros2_ws/build/lab1 -- -j8 -l8
[1.346s] DEBUG:colcon.colcon_core.event_handler.log_command:Invoking command in '/home/superfunnyshark/repository/ros2_ws/build/lab1': CMAKE_PREFIX_PATH=${CMAKE_PREFIX_PATH}:/opt/ros/humble /usr/bin/cmake --install /home/superfunnyshark/repository/ros2_ws/build/lab1
[1.348s] DEBUG:colcon.colcon_core.event_handler.log_command:Invoked command in '/home/superfunnyshark/repository/ros2_ws/build/my_first_pkg' returned '0': CMAKE_PREFIX_PATH=${CMAKE_PREFIX_PATH}:/opt/ros/humble /usr/bin/cmake --build /home/superfunnyshark/repository/ros2_ws/build/my_first_pkg -- -j8 -l8
[1.351s] DEBUG:colcon.colcon_core.event_handler.log_command:Invoking command in '/home/superfunnyshark/repository/ros2_ws/build/my_first_pkg': CMAKE_PREFIX_PATH=${CMAKE_PREFIX_PATH}:/opt/ros/humble /usr/bin/cmake --install /home/superfunnyshark/repository/ros2_ws/build/my_first_pkg
[1.351s] DEBUG:colcon.colcon_core.event_handler.log_command:Invoked command in '/home/superfunnyshark/repository/ros2_ws/build/test_pkg' returned '0': CMAKE_PREFIX_PATH=${CMAKE_PREFIX_PATH}:/opt/ros/humble /usr/bin/cmake --build /home/superfunnyshark/repository/ros2_ws/build/test_pkg -- -j8 -l8
[1.354s] DEBUG:colcon.colcon_core.event_handler.log_command:Invoking command in '/home/superfunnyshark/repository/ros2_ws/build/test_pkg': CMAKE_PREFIX_PATH=${CMAKE_PREFIX_PATH}:/opt/ros/humble /usr/bin/cmake --install /home/superfunnyshark/repository/ros2_ws/build/test_pkg
[1.464s] Level 1:colcon.colcon_core.environment:create_environment_scripts_only(lab1)
[1.464s] DEBUG:colcon.colcon_core.event_handler.log_command:Invoked command in '/home/superfunnyshark/repository/ros2_ws/build/lab1' returned '0': CMAKE_PREFIX_PATH=${CMAKE_PREFIX_PATH}:/opt/ros/humble /usr/bin/cmake --install /home/superfunnyshark/repository/ros2_ws/build/lab1
[1.469s] Level 1:colcon.colcon_core.environment:checking '/home/superfunnyshark/repository/ros2_ws/install/lab1' for CMake module files
[1.471s] Level 1:colcon.colcon_core.environment:checking '/home/superfunnyshark/repository/ros2_ws/install/lab1' for CMake config files
[1.473s] Level 1:colcon.colcon_core.shell:create_environment_hook('lab1', 'cmake_prefix_path')
[1.473s] INFO:colcon.colcon_core.shell:Creating environment hook '/home/superfunnyshark/repository/ros2_ws/install/lab1/share/lab1/hook/cmake_prefix_path.ps1'
[1.475s] INFO:colcon.colcon_core.shell:Creating environment descriptor '/home/superfunnyshark/repository/ros2_ws/install/lab1/share/lab1/hook/cmake_prefix_path.dsv'
[1.475s] INFO:colcon.colcon_core.shell:Creating environment hook '/home/superfunnyshark/repository/ros2_ws/install/lab1/share/lab1/hook/cmake_prefix_path.sh'
[1.477s] Level 1:colcon.colcon_core.environment:checking '/home/superfunnyshark/repository/ros2_ws/install/lab1/lib'
[1.477s] Level 1:colcon.colcon_core.environment:checking '/home/superfunnyshark/repository/ros2_ws/install/lab1/bin'
[1.477s] Level 1:colcon.colcon_core.environment:checking '/home/superfunnyshark/repository/ros2_ws/install/lab1/lib/pkgconfig/lab1.pc'
[1.477s] Level 1:colcon.colcon_core.environment:checking '/home/superfunnyshark/repository/ros2_ws/install/lab1/lib/python3.10/site-packages'
[1.477s] Level 1:colcon.colcon_core.environment:checking '/home/superfunnyshark/repository/ros2_ws/install/lab1/bin'
[1.478s] INFO:colcon.colcon_core.shell:Creating package script '/home/superfunnyshark/repository/ros2_ws/install/lab1/share/lab1/package.ps1'
[1.478s] INFO:colcon.colcon_core.shell:Creating package descriptor '/home/superfunnyshark/repository/ros2_ws/install/lab1/share/lab1/package.dsv'
[1.479s] INFO:colcon.colcon_core.shell:Creating package script '/home/superfunnyshark/repository/ros2_ws/install/lab1/share/lab1/package.sh'
[1.480s] INFO:colcon.colcon_core.shell:Creating package script '/home/superfunnyshark/repository/ros2_ws/install/lab1/share/lab1/package.bash'
[1.481s] INFO:colcon.colcon_core.shell:Creating package script '/home/superfunnyshark/repository/ros2_ws/install/lab1/share/lab1/package.zsh'
[1.482s] Level 1:colcon.colcon_core.environment:create_file_with_runtime_dependencies(/home/superfunnyshark/repository/ros2_ws/install/lab1/share/colcon-core/packages/lab1)
[1.483s] Level 1:colcon.colcon_core.environment:create_environment_scripts_only(lab1)
[1.483s] Level 1:colcon.colcon_core.environment:checking '/home/superfunnyshark/repository/ros2_ws/install/lab1' for CMake module files
[1.484s] Level 1:colcon.colcon_core.environment:checking '/home/superfunnyshark/repository/ros2_ws/install/lab1' for CMake config files
[1.485s] Level 1:colcon.colcon_core.shell:create_environment_hook('lab1', 'cmake_prefix_path')
[1.486s] INFO:colcon.colcon_core.shell:Creating environment hook '/home/superfunnyshark/repository/ros2_ws/install/lab1/share/lab1/hook/cmake_prefix_path.ps1'
[1.486s] INFO:colcon.colcon_core.shell:Creating environment descriptor '/home/superfunnyshark/repository/ros2_ws/install/lab1/share/lab1/hook/cmake_prefix_path.dsv'
[1.487s] INFO:colcon.colcon_core.shell:Creating environment hook '/home/superfunnyshark/repository/ros2_ws/install/lab1/share/lab1/hook/cmake_prefix_path.sh'
[1.488s] Level 1:colcon.colcon_core.environment:checking '/home/superfunnyshark/repository/ros2_ws/install/lab1/lib'
[1.488s] Level 1:colcon.colcon_core.environment:checking '/home/superfunnyshark/repository/ros2_ws/install/lab1/bin'
[1.488s] Level 1:colcon.colcon_core.environment:checking '/home/superfunnyshark/repository/ros2_ws/install/lab1/lib/pkgconfig/lab1.pc'
[1.488s] Level 1:colcon.colcon_core.environment:checking '/home/superfunnyshark/repository/ros2_ws/install/lab1/lib/python3.10/site-packages'
[1.488s] Level 1:colcon.colcon_core.environment:checking '/home/superfunnyshark/repository/ros2_ws/install/lab1/bin'
[1.489s] INFO:colcon.colcon_core.shell:Creating package script '/home/superfunnyshark/repository/ros2_ws/install/lab1/share/lab1/package.ps1'
[1.489s] INFO:colcon.colcon_core.shell:Creating package descriptor '/home/superfunnyshark/repository/ros2_ws/install/lab1/share/lab1/package.dsv'
[1.490s] INFO:colcon.colcon_core.shell:Creating package script '/home/superfunnyshark/repository/ros2_ws/install/lab1/share/lab1/package.sh'
[1.490s] INFO:colcon.colcon_core.shell:Creating package script '/home/superfunnyshark/repository/ros2_ws/install/lab1/share/lab1/package.bash'
[1.491s] INFO:colcon.colcon_core.shell:Creating package script '/home/superfunnyshark/repository/ros2_ws/install/lab1/share/lab1/package.zsh'
[1.491s] Level 1:colcon.colcon_core.environment:create_file_with_runtime_dependencies(/home/superfunnyshark/repository/ros2_ws/install/lab1/share/colcon-core/packages/lab1)
[1.493s] Level 1:colcon.colcon_core.environment:create_environment_scripts_only(test_pkg)
[1.493s] Level 1:colcon.colcon_core.environment:checking '/home/superfunnyshark/repository/ros2_ws/install/test_pkg' for CMake module files
[1.494s] DEBUG:colcon.colcon_core.event_handler.log_command:Invoked command in '/home/superfunnyshark/repository/ros2_ws/build/test_pkg' returned '0': CMAKE_PREFIX_PATH=${CMAKE_PREFIX_PATH}:/opt/ros/humble /usr/bin/cmake --install /home/superfunnyshark/repository/ros2_ws/build/test_pkg
[1.495s] Level 1:colcon.colcon_core.environment:checking '/home/superfunnyshark/repository/ros2_ws/install/test_pkg' for CMake config files
[1.497s] Level 1:colcon.colcon_core.shell:create_environment_hook('test_pkg', 'cmake_prefix_path')
[1.498s] INFO:colcon.colcon_core.shell:Creating environment hook '/home/superfunnyshark/repository/ros2_ws/install/test_pkg/share/test_pkg/hook/cmake_prefix_path.ps1'
[1.499s] INFO:colcon.colcon_core.shell:Creating environment descriptor '/home/superfunnyshark/repository/ros2_ws/install/test_pkg/share/test_pkg/hook/cmake_prefix_path.dsv'
[1.499s] INFO:colcon.colcon_core.shell:Creating environment hook '/home/superfunnyshark/repository/ros2_ws/install/test_pkg/share/test_pkg/hook/cmake_prefix_path.sh'
[1.500s] Level 1:colcon.colcon_core.environment:checking '/home/superfunnyshark/repository/ros2_ws/install/test_pkg/lib'
[1.501s] Level 1:colcon.colcon_core.environment:checking '/home/superfunnyshark/repository/ros2_ws/install/test_pkg/bin'
[1.501s] Level 1:colcon.colcon_core.environment:checking '/home/superfunnyshark/repository/ros2_ws/install/test_pkg/lib/pkgconfig/test_pkg.pc'
[1.501s] Level 1:colcon.colcon_core.environment:checking '/home/superfunnyshark/repository/ros2_ws/install/test_pkg/lib/python3.10/site-packages'
[1.501s] Level 1:colcon.colcon_core.environment:checking '/home/superfunnyshark/repository/ros2_ws/install/test_pkg/bin'
[1.502s] INFO:colcon.colcon_core.shell:Creating package script '/home/superfunnyshark/repository/ros2_ws/install/test_pkg/share/test_pkg/package.ps1'
[1.503s] INFO:colcon.colcon_core.shell:Creating package descriptor '/home/superfunnyshark/repository/ros2_ws/install/test_pkg/share/test_pkg/package.dsv'
[1.504s] INFO:colcon.colcon_core.shell:Creating package script '/home/superfunnyshark/repository/ros2_ws/install/test_pkg/share/test_pkg/package.sh'
[1.505s] INFO:colcon.colcon_core.shell:Creating package script '/home/superfunnyshark/repository/ros2_ws/install/test_pkg/share/test_pkg/package.bash'
[1.506s] INFO:colcon.colcon_core.shell:Creating package script '/home/superfunnyshark/repository/ros2_ws/install/test_pkg/share/test_pkg/package.zsh'
[1.506s] Level 1:colcon.colcon_core.environment:create_file_with_runtime_dependencies(/home/superfunnyshark/repository/ros2_ws/install/test_pkg/share/colcon-core/packages/test_pkg)
[1.507s] Level 1:colcon.colcon_core.environment:create_environment_scripts_only(test_pkg)
[1.507s] Level 1:colcon.colcon_core.environment:checking '/home/superfunnyshark/repository/ros2_ws/install/test_pkg' for CMake module files
[1.509s] Level 1:colcon.colcon_core.environment:checking '/home/superfunnyshark/repository/ros2_ws/install/test_pkg' for CMake config files
[1.511s] Level 1:colcon.colcon_core.shell:create_environment_hook('test_pkg', 'cmake_prefix_path')
[1.511s] INFO:colcon.colcon_core.shell:Creating environment hook '/home/superfunnyshark/repository/ros2_ws/install/test_pkg/share/test_pkg/hook/cmake_prefix_path.ps1'
[1.512s] INFO:colcon.colcon_core.shell:Creating environment descriptor '/home/superfunnyshark/repository/ros2_ws/install/test_pkg/share/test_pkg/hook/cmake_prefix_path.dsv'
[1.512s] INFO:colcon.colcon_core.shell:Creating environment hook '/home/superfunnyshark/repository/ros2_ws/install/test_pkg/share/test_pkg/hook/cmake_prefix_path.sh'
[1.513s] Level 1:colcon.colcon_core.environment:checking '/home/superfunnyshark/repository/ros2_ws/install/test_pkg/lib'
[1.513s] Level 1:colcon.colcon_core.environment:checking '/home/superfunnyshark/repository/ros2_ws/install/test_pkg/bin'
[1.513s] Level 1:colcon.colcon_core.environment:checking '/home/superfunnyshark/repository/ros2_ws/install/test_pkg/lib/pkgconfig/test_pkg.pc'
[1.514s] Level 1:colcon.colcon_core.environment:checking '/home/superfunnyshark/repository/ros2_ws/install/test_pkg/lib/python3.10/site-packages'
[1.514s] Level 1:colcon.colcon_core.environment:checking '/home/superfunnyshark/repository/ros2_ws/install/test_pkg/bin'
[1.514s] INFO:colcon.colcon_core.shell:Creating package script '/home/superfunnyshark/repository/ros2_ws/install/test_pkg/share/test_pkg/package.ps1'
[1.515s] INFO:colcon.colcon_core.shell:Creating package descriptor '/home/superfunnyshark/repository/ros2_ws/install/test_pkg/share/test_pkg/package.dsv'
[1.516s] INFO:colcon.colcon_core.shell:Creating package script '/home/superfunnyshark/repository/ros2_ws/install/test_pkg/share/test_pkg/package.sh'
[1.516s] INFO:colcon.colcon_core.shell:Creating package script '/home/superfunnyshark/repository/ros2_ws/install/test_pkg/share/test_pkg/package.bash'
[1.517s] INFO:colcon.colcon_core.shell:Creating package script '/home/superfunnyshark/repository/ros2_ws/install/test_pkg/share/test_pkg/package.zsh'
[1.517s] Level 1:colcon.colcon_core.environment:create_file_with_runtime_dependencies(/home/superfunnyshark/repository/ros2_ws/install/test_pkg/share/colcon-core/packages/test_pkg)
[1.518s] Level 1:colcon.colcon_core.environment:create_environment_scripts_only(my_first_pkg)
[1.518s] Level 1:colcon.colcon_core.environment:checking '/home/superfunnyshark/repository/ros2_ws/install/my_first_pkg' for CMake module files
[1.519s] DEBUG:colcon.colcon_core.event_handler.log_command:Invoked command in '/home/superfunnyshark/repository/ros2_ws/build/my_first_pkg' returned '0': CMAKE_PREFIX_PATH=${CMAKE_PREFIX_PATH}:/opt/ros/humble /usr/bin/cmake --install /home/superfunnyshark/repository/ros2_ws/build/my_first_pkg
[1.520s] Level 1:colcon.colcon_core.environment:checking '/home/superfunnyshark/repository/ros2_ws/install/my_first_pkg' for CMake config files
[1.522s] Level 1:colcon.colcon_core.shell:create_environment_hook('my_first_pkg', 'cmake_prefix_path')
[1.522s] INFO:colcon.colcon_core.shell:Creating environment hook '/home/superfunnyshark/repository/ros2_ws/install/my_first_pkg/share/my_first_pkg/hook/cmake_prefix_path.ps1'
[1.523s] INFO:colcon.colcon_core.shell:Creating environment descriptor '/home/superfunnyshark/repository/ros2_ws/install/my_first_pkg/share/my_first_pkg/hook/cmake_prefix_path.dsv'
[1.523s] INFO:colcon.colcon_core.shell:Creating environment hook '/home/superfunnyshark/repository/ros2_ws/install/my_first_pkg/share/my_first_pkg/hook/cmake_prefix_path.sh'
[1.524s] Level 1:colcon.colcon_core.environment:checking '/home/superfunnyshark/repository/ros2_ws/install/my_first_pkg/lib'
[1.524s] Level 1:colcon.colcon_core.environment:checking '/home/superfunnyshark/repository/ros2_ws/install/my_first_pkg/bin'
[1.524s] Level 1:colcon.colcon_core.environment:checking '/home/superfunnyshark/repository/ros2_ws/install/my_first_pkg/lib/pkgconfig/my_first_pkg.pc'
[1.525s] Level 1:colcon.colcon_core.environment:checking '/home/superfunnyshark/repository/ros2_ws/install/my_first_pkg/lib/python3.10/site-packages'
[1.525s] Level 1:colcon.colcon_core.environment:checking '/home/superfunnyshark/repository/ros2_ws/install/my_first_pkg/bin'
[1.525s] INFO:colcon.colcon_core.shell:Creating package script '/home/superfunnyshark/repository/ros2_ws/install/my_first_pkg/share/my_first_pkg/package.ps1'
[1.526s] INFO:colcon.colcon_core.shell:Creating package descriptor '/home/superfunnyshark/repository/ros2_ws/install/my_first_pkg/share/my_first_pkg/package.dsv'
[1.527s] INFO:colcon.colcon_core.shell:Creating package script '/home/superfunnyshark/repository/ros2_ws/install/my_first_pkg/share/my_first_pkg/package.sh'
[1.527s] INFO:colcon.colcon_core.shell:Creating package script '/home/superfunnyshark/repository/ros2_ws/install/my_first_pkg/share/my_first_pkg/package.bash'
[1.528s] INFO:colcon.colcon_core.shell:Creating package script '/home/superfunnyshark/repository/ros2_ws/install/my_first_pkg/share/my_first_pkg/package.zsh'
[1.529s] Level 1:colcon.colcon_core.environment:create_file_with_runtime_dependencies(/home/superfunnyshark/repository/ros2_ws/install/my_first_pkg/share/colcon-core/packages/my_first_pkg)
[1.529s] Level 1:colcon.colcon_core.environment:create_environment_scripts_only(my_first_pkg)
[1.530s] Level 1:colcon.colcon_core.environment:checking '/home/superfunnyshark/repository/ros2_ws/install/my_first_pkg' for CMake module files
[1.531s] Level 1:colcon.colcon_core.environment:checking '/home/superfunnyshark/repository/ros2_ws/install/my_first_pkg' for CMake config files
[1.533s] Level 1:colcon.colcon_core.shell:create_environment_hook('my_first_pkg', 'cmake_prefix_path')
[1.533s] INFO:colcon.colcon_core.shell:Creating environment hook '/home/superfunnyshark/repository/ros2_ws/install/my_first_pkg/share/my_first_pkg/hook/cmake_prefix_path.ps1'
[1.534s] INFO:colcon.colcon_core.shell:Creating environment descriptor '/home/superfunnyshark/repository/ros2_ws/install/my_first_pkg/share/my_first_pkg/hook/cmake_prefix_path.dsv'
[1.535s] INFO:colcon.colcon_core.shell:Creating environment hook '/home/superfunnyshark/repository/ros2_ws/install/my_first_pkg/share/my_first_pkg/hook/cmake_prefix_path.sh'
[1.535s] Level 1:colcon.colcon_core.environment:checking '/home/superfunnyshark/repository/ros2_ws/install/my_first_pkg/lib'
[1.536s] Level 1:colcon.colcon_core.environment:checking '/home/superfunnyshark/repository/ros2_ws/install/my_first_pkg/bin'
[1.536s] Level 1:colcon.colcon_core.environment:checking '/home/superfunnyshark/repository/ros2_ws/install/my_first_pkg/lib/pkgconfig/my_first_pkg.pc'
[1.536s] Level 1:colcon.colcon_core.environment:checking '/home/superfunnyshark/repository/ros2_ws/install/my_first_pkg/lib/python3.10/site-packages'
[1.536s] Level 1:colcon.colcon_core.environment:checking '/home/superfunnyshark/repository/ros2_ws/install/my_first_pkg/bin'
[1.537s] INFO:colcon.colcon_core.shell:Creating package script '/home/superfunnyshark/repository/ros2_ws/install/my_first_pkg/share/my_first_pkg/package.ps1'
[1.537s] INFO:colcon.colcon_core.shell:Creating package descriptor '/home/superfunnyshark/repository/ros2_ws/install/my_first_pkg/share/my_first_pkg/package.dsv'
[1.538s] INFO:colcon.colcon_core.shell:Creating package script '/home/superfunnyshark/repository/ros2_ws/install/my_first_pkg/share/my_first_pkg/package.sh'
[1.538s] INFO:colcon.colcon_core.shell:Creating package script '/home/superfunnyshark/repository/ros2_ws/install/my_first_pkg/share/my_first_pkg/package.bash'
[1.539s] INFO:colcon.colcon_core.shell:Creating package script '/home/superfunnyshark/repository/ros2_ws/install/my_first_pkg/share/my_first_pkg/package.zsh'
[1.540s] Level 1:colcon.colcon_core.environment:create_file_with_runtime_dependencies(/home/superfunnyshark/repository/ros2_ws/install/my_first_pkg/share/colcon-core/packages/my_first_pkg)
[1.540s] DEBUG:colcon.colcon_parallel_executor.executor.parallel:closing loop
[1.540s] DEBUG:colcon.colcon_parallel_executor.executor.parallel:loop closed
[1.540s] DEBUG:colcon.colcon_parallel_executor.executor.parallel:run_until_complete finished with '0'
[1.540s] DEBUG:colcon.colcon_core.event_reactor:joining thread
[1.554s] INFO:colcon.colcon_core.plugin_system:Skipping extension 'colcon_notification.desktop_notification.notify_send': Could not find 'notify-send'
[1.554s] INFO:colcon.colcon_core.plugin_system:Skipping extension 'colcon_notification.desktop_notification.terminal_notifier': Not used on non-Darwin systems
[1.554s] INFO:colcon.colcon_core.plugin_system:Skipping extension 'colcon_notification.desktop_notification.win32': Not used on non-Windows systems
[1.554s] INFO:colcon.colcon_notification.desktop_notification:Sending desktop notification using 'notify2'
[1.554s] DEBUG:colcon.colcon_notification.desktop_notification.notify2:Failed to initialize notify2: org.freedesktop.DBus.Error.NotSupported: Unable to autolaunch a dbus-daemon without a $DISPLAY for X11
[1.554s] DEBUG:colcon.colcon_core.event_reactor:joined thread
[1.554s] INFO:colcon.colcon_core.shell:Creating prefix script '/home/superfunnyshark/repository/ros2_ws/install/local_setup.ps1'
[1.555s] INFO:colcon.colcon_core.shell:Creating prefix util module '/home/superfunnyshark/repository/ros2_ws/install/_local_setup_util_ps1.py'
[1.557s] INFO:colcon.colcon_core.shell:Creating prefix chain script '/home/superfunnyshark/repository/ros2_ws/install/setup.ps1'
[1.559s] INFO:colcon.colcon_core.shell:Creating prefix script '/home/superfunnyshark/repository/ros2_ws/install/local_setup.sh'
[1.560s] INFO:colcon.colcon_core.shell:Creating prefix util module '/home/superfunnyshark/repository/ros2_ws/install/_local_setup_util_sh.py'
[1.560s] INFO:colcon.colcon_core.shell:Creating prefix chain script '/home/superfunnyshark/repository/ros2_ws/install/setup.sh'
[1.562s] INFO:colcon.colcon_core.shell:Creating prefix script '/home/superfunnyshark/repository/ros2_ws/install/local_setup.bash'
[1.563s] INFO:colcon.colcon_core.shell:Creating prefix chain script '/home/superfunnyshark/repository/ros2_ws/install/setup.bash'
[1.566s] INFO:colcon.colcon_core.shell:Creating prefix script '/home/superfunnyshark/repository/ros2_ws/install/local_setup.zsh'
[1.567s] INFO:colcon.colcon_core.shell:Creating prefix chain script '/home/superfunnyshark/repository/ros2_ws/install/setup.zsh'
