[0.033s] Invoking command in '/home/superfunnyshark/repository/ros2_ws/src/build/my_first_pkg': CMAKE_PREFIX_PATH=${CMAKE_PREFIX_PATH}:/opt/ros/humble /usr/bin/cmake --build /home/superfunnyshark/repository/ros2_ws/src/build/my_first_pkg -- -j8 -l8
[0.222s] Built target ament_cmake_python_symlink_my_first_pkg
[0.668s] running egg_info
[0.668s] writing my_first_pkg.egg-info/PKG-INFO
[0.669s] writing dependency_links to my_first_pkg.egg-info/dependency_links.txt
[0.669s] writing top-level names to my_first_pkg.egg-info/top_level.txt
[0.672s] reading manifest file 'my_first_pkg.egg-info/SOURCES.txt'
[0.673s] writing manifest file 'my_first_pkg.egg-info/SOURCES.txt'
[0.717s] Built target ament_cmake_python_build_my_first_pkg_egg
[0.786s] Invoked command in '/home/superfunnyshark/repository/ros2_ws/src/build/my_first_pkg' returned '0': CMAKE_PREFIX_PATH=${CMAKE_PREFIX_PATH}:/opt/ros/humble /usr/bin/cmake --build /home/superfunnyshark/repository/ros2_ws/src/build/my_first_pkg -- -j8 -l8
[0.815s] Invoking command in '/home/superfunnyshark/repository/ros2_ws/src/build/my_first_pkg': CMAKE_PREFIX_PATH=${CMAKE_PREFIX_PATH}:/opt/ros/humble /usr/bin/cmake --install /home/superfunnyshark/repository/ros2_ws/src/build/my_first_pkg
[0.835s] -- Install configuration: ""
[0.836s] -- Execute custom install script
[0.836s] -- Symlinking: /home/superfunnyshark/repository/ros2_ws/src/install/my_first_pkg/share/my_first_pkg/environment/pythonpath.sh
[0.865s] -- Symlinking: /home/superfunnyshark/repository/ros2_ws/src/install/my_first_pkg/share/my_first_pkg/environment/pythonpath.dsv
[0.895s] -- Symlinking: /home/superfunnyshark/repository/ros2_ws/src/install/my_first_pkg/local/lib/python3.10/dist-packages/my_first_pkg-0.0.0-py3.10.egg-info/PKG-INFO
[0.925s] -- Symlinking: /home/superfunnyshark/repository/ros2_ws/src/install/my_first_pkg/local/lib/python3.10/dist-packages/my_first_pkg-0.0.0-py3.10.egg-info/SOURCES.txt
[0.955s] -- Symlinking: /home/superfunnyshark/repository/ros2_ws/src/install/my_first_pkg/local/lib/python3.10/dist-packages/my_first_pkg-0.0.0-py3.10.egg-info/dependency_links.txt
[0.985s] -- Symlinking: /home/superfunnyshark/repository/ros2_ws/src/install/my_first_pkg/local/lib/python3.10/dist-packages/my_first_pkg-0.0.0-py3.10.egg-info/top_level.txt
[1.016s] -- Symlinking: /home/superfunnyshark/repository/ros2_ws/src/install/my_first_pkg/local/lib/python3.10/dist-packages/my_first_pkg/__init__.py
[1.047s] -- Symlinking: /home/superfunnyshark/repository/ros2_ws/src/install/my_first_pkg/lib/my_first_pkg/my_first_node_1.py
[1.078s] -- Symlinking: /home/superfunnyshark/repository/ros2_ws/src/install/my_first_pkg/lib/my_first_pkg/my_function.py
[1.107s] -- Symlinking: /home/superfunnyshark/repository/ros2_ws/src/install/my_first_pkg/lib/my_first_pkg/talker.py
[1.135s] -- Symlinking: /home/superfunnyshark/repository/ros2_ws/src/install/my_first_pkg/lib/my_first_pkg/listener.py
[1.170s] -- Symlinking: /home/superfunnyshark/repository/ros2_ws/src/install/my_first_pkg/share/my_first_pkg//launch/launch_file.xml
[1.200s] -- Symlinking: /home/superfunnyshark/repository/ros2_ws/src/install/my_first_pkg/share/ament_index/resource_index/package_run_dependencies/my_first_pkg
[1.235s] -- Symlinking: /home/superfunnyshark/repository/ros2_ws/src/install/my_first_pkg/share/ament_index/resource_index/parent_prefix_path/my_first_pkg
[1.267s] -- Symlinking: /home/superfunnyshark/repository/ros2_ws/src/install/my_first_pkg/share/my_first_pkg/environment/ament_prefix_path.sh
[1.296s] -- Symlinking: /home/superfunnyshark/repository/ros2_ws/src/install/my_first_pkg/share/my_first_pkg/environment/ament_prefix_path.dsv
[1.326s] -- Symlinking: /home/superfunnyshark/repository/ros2_ws/src/install/my_first_pkg/share/my_first_pkg/environment/path.sh
[1.355s] -- Symlinking: /home/superfunnyshark/repository/ros2_ws/src/install/my_first_pkg/share/my_first_pkg/environment/path.dsv
[1.385s] -- Symlinking: /home/superfunnyshark/repository/ros2_ws/src/install/my_first_pkg/share/my_first_pkg/local_setup.bash
[1.423s] -- Symlinking: /home/superfunnyshark/repository/ros2_ws/src/install/my_first_pkg/share/my_first_pkg/local_setup.sh
[1.453s] -- Symlinking: /home/superfunnyshark/repository/ros2_ws/src/install/my_first_pkg/share/my_first_pkg/local_setup.zsh
[1.484s] -- Symlinking: /home/superfunnyshark/repository/ros2_ws/src/install/my_first_pkg/share/my_first_pkg/local_setup.dsv
[1.515s] -- Symlinking: /home/superfunnyshark/repository/ros2_ws/src/install/my_first_pkg/share/my_first_pkg/package.dsv
[1.549s] -- Symlinking: /home/superfunnyshark/repository/ros2_ws/src/install/my_first_pkg/share/ament_index/resource_index/packages/my_first_pkg
[1.576s] -- Symlinking: /home/superfunnyshark/repository/ros2_ws/src/install/my_first_pkg/share/my_first_pkg/cmake/my_first_pkgConfig.cmake
[1.604s] -- Symlinking: /home/superfunnyshark/repository/ros2_ws/src/install/my_first_pkg/share/my_first_pkg/cmake/my_first_pkgConfig-version.cmake
[1.631s] -- Symlinking: /home/superfunnyshark/repository/ros2_ws/src/install/my_first_pkg/share/my_first_pkg/package.xml
[1.740s] Listing '/home/superfunnyshark/repository/ros2_ws/src/install/my_first_pkg/local/lib/python3.10/dist-packages/my_first_pkg'...
[1.740s] Compiling '/home/superfunnyshark/repository/ros2_ws/src/install/my_first_pkg/local/lib/python3.10/dist-packages/my_first_pkg/__init__.py'...
[1.748s] Invoked command in '/home/superfunnyshark/repository/ros2_ws/src/build/my_first_pkg' returned '0': CMAKE_PREFIX_PATH=${CMAKE_PREFIX_PATH}:/opt/ros/humble /usr/bin/cmake --install /home/superfunnyshark/repository/ros2_ws/src/build/my_first_pkg
