[0.038s] Invoking command in '/home/superfunnyshark/repository/ros2_ws/src/build/my_first_pkg': CMAKE_PREFIX_PATH=${CMAKE_PREFIX_PATH}:/opt/ros/humble /usr/bin/cmake --build /home/superfunnyshark/repository/ros2_ws/src/build/my_first_pkg -- -j8 -l8
[0.228s] Built target ament_cmake_python_symlink_my_first_pkg
[0.622s] running egg_info
[0.623s] writing my_first_pkg.egg-info/PKG-INFO
[0.625s] writing dependency_links to my_first_pkg.egg-info/dependency_links.txt
[0.625s] writing top-level names to my_first_pkg.egg-info/top_level.txt
[0.628s] reading manifest file 'my_first_pkg.egg-info/SOURCES.txt'
[0.638s] writing manifest file 'my_first_pkg.egg-info/SOURCES.txt'
[0.676s] Built target ament_cmake_python_build_my_first_pkg_egg
[0.716s] Invoked command in '/home/superfunnyshark/repository/ros2_ws/src/build/my_first_pkg' returned '0': CMAKE_PREFIX_PATH=${CMAKE_PREFIX_PATH}:/opt/ros/humble /usr/bin/cmake --build /home/superfunnyshark/repository/ros2_ws/src/build/my_first_pkg -- -j8 -l8
[0.718s] Invoking command in '/home/superfunnyshark/repository/ros2_ws/src/build/my_first_pkg': CMAKE_PREFIX_PATH=${CMAKE_PREFIX_PATH}:/opt/ros/humble /usr/bin/cmake --install /home/superfunnyshark/repository/ros2_ws/src/build/my_first_pkg
[0.738s] -- Install configuration: ""
[0.739s] -- Execute custom install script
[0.739s] -- Up-to-date symlink: /home/superfunnyshark/repository/ros2_ws/src/install/my_first_pkg/share/my_first_pkg/environment/pythonpath.sh
[0.739s] -- Up-to-date symlink: /home/superfunnyshark/repository/ros2_ws/src/install/my_first_pkg/share/my_first_pkg/environment/pythonpath.dsv
[0.741s] -- Up-to-date symlink: /home/superfunnyshark/repository/ros2_ws/src/install/my_first_pkg/local/lib/python3.10/dist-packages/my_first_pkg-0.0.0-py3.10.egg-info/PKG-INFO
[0.741s] -- Up-to-date symlink: /home/superfunnyshark/repository/ros2_ws/src/install/my_first_pkg/local/lib/python3.10/dist-packages/my_first_pkg-0.0.0-py3.10.egg-info/SOURCES.txt
[0.742s] -- Up-to-date symlink: /home/superfunnyshark/repository/ros2_ws/src/install/my_first_pkg/local/lib/python3.10/dist-packages/my_first_pkg-0.0.0-py3.10.egg-info/dependency_links.txt
[0.742s] -- Up-to-date symlink: /home/superfunnyshark/repository/ros2_ws/src/install/my_first_pkg/local/lib/python3.10/dist-packages/my_first_pkg-0.0.0-py3.10.egg-info/top_level.txt
[0.743s] -- Up-to-date symlink: /home/superfunnyshark/repository/ros2_ws/src/install/my_first_pkg/local/lib/python3.10/dist-packages/my_first_pkg/__init__.py
[0.743s] -- Up-to-date symlink: /home/superfunnyshark/repository/ros2_ws/src/install/my_first_pkg/lib/my_first_pkg/my_first_node_1.py
[0.744s] -- Up-to-date symlink: /home/superfunnyshark/repository/ros2_ws/src/install/my_first_pkg/lib/my_first_pkg/my_function.py
[0.744s] -- Up-to-date symlink: /home/superfunnyshark/repository/ros2_ws/src/install/my_first_pkg/lib/my_first_pkg/talker.py
[0.749s] -- Up-to-date symlink: /home/superfunnyshark/repository/ros2_ws/src/install/my_first_pkg/lib/my_first_pkg/listener.py
[0.749s] -- Up-to-date symlink: /home/superfunnyshark/repository/ros2_ws/src/install/my_first_pkg/share/my_first_pkg//launch/launch_file.xml
[0.749s] -- Up-to-date symlink: /home/superfunnyshark/repository/ros2_ws/src/install/my_first_pkg/share/ament_index/resource_index/package_run_dependencies/my_first_pkg
[0.750s] -- Up-to-date symlink: /home/superfunnyshark/repository/ros2_ws/src/install/my_first_pkg/share/ament_index/resource_index/parent_prefix_path/my_first_pkg
[0.750s] -- Up-to-date symlink: /home/superfunnyshark/repository/ros2_ws/src/install/my_first_pkg/share/my_first_pkg/environment/ament_prefix_path.sh
[0.751s] -- Up-to-date symlink: /home/superfunnyshark/repository/ros2_ws/src/install/my_first_pkg/share/my_first_pkg/environment/ament_prefix_path.dsv
[0.751s] -- Up-to-date symlink: /home/superfunnyshark/repository/ros2_ws/src/install/my_first_pkg/share/my_first_pkg/environment/path.sh
[0.751s] -- Up-to-date symlink: /home/superfunnyshark/repository/ros2_ws/src/install/my_first_pkg/share/my_first_pkg/environment/path.dsv
[0.752s] -- Up-to-date symlink: /home/superfunnyshark/repository/ros2_ws/src/install/my_first_pkg/share/my_first_pkg/local_setup.bash
[0.752s] -- Up-to-date symlink: /home/superfunnyshark/repository/ros2_ws/src/install/my_first_pkg/share/my_first_pkg/local_setup.sh
[0.753s] -- Up-to-date symlink: /home/superfunnyshark/repository/ros2_ws/src/install/my_first_pkg/share/my_first_pkg/local_setup.zsh
[0.753s] -- Up-to-date symlink: /home/superfunnyshark/repository/ros2_ws/src/install/my_first_pkg/share/my_first_pkg/local_setup.dsv
[0.753s] -- Symlinking: /home/superfunnyshark/repository/ros2_ws/src/install/my_first_pkg/share/my_first_pkg/package.dsv
[0.783s] -- Up-to-date symlink: /home/superfunnyshark/repository/ros2_ws/src/install/my_first_pkg/share/ament_index/resource_index/packages/my_first_pkg
[0.783s] -- Up-to-date symlink: /home/superfunnyshark/repository/ros2_ws/src/install/my_first_pkg/share/my_first_pkg/cmake/my_first_pkgConfig.cmake
[0.784s] -- Up-to-date symlink: /home/superfunnyshark/repository/ros2_ws/src/install/my_first_pkg/share/my_first_pkg/cmake/my_first_pkgConfig-version.cmake
[0.784s] -- Up-to-date symlink: /home/superfunnyshark/repository/ros2_ws/src/install/my_first_pkg/share/my_first_pkg/package.xml
[0.834s] Listing '/home/superfunnyshark/repository/ros2_ws/src/install/my_first_pkg/local/lib/python3.10/dist-packages/my_first_pkg'...
[0.863s] Invoked command in '/home/superfunnyshark/repository/ros2_ws/src/build/my_first_pkg' returned '0': CMAKE_PREFIX_PATH=${CMAKE_PREFIX_PATH}:/opt/ros/humble /usr/bin/cmake --install /home/superfunnyshark/repository/ros2_ws/src/build/my_first_pkg
