[0.051s] Invoking command in '/home/superfunnyshark/repository/ros2_ws/build/lab1': CMAKE_PREFIX_PATH=${CMAKE_PREFIX_PATH}:/opt/ros/humble /usr/bin/cmake /home/superfunnyshark/repository/ros2_ws/src/lab1 -DAMENT_CMAKE_SYMLINK_INSTALL=1 -DCMAKE_INSTALL_PREFIX=/home/superfunnyshark/repository/ros2_ws/install/lab1
[0.246s] -- The C compiler identification is GNU 11.4.0
[0.431s] -- The CXX compiler identification is GNU 11.4.0
[0.462s] -- Detecting C compiler ABI info
[0.762s] -- Detecting C compiler ABI info - done
[0.780s] -- Check for working C compiler: /usr/bin/cc - skipped
[0.780s] -- Detecting C compile features
[0.781s] -- Detecting C compile features - done
[0.782s] -- Detecting CXX compiler ABI info
[1.092s] -- Detecting CXX compiler ABI info - done
[1.112s] -- Check for working CXX compiler: /usr/bin/c++ - skipped
[1.113s] -- Detecting CXX compile features
[1.113s] -- Detecting CXX compile features - done
[1.122s] -- Found ament_cmake: 1.3.11 (/opt/ros/humble/share/ament_cmake/cmake)
[1.379s] -- Found Python3: /usr/bin/python3 (found version "3.10.12") found components: Interpreter 
[1.482s] -- Override CMake install command with custom implementation using symlinks instead of copying resources
[1.724s] -- Found ament_lint_auto: 0.12.12 (/opt/ros/humble/share/ament_lint_auto/cmake)
[1.886s] -- Added test 'flake8' to check Python code syntax and style conventions
[1.891s] -- Added test 'lint_cmake' to check CMake code style
[1.892s] -- Added test 'pep257' to check Python code against some of the docstring style conventions in PEP 257
[1.899s] -- Added test 'xmllint' to check XML markup files
[1.910s] -- Configuring done
[1.954s] -- Generating done
[2.017s] -- Build files have been written to: /home/superfunnyshark/repository/ros2_ws/build/lab1
[2.022s] Invoked command in '/home/superfunnyshark/repository/ros2_ws/build/lab1' returned '0': CMAKE_PREFIX_PATH=${CMAKE_PREFIX_PATH}:/opt/ros/humble /usr/bin/cmake /home/superfunnyshark/repository/ros2_ws/src/lab1 -DAMENT_CMAKE_SYMLINK_INSTALL=1 -DCMAKE_INSTALL_PREFIX=/home/superfunnyshark/repository/ros2_ws/install/lab1
[2.026s] Invoking command in '/home/superfunnyshark/repository/ros2_ws/build/lab1': CMAKE_PREFIX_PATH=${CMAKE_PREFIX_PATH}:/opt/ros/humble /usr/bin/cmake --build /home/superfunnyshark/repository/ros2_ws/build/lab1 -- -j8 -l8
[2.231s] Built target ament_cmake_python_symlink_lab1
[2.700s] running egg_info
[2.701s] creating lab1.egg-info
[2.701s] writing lab1.egg-info/PKG-INFO
[2.701s] writing dependency_links to lab1.egg-info/dependency_links.txt
[2.702s] writing top-level names to lab1.egg-info/top_level.txt
[2.712s] writing manifest file 'lab1.egg-info/SOURCES.txt'
[2.715s] reading manifest file 'lab1.egg-info/SOURCES.txt'
[2.716s] writing manifest file 'lab1.egg-info/SOURCES.txt'
[2.759s] Built target ament_cmake_python_build_lab1_egg
[2.785s] Invoked command in '/home/superfunnyshark/repository/ros2_ws/build/lab1' returned '0': CMAKE_PREFIX_PATH=${CMAKE_PREFIX_PATH}:/opt/ros/humble /usr/bin/cmake --build /home/superfunnyshark/repository/ros2_ws/build/lab1 -- -j8 -l8
[2.811s] Invoking command in '/home/superfunnyshark/repository/ros2_ws/build/lab1': CMAKE_PREFIX_PATH=${CMAKE_PREFIX_PATH}:/opt/ros/humble /usr/bin/cmake --install /home/superfunnyshark/repository/ros2_ws/build/lab1
[2.831s] -- Install configuration: ""
[2.833s] -- Execute custom install script
[2.834s] -- Symlinking: /home/superfunnyshark/repository/ros2_ws/install/lab1/share/lab1/environment/pythonpath.sh
[2.868s] -- Symlinking: /home/superfunnyshark/repository/ros2_ws/install/lab1/share/lab1/environment/pythonpath.dsv
[2.906s] -- Symlinking: /home/superfunnyshark/repository/ros2_ws/install/lab1/local/lib/python3.10/dist-packages/lab1-0.0.0-py3.10.egg-info/PKG-INFO
[2.935s] -- Symlinking: /home/superfunnyshark/repository/ros2_ws/install/lab1/local/lib/python3.10/dist-packages/lab1-0.0.0-py3.10.egg-info/SOURCES.txt
[2.965s] -- Symlinking: /home/superfunnyshark/repository/ros2_ws/install/lab1/local/lib/python3.10/dist-packages/lab1-0.0.0-py3.10.egg-info/dependency_links.txt
[2.996s] -- Symlinking: /home/superfunnyshark/repository/ros2_ws/install/lab1/local/lib/python3.10/dist-packages/lab1-0.0.0-py3.10.egg-info/top_level.txt
[3.027s] -- Symlinking: /home/superfunnyshark/repository/ros2_ws/install/lab1/local/lib/python3.10/dist-packages/lab1/__init__.py
[3.054s] -- Symlinking: /home/superfunnyshark/repository/ros2_ws/install/lab1/lib/lab1/ros2_move_in_circles.py
[3.085s] -- Symlinking: /home/superfunnyshark/repository/ros2_ws/install/lab1/share/ament_index/resource_index/package_run_dependencies/lab1
[3.114s] -- Symlinking: /home/superfunnyshark/repository/ros2_ws/install/lab1/share/ament_index/resource_index/parent_prefix_path/lab1
[3.142s] -- Symlinking: /home/superfunnyshark/repository/ros2_ws/install/lab1/share/lab1/environment/ament_prefix_path.sh
[3.171s] -- Symlinking: /home/superfunnyshark/repository/ros2_ws/install/lab1/share/lab1/environment/ament_prefix_path.dsv
[3.199s] -- Symlinking: /home/superfunnyshark/repository/ros2_ws/install/lab1/share/lab1/environment/path.sh
[3.227s] -- Symlinking: /home/superfunnyshark/repository/ros2_ws/install/lab1/share/lab1/environment/path.dsv
[3.256s] -- Symlinking: /home/superfunnyshark/repository/ros2_ws/install/lab1/share/lab1/local_setup.bash
[3.283s] -- Symlinking: /home/superfunnyshark/repository/ros2_ws/install/lab1/share/lab1/local_setup.sh
[3.313s] -- Symlinking: /home/superfunnyshark/repository/ros2_ws/install/lab1/share/lab1/local_setup.zsh
[3.345s] -- Symlinking: /home/superfunnyshark/repository/ros2_ws/install/lab1/share/lab1/local_setup.dsv
[3.374s] -- Symlinking: /home/superfunnyshark/repository/ros2_ws/install/lab1/share/lab1/package.dsv
[3.402s] -- Symlinking: /home/superfunnyshark/repository/ros2_ws/install/lab1/share/ament_index/resource_index/packages/lab1
[3.430s] -- Symlinking: /home/superfunnyshark/repository/ros2_ws/install/lab1/share/lab1/cmake/lab1Config.cmake
[3.459s] -- Symlinking: /home/superfunnyshark/repository/ros2_ws/install/lab1/share/lab1/cmake/lab1Config-version.cmake
[3.489s] -- Symlinking: /home/superfunnyshark/repository/ros2_ws/install/lab1/share/lab1/package.xml
[3.570s] Listing '/home/superfunnyshark/repository/ros2_ws/install/lab1/local/lib/python3.10/dist-packages/lab1'...
[3.570s] Compiling '/home/superfunnyshark/repository/ros2_ws/install/lab1/local/lib/python3.10/dist-packages/lab1/__init__.py'...
[3.579s] Invoked command in '/home/superfunnyshark/repository/ros2_ws/build/lab1' returned '0': CMAKE_PREFIX_PATH=${CMAKE_PREFIX_PATH}:/opt/ros/humble /usr/bin/cmake --install /home/superfunnyshark/repository/ros2_ws/build/lab1
