[0.025s] Invoking command in '/home/superfunnyshark/ros2_ws/build/my_first_pkg': CMAKE_PREFIX_PATH=${CMAKE_PREFIX_PATH}:/opt/ros/humble /usr/bin/cmake --build /home/superfunnyshark/ros2_ws/build/my_first_pkg -- -j8 -l8
[0.166s] Built target ament_cmake_python_symlink_my_first_pkg
[0.523s] running egg_info
[0.523s] writing my_first_pkg.egg-info/PKG-INFO
[0.523s] writing dependency_links to my_first_pkg.egg-info/dependency_links.txt
[0.524s] writing top-level names to my_first_pkg.egg-info/top_level.txt
[0.526s] reading manifest file 'my_first_pkg.egg-info/SOURCES.txt'
[0.526s] writing manifest file 'my_first_pkg.egg-info/SOURCES.txt'
[0.562s] Built target ament_cmake_python_build_my_first_pkg_egg
[0.584s] Invoked command in '/home/superfunnyshark/ros2_ws/build/my_first_pkg' returned '0': CMAKE_PREFIX_PATH=${CMAKE_PREFIX_PATH}:/opt/ros/humble /usr/bin/cmake --build /home/superfunnyshark/ros2_ws/build/my_first_pkg -- -j8 -l8
[0.615s] Invoking command in '/home/superfunnyshark/ros2_ws/build/my_first_pkg': CMAKE_PREFIX_PATH=${CMAKE_PREFIX_PATH}:/opt/ros/humble /usr/bin/cmake --install /home/superfunnyshark/ros2_ws/build/my_first_pkg
[0.620s] -- Install configuration: ""
[0.621s] -- Execute custom install script
[0.621s] -- Up-to-date symlink: /home/superfunnyshark/ros2_ws/install/my_first_pkg/share/my_first_pkg/environment/pythonpath.sh
[0.621s] -- Up-to-date symlink: /home/superfunnyshark/ros2_ws/install/my_first_pkg/share/my_first_pkg/environment/pythonpath.dsv
[0.622s] -- Up-to-date symlink: /home/superfunnyshark/ros2_ws/install/my_first_pkg/local/lib/python3.10/dist-packages/my_first_pkg-0.0.0-py3.10.egg-info/PKG-INFO
[0.622s] -- Up-to-date symlink: /home/superfunnyshark/ros2_ws/install/my_first_pkg/local/lib/python3.10/dist-packages/my_first_pkg-0.0.0-py3.10.egg-info/SOURCES.txt
[0.622s] -- Up-to-date symlink: /home/superfunnyshark/ros2_ws/install/my_first_pkg/local/lib/python3.10/dist-packages/my_first_pkg-0.0.0-py3.10.egg-info/dependency_links.txt
[0.622s] -- Up-to-date symlink: /home/superfunnyshark/ros2_ws/install/my_first_pkg/local/lib/python3.10/dist-packages/my_first_pkg-0.0.0-py3.10.egg-info/top_level.txt
[0.623s] -- Up-to-date symlink: /home/superfunnyshark/ros2_ws/install/my_first_pkg/local/lib/python3.10/dist-packages/my_first_pkg/__init__.py
[0.623s] -- Up-to-date symlink: /home/superfunnyshark/ros2_ws/install/my_first_pkg/lib/my_first_pkg/my_first_node_1.py
[0.623s] -- Up-to-date symlink: /home/superfunnyshark/ros2_ws/install/my_first_pkg/lib/my_first_pkg/my_function.py
[0.624s] -- Up-to-date symlink: /home/superfunnyshark/ros2_ws/install/my_first_pkg/lib/my_first_pkg/talker.py
[0.624s] -- Up-to-date symlink: /home/superfunnyshark/ros2_ws/install/my_first_pkg/lib/my_first_pkg/listener.py
[0.624s] -- Up-to-date symlink: /home/superfunnyshark/ros2_ws/install/my_first_pkg/share/my_first_pkg//launch/launch_file.xml
[0.625s] -- Up-to-date symlink: /home/superfunnyshark/ros2_ws/install/my_first_pkg/share/ament_index/resource_index/package_run_dependencies/my_first_pkg
[0.625s] -- Up-to-date symlink: /home/superfunnyshark/ros2_ws/install/my_first_pkg/share/ament_index/resource_index/parent_prefix_path/my_first_pkg
[0.625s] -- Up-to-date symlink: /home/superfunnyshark/ros2_ws/install/my_first_pkg/share/my_first_pkg/environment/ament_prefix_path.sh
[0.625s] -- Up-to-date symlink: /home/superfunnyshark/ros2_ws/install/my_first_pkg/share/my_first_pkg/environment/ament_prefix_path.dsv
[0.626s] -- Up-to-date symlink: /home/superfunnyshark/ros2_ws/install/my_first_pkg/share/my_first_pkg/environment/path.sh
[0.626s] -- Up-to-date symlink: /home/superfunnyshark/ros2_ws/install/my_first_pkg/share/my_first_pkg/environment/path.dsv
[0.626s] -- Up-to-date symlink: /home/superfunnyshark/ros2_ws/install/my_first_pkg/share/my_first_pkg/local_setup.bash
[0.626s] -- Up-to-date symlink: /home/superfunnyshark/ros2_ws/install/my_first_pkg/share/my_first_pkg/local_setup.sh
[0.626s] -- Up-to-date symlink: /home/superfunnyshark/ros2_ws/install/my_first_pkg/share/my_first_pkg/local_setup.zsh
[0.627s] -- Up-to-date symlink: /home/superfunnyshark/ros2_ws/install/my_first_pkg/share/my_first_pkg/local_setup.dsv
[0.627s] -- Symlinking: /home/superfunnyshark/ros2_ws/install/my_first_pkg/share/my_first_pkg/package.dsv
[0.651s] -- Up-to-date symlink: /home/superfunnyshark/ros2_ws/install/my_first_pkg/share/ament_index/resource_index/packages/my_first_pkg
[0.651s] -- Up-to-date symlink: /home/superfunnyshark/ros2_ws/install/my_first_pkg/share/my_first_pkg/cmake/my_first_pkgConfig.cmake
[0.652s] -- Up-to-date symlink: /home/superfunnyshark/ros2_ws/install/my_first_pkg/share/my_first_pkg/cmake/my_first_pkgConfig-version.cmake
[0.652s] -- Up-to-date symlink: /home/superfunnyshark/ros2_ws/install/my_first_pkg/share/my_first_pkg/package.xml
[0.692s] Listing '/home/superfunnyshark/ros2_ws/install/my_first_pkg/local/lib/python3.10/dist-packages/my_first_pkg'...
[0.698s] Invoked command in '/home/superfunnyshark/ros2_ws/build/my_first_pkg' returned '0': CMAKE_PREFIX_PATH=${CMAKE_PREFIX_PATH}:/opt/ros/humble /usr/bin/cmake --install /home/superfunnyshark/ros2_ws/build/my_first_pkg
