[1.209s] DEBUG:colcon:Command line arguments: ['/usr/bin/colcon', 'build']
[1.209s] DEBUG:colcon:Parsed command line arguments: Namespace(log_base=None, log_level=None, verb_name='build', build_base='build', install_base='install', merge_install=False, symlink_install=False, test_result_base=None, continue_on_error=False, executor='parallel', parallel_workers=8, event_handlers=None, ignore_user_meta=False, metas=['./colcon.meta'], base_paths=['.'], packages_ignore=None, packages_ignore_regex=None, paths=None, packages_up_to=None, packages_up_to_regex=None, packages_above=None, packages_above_and_dependencies=None, packages_above_depth=None, packages_select_by_dep=None, packages_skip_by_dep=None, packages_skip_up_to=None, packages_select_build_failed=False, packages_skip_build_finished=False, packages_select_test_failures=False, packages_skip_test_passed=False, packages_select=None, packages_skip=None, packages_select_regex=None, packages_skip_regex=None, packages_start=None, packages_end=None, allow_overriding=[], cmake_args=None, cmake_target=None, cmake_target_skip_unavailable=False, cmake_clean_cache=False, cmake_clean_first=False, cmake_force_configure=False, ament_cmake_args=None, catkin_cmake_args=None, catkin_skip_building_tests=False, mixin_files=None, mixin=None, verb_parser=<colcon_mixin.mixin.mixin_argument.MixinArgumentDecorator object at 0x7f1e3dbec310>, verb_extension=<colcon_core.verb.build.BuildVerb object at 0x7f1e3dd011b0>, main=<bound method BuildVerb.main of <colcon_core.verb.build.BuildVerb object at 0x7f1e3dd011b0>>, mixin_verb=('build',))
[8.485s] Level 1:colcon.colcon_core.package_discovery:discover_packages(colcon_meta) check parameters
[8.485s] Level 1:colcon.colcon_core.package_discovery:discover_packages(recursive) check parameters
[8.485s] Level 1:colcon.colcon_core.package_discovery:discover_packages(ignore) check parameters
[8.485s] Level 1:colcon.colcon_core.package_discovery:discover_packages(path) check parameters
[8.486s] Level 1:colcon.colcon_core.package_discovery:discover_packages(colcon_meta) discover
[8.486s] Level 1:colcon.colcon_core.package_discovery:discover_packages(recursive) discover
[8.486s] INFO:colcon.colcon_core.package_discovery:Crawling recursively for packages in '/home/superfunnyshark/ros2_ws'
[8.486s] Level 1:colcon.colcon_core.package_identification:_identify(.) by extensions ['ignore', 'ignore_ament_install']
[8.486s] Level 1:colcon.colcon_core.package_identification:_identify(.) by extension 'ignore'
[8.487s] Level 1:colcon.colcon_core.package_identification:_identify(.) by extension 'ignore_ament_install'
[8.487s] Level 1:colcon.colcon_core.package_identification:_identify(.) by extensions ['colcon_pkg']
[8.487s] Level 1:colcon.colcon_core.package_identification:_identify(.) by extension 'colcon_pkg'
[8.487s] Level 1:colcon.colcon_core.package_identification:_identify(.) by extensions ['colcon_meta']
[8.487s] Level 1:colcon.colcon_core.package_identification:_identify(.) by extension 'colcon_meta'
[8.487s] Level 1:colcon.colcon_core.package_identification:_identify(.) by extensions ['ros']
[8.487s] Level 1:colcon.colcon_core.package_identification:_identify(.) by extension 'ros'
[8.592s] Level 1:colcon.colcon_core.package_identification:_identify(.) by extensions ['cmake', 'python']
[8.592s] Level 1:colcon.colcon_core.package_identification:_identify(.) by extension 'cmake'
[8.592s] Level 1:colcon.colcon_core.package_identification:_identify(.) by extension 'python'
[8.592s] Level 1:colcon.colcon_core.package_identification:_identify(.) by extensions ['python_setup_py']
[8.592s] Level 1:colcon.colcon_core.package_identification:_identify(.) by extension 'python_setup_py'
[8.593s] Level 1:colcon.colcon_core.package_identification:_identify(build) by extensions ['ignore', 'ignore_ament_install']
[8.593s] Level 1:colcon.colcon_core.package_identification:_identify(build) by extension 'ignore'
[8.593s] Level 1:colcon.colcon_core.package_identification:_identify(build) ignored
[8.594s] Level 1:colcon.colcon_core.package_identification:_identify(install) by extensions ['ignore', 'ignore_ament_install']
[8.594s] Level 1:colcon.colcon_core.package_identification:_identify(install) by extension 'ignore'
[8.595s] Level 1:colcon.colcon_core.package_identification:_identify(install) ignored
[8.595s] Level 1:colcon.colcon_core.package_identification:_identify(log) by extensions ['ignore', 'ignore_ament_install']
[8.595s] Level 1:colcon.colcon_core.package_identification:_identify(log) by extension 'ignore'
[8.595s] Level 1:colcon.colcon_core.package_identification:_identify(log) ignored
[8.596s] Level 1:colcon.colcon_core.package_identification:_identify(src) by extensions ['ignore', 'ignore_ament_install']
[8.596s] Level 1:colcon.colcon_core.package_identification:_identify(src) by extension 'ignore'
[8.596s] Level 1:colcon.colcon_core.package_identification:_identify(src) by extension 'ignore_ament_install'
[8.596s] Level 1:colcon.colcon_core.package_identification:_identify(src) by extensions ['colcon_pkg']
[8.596s] Level 1:colcon.colcon_core.package_identification:_identify(src) by extension 'colcon_pkg'
[8.597s] Level 1:colcon.colcon_core.package_identification:_identify(src) by extensions ['colcon_meta']
[8.597s] Level 1:colcon.colcon_core.package_identification:_identify(src) by extension 'colcon_meta'
[8.597s] Level 1:colcon.colcon_core.package_identification:_identify(src) by extensions ['ros']
[8.597s] Level 1:colcon.colcon_core.package_identification:_identify(src) by extension 'ros'
[8.597s] Level 1:colcon.colcon_core.package_identification:_identify(src) by extensions ['cmake', 'python']
[8.597s] Level 1:colcon.colcon_core.package_identification:_identify(src) by extension 'cmake'
[8.597s] Level 1:colcon.colcon_core.package_identification:_identify(src) by extension 'python'
[8.597s] Level 1:colcon.colcon_core.package_identification:_identify(src) by extensions ['python_setup_py']
[8.597s] Level 1:colcon.colcon_core.package_identification:_identify(src) by extension 'python_setup_py'
[8.598s] Level 1:colcon.colcon_core.package_discovery:discover_packages(recursive) using defaults
[8.598s] Level 1:colcon.colcon_core.package_discovery:discover_packages(ignore) discover
[8.598s] Level 1:colcon.colcon_core.package_discovery:discover_packages(ignore) using defaults
[8.598s] Level 1:colcon.colcon_core.package_discovery:discover_packages(path) discover
[8.598s] Level 1:colcon.colcon_core.package_discovery:discover_packages(path) using defaults
[8.952s] Level 1:colcon.colcon_core.package_discovery:discover_packages(prefix_path) check parameters
[8.952s] Level 1:colcon.colcon_core.package_discovery:discover_packages(prefix_path) discover
[9.060s] DEBUG:colcon.colcon_installed_package_information.package_discovery:Found 271 installed packages in /opt/ros/humble
[9.064s] Level 1:colcon.colcon_core.package_discovery:discover_packages(prefix_path) using defaults
[9.187s] INFO:colcon.colcon_core.executor:Executing jobs using 'parallel' executor
[9.189s] DEBUG:colcon.colcon_parallel_executor.executor.parallel:run_until_complete
[9.199s] DEBUG:colcon.colcon_parallel_executor.executor.parallel:closing loop
[9.199s] DEBUG:colcon.colcon_parallel_executor.executor.parallel:loop closed
[9.199s] DEBUG:colcon.colcon_parallel_executor.executor.parallel:run_until_complete finished with '0'
[9.201s] DEBUG:colcon.colcon_core.event_reactor:joining thread
[9.521s] INFO:colcon.colcon_core.plugin_system:Skipping extension 'colcon_notification.desktop_notification.notify_send': Could not find 'notify-send'
[9.521s] INFO:colcon.colcon_core.plugin_system:Skipping extension 'colcon_notification.desktop_notification.terminal_notifier': Not used on non-Darwin systems
[9.522s] INFO:colcon.colcon_core.plugin_system:Skipping extension 'colcon_notification.desktop_notification.win32': Not used on non-Windows systems
[9.522s] INFO:colcon.colcon_notification.desktop_notification:Sending desktop notification using 'notify2'
[9.522s] DEBUG:colcon.colcon_notification.desktop_notification.notify2:Failed to initialize notify2: org.freedesktop.DBus.Error.NotSupported: Unable to autolaunch a dbus-daemon without a $DISPLAY for X11
[9.522s] DEBUG:colcon.colcon_core.event_reactor:joined thread
[9.672s] INFO:colcon.colcon_core.plugin_system:Skipping extension 'colcon_core.shell.bat': Not used on non-Windows systems
[9.672s] INFO:colcon.colcon_core.shell:Creating prefix script '/home/superfunnyshark/ros2_ws/install/local_setup.ps1'
[9.700s] INFO:colcon.colcon_core.shell:Creating prefix util module '/home/superfunnyshark/ros2_ws/install/_local_setup_util_ps1.py'
[9.726s] INFO:colcon.colcon_core.shell:Creating prefix chain script '/home/superfunnyshark/ros2_ws/install/setup.ps1'
[9.751s] INFO:colcon.colcon_core.shell:Creating prefix script '/home/superfunnyshark/ros2_ws/install/local_setup.sh'
[9.777s] INFO:colcon.colcon_core.shell:Creating prefix util module '/home/superfunnyshark/ros2_ws/install/_local_setup_util_sh.py'
[9.779s] INFO:colcon.colcon_core.shell:Creating prefix chain script '/home/superfunnyshark/ros2_ws/install/setup.sh'
[9.797s] INFO:colcon.colcon_core.shell:Creating prefix script '/home/superfunnyshark/ros2_ws/install/local_setup.bash'
[9.818s] INFO:colcon.colcon_core.shell:Creating prefix chain script '/home/superfunnyshark/ros2_ws/install/setup.bash'
[9.831s] INFO:colcon.colcon_core.shell:Creating prefix script '/home/superfunnyshark/ros2_ws/install/local_setup.zsh'
[9.847s] INFO:colcon.colcon_core.shell:Creating prefix chain script '/home/superfunnyshark/ros2_ws/install/setup.zsh'
