[0.036s] Invoking command in '/home/superfunnyshark/ros2_ws/src/my_first_pkg/build/my_first_pkg': CMAKE_PREFIX_PATH=${CMAKE_PREFIX_PATH}:/opt/ros/humble /usr/bin/cmake --build /home/superfunnyshark/ros2_ws/src/my_first_pkg/build/my_first_pkg -- -j8 -l8
[0.207s] Built target ament_cmake_python_symlink_my_first_pkg
[0.579s] running egg_info
[0.579s] writing my_first_pkg.egg-info/PKG-INFO
[0.580s] writing dependency_links to my_first_pkg.egg-info/dependency_links.txt
[0.580s] writing top-level names to my_first_pkg.egg-info/top_level.txt
[0.583s] reading manifest file 'my_first_pkg.egg-info/SOURCES.txt'
[0.584s] writing manifest file 'my_first_pkg.egg-info/SOURCES.txt'
[0.621s] Built target ament_cmake_python_build_my_first_pkg_egg
[0.645s] Invoked command in '/home/superfunnyshark/ros2_ws/src/my_first_pkg/build/my_first_pkg' returned '0': CMAKE_PREFIX_PATH=${CMAKE_PREFIX_PATH}:/opt/ros/humble /usr/bin/cmake --build /home/superfunnyshark/ros2_ws/src/my_first_pkg/build/my_first_pkg -- -j8 -l8
[0.683s] Invoking command in '/home/superfunnyshark/ros2_ws/src/my_first_pkg/build/my_first_pkg': CMAKE_PREFIX_PATH=${CMAKE_PREFIX_PATH}:/opt/ros/humble /usr/bin/cmake --install /home/superfunnyshark/ros2_ws/src/my_first_pkg/build/my_first_pkg
[0.693s] -- Install configuration: ""
[0.693s] -- Execute custom install script
[0.694s] -- Up-to-date symlink: /home/superfunnyshark/ros2_ws/src/my_first_pkg/install/my_first_pkg/share/my_first_pkg/environment/pythonpath.sh
[0.694s] -- Up-to-date symlink: /home/superfunnyshark/ros2_ws/src/my_first_pkg/install/my_first_pkg/share/my_first_pkg/environment/pythonpath.dsv
[0.695s] -- Up-to-date symlink: /home/superfunnyshark/ros2_ws/src/my_first_pkg/install/my_first_pkg/local/lib/python3.10/dist-packages/my_first_pkg-0.0.0-py3.10.egg-info/PKG-INFO
[0.695s] -- Up-to-date symlink: /home/superfunnyshark/ros2_ws/src/my_first_pkg/install/my_first_pkg/local/lib/python3.10/dist-packages/my_first_pkg-0.0.0-py3.10.egg-info/SOURCES.txt
[0.696s] -- Up-to-date symlink: /home/superfunnyshark/ros2_ws/src/my_first_pkg/install/my_first_pkg/local/lib/python3.10/dist-packages/my_first_pkg-0.0.0-py3.10.egg-info/dependency_links.txt
[0.696s] -- Up-to-date symlink: /home/superfunnyshark/ros2_ws/src/my_first_pkg/install/my_first_pkg/local/lib/python3.10/dist-packages/my_first_pkg-0.0.0-py3.10.egg-info/top_level.txt
[0.697s] -- Up-to-date symlink: /home/superfunnyshark/ros2_ws/src/my_first_pkg/install/my_first_pkg/local/lib/python3.10/dist-packages/my_first_pkg/__init__.py
[0.697s] -- Up-to-date symlink: /home/superfunnyshark/ros2_ws/src/my_first_pkg/install/my_first_pkg/lib/my_first_pkg/my_first_node_1.py
[0.697s] -- Up-to-date symlink: /home/superfunnyshark/ros2_ws/src/my_first_pkg/install/my_first_pkg/lib/my_first_pkg/my_function.py
[0.698s] -- Up-to-date symlink: /home/superfunnyshark/ros2_ws/src/my_first_pkg/install/my_first_pkg/lib/my_first_pkg/talker.py
[0.698s] -- Up-to-date symlink: /home/superfunnyshark/ros2_ws/src/my_first_pkg/install/my_first_pkg/lib/my_first_pkg/listener.py
[0.699s] -- Up-to-date symlink: /home/superfunnyshark/ros2_ws/src/my_first_pkg/install/my_first_pkg/share/my_first_pkg//launch/launch_file.xml
[0.699s] -- Up-to-date symlink: /home/superfunnyshark/ros2_ws/src/my_first_pkg/install/my_first_pkg/share/ament_index/resource_index/package_run_dependencies/my_first_pkg
[0.700s] -- Up-to-date symlink: /home/superfunnyshark/ros2_ws/src/my_first_pkg/install/my_first_pkg/share/ament_index/resource_index/parent_prefix_path/my_first_pkg
[0.700s] -- Up-to-date symlink: /home/superfunnyshark/ros2_ws/src/my_first_pkg/install/my_first_pkg/share/my_first_pkg/environment/ament_prefix_path.sh
[0.701s] -- Up-to-date symlink: /home/superfunnyshark/ros2_ws/src/my_first_pkg/install/my_first_pkg/share/my_first_pkg/environment/ament_prefix_path.dsv
[0.701s] -- Up-to-date symlink: /home/superfunnyshark/ros2_ws/src/my_first_pkg/install/my_first_pkg/share/my_first_pkg/environment/path.sh
[0.701s] -- Up-to-date symlink: /home/superfunnyshark/ros2_ws/src/my_first_pkg/install/my_first_pkg/share/my_first_pkg/environment/path.dsv
[0.701s] -- Up-to-date symlink: /home/superfunnyshark/ros2_ws/src/my_first_pkg/install/my_first_pkg/share/my_first_pkg/local_setup.bash
[0.702s] -- Up-to-date symlink: /home/superfunnyshark/ros2_ws/src/my_first_pkg/install/my_first_pkg/share/my_first_pkg/local_setup.sh
[0.702s] -- Up-to-date symlink: /home/superfunnyshark/ros2_ws/src/my_first_pkg/install/my_first_pkg/share/my_first_pkg/local_setup.zsh
[0.702s] -- Up-to-date symlink: /home/superfunnyshark/ros2_ws/src/my_first_pkg/install/my_first_pkg/share/my_first_pkg/local_setup.dsv
[0.703s] -- Symlinking: /home/superfunnyshark/ros2_ws/src/my_first_pkg/install/my_first_pkg/share/my_first_pkg/package.dsv
[0.729s] -- Up-to-date symlink: /home/superfunnyshark/ros2_ws/src/my_first_pkg/install/my_first_pkg/share/ament_index/resource_index/packages/my_first_pkg
[0.729s] -- Up-to-date symlink: /home/superfunnyshark/ros2_ws/src/my_first_pkg/install/my_first_pkg/share/my_first_pkg/cmake/my_first_pkgConfig.cmake
[0.729s] -- Up-to-date symlink: /home/superfunnyshark/ros2_ws/src/my_first_pkg/install/my_first_pkg/share/my_first_pkg/cmake/my_first_pkgConfig-version.cmake
[0.729s] -- Up-to-date symlink: /home/superfunnyshark/ros2_ws/src/my_first_pkg/install/my_first_pkg/share/my_first_pkg/package.xml
[0.780s] Listing '/home/superfunnyshark/ros2_ws/src/my_first_pkg/install/my_first_pkg/local/lib/python3.10/dist-packages/my_first_pkg'...
[0.789s] Invoked command in '/home/superfunnyshark/ros2_ws/src/my_first_pkg/build/my_first_pkg' returned '0': CMAKE_PREFIX_PATH=${CMAKE_PREFIX_PATH}:/opt/ros/humble /usr/bin/cmake --install /home/superfunnyshark/ros2_ws/src/my_first_pkg/build/my_first_pkg
